# JRE version: OpenJDK Runtime Environment (8.0_152-b06) (build 1.8.0_152-release-1136-b06)
# Java VM: OpenJDK 64-Bit Server VM (25.152-b06 mixed mode windows-amd64 compressed oops)
Heap:
 PSYoungGen      total 90112K, used 65132K [0x00000000e0000000, 0x00000000e8b80000, 0x0000000100000000)
  eden space 72704K, 65% used [0x00000000e0000000,0x00000000e2e9e990,0x00000000e4700000)
  from space 17408K, 99% used [0x00000000e4700000,0x00000000e57fc7f0,0x00000000e5800000)
  to   space 23552K, 0% used [0x00000000e7480000,0x00000000e7480000,0x00000000e8b80000)
 ParOldGen       total 124416K, used 27789K [0x00000000a0000000, 0x00000000a7980000, 0x00000000e0000000)
  object space 124416K, 22% used [0x00000000a0000000,0x00000000a1b236f0,0x00000000a7980000)
 Metaspace       used 54473K, capacity 55554K, committed 55808K, reserved 1097728K
  class space    used 6619K, capacity 6898K, committed 6912K, reserved 1048576K
GC Heap History (10 events):
Event: 11.500 GC heap before
{Heap before GC invocations=8 (full 2):
 PSYoungGen      total 54784K, used 25944K [0x00000000e0000000, 0x00000000e4580000, 0x0000000100000000)
  eden space 49664K, 41% used [0x00000000e0000000,0x00000000e1459608,0x00000000e3080000)
  from space 5120K, 99% used [0x00000000e4000000,0x00000000e44fcb38,0x00000000e4500000)
  to   space 512K, 0% used [0x00000000e4500000,0x00000000e4500000,0x00000000e4580000)
 ParOldGen       total 74752K, used 21719K [0x00000000a0000000, 0x00000000a4900000, 0x00000000e0000000)
  object space 74752K, 29% used [0x00000000a0000000,0x00000000a1535ce8,0x00000000a4900000)
 Metaspace       used 34589K, capacity 35127K, committed 35496K, reserved 1081344K
  class space    used 4335K, capacity 4486K, committed 4608K, reserved 1048576K
Event: 11.518 GC heap after
Heap after GC invocations=8 (full 2):
 PSYoungGen      total 55808K, used 510K [0x00000000e0000000, 0x00000000e5d00000, 0x0000000100000000)
  eden space 55296K, 0% used [0x00000000e0000000,0x00000000e0000000,0x00000000e3600000)
  from space 512K, 99% used [0x00000000e4500000,0x00000000e457fb18,0x00000000e4580000)
  to   space 15360K, 0% used [0x00000000e3600000,0x00000000e3600000,0x00000000e4500000)
 ParOldGen       total 74752K, used 31278K [0x00000000a0000000, 0x00000000a4900000, 0x00000000e0000000)
  object space 74752K, 41% used [0x00000000a0000000,0x00000000a1e8b968,0x00000000a4900000)
 Metaspace       used 34589K, capacity 35127K, committed 35496K, reserved 1081344K
  class space    used 4335K, capacity 4486K, committed 4608K, reserved 1048576K
}
Event: 11.518 GC heap before
{Heap before GC invocations=9 (full 3):
 PSYoungGen      total 55808K, used 510K [0x00000000e0000000, 0x00000000e5d00000, 0x0000000100000000)
  eden space 55296K, 0% used [0x00000000e0000000,0x00000000e0000000,0x00000000e3600000)
  from space 512K, 99% used [0x00000000e4500000,0x00000000e457fb18,0x00000000e4580000)
  to   space 15360K, 0% used [0x00000000e3600000,0x00000000e3600000,0x00000000e4500000)
 ParOldGen       total 74752K, used 31278K [0x00000000a0000000, 0x00000000a4900000, 0x00000000e0000000)
  object space 74752K, 41% used [0x00000000a0000000,0x00000000a1e8b968,0x00000000a4900000)
 Metaspace       used 34589K, capacity 35127K, committed 35496K, reserved 1081344K
  class space    used 4335K, capacity 4486K, committed 4608K, reserved 1048576K
Event: 11.678 GC heap after
Heap after GC invocations=9 (full 3):
 PSYoungGen      total 55808K, used 0K [0x00000000e0000000, 0x00000000e5d00000, 0x0000000100000000)
  eden space 55296K, 0% used [0x00000000e0000000,0x00000000e0000000,0x00000000e3600000)
  from space 512K, 0% used [0x00000000e4500000,0x00000000e4500000,0x00000000e4580000)
  to   space 15360K, 0% used [0x00000000e3600000,0x00000000e3600000,0x00000000e4500000)
 ParOldGen       total 124416K, used 18026K [0x00000000a0000000, 0x00000000a7980000, 0x00000000e0000000)
  object space 124416K, 14% used [0x00000000a0000000,0x00000000a119a9c0,0x00000000a7980000)
 Metaspace       used 34589K, capacity 35127K, committed 35496K, reserved 1081344K
  class space    used 4335K, capacity 4486K, committed 4608K, reserved 1048576K
}
Event: 12.813 GC heap before
{Heap before GC invocations=10 (full 3):
 PSYoungGen      total 55808K, used 55296K [0x00000000e0000000, 0x00000000e5d00000, 0x0000000100000000)
  eden space 55296K, 100% used [0x00000000e0000000,0x00000000e3600000,0x00000000e3600000)
  from space 512K, 0% used [0x00000000e4500000,0x00000000e4500000,0x00000000e4580000)
  to   space 15360K, 0% used [0x00000000e3600000,0x00000000e3600000,0x00000000e4500000)
 ParOldGen       total 124416K, used 18026K [0x00000000a0000000, 0x00000000a7980000, 0x00000000e0000000)
  object space 124416K, 14% used [0x00000000a0000000,0x00000000a119a9c0,0x00000000a7980000)
 Metaspace       used 39566K, capacity 40224K, committed 40704K, reserved 1085440K
  class space    used 4929K, capacity 5097K, committed 5120K, reserved 1048576K
Event: 12.827 GC heap after
Heap after GC invocations=10 (full 3):
 PSYoungGen      total 70656K, used 11316K [0x00000000e0000000, 0x00000000e6780000, 0x0000000100000000)
  eden space 55296K, 0% used [0x00000000e0000000,0x00000000e0000000,0x00000000e3600000)
  from space 15360K, 73% used [0x00000000e3600000,0x00000000e410d138,0x00000000e4500000)
  to   space 15872K, 0% used [0x00000000e5800000,0x00000000e5800000,0x00000000e6780000)
 ParOldGen       total 124416K, used 18034K [0x00000000a0000000, 0x00000000a7980000, 0x00000000e0000000)
  object space 124416K, 14% used [0x00000000a0000000,0x00000000a119c9c0,0x00000000a7980000)
 Metaspace       used 39566K, capacity 40224K, committed 40704K, reserved 1085440K
  class space    used 4929K, capacity 5097K, committed 5120K, reserved 1048576K
}
Event: 13.986 GC heap before
{Heap before GC invocations=11 (full 3):
 PSYoungGen      total 70656K, used 66602K [0x00000000e0000000, 0x00000000e6780000, 0x0000000100000000)
  eden space 55296K, 99% used [0x00000000e0000000,0x00000000e35fd810,0x00000000e3600000)
  from space 15360K, 73% used [0x00000000e3600000,0x00000000e410d138,0x00000000e4500000)
  to   space 15872K, 0% used [0x00000000e5800000,0x00000000e5800000,0x00000000e6780000)
 ParOldGen       total 124416K, used 18034K [0x00000000a0000000, 0x00000000a7980000, 0x00000000e0000000)
  object space 124416K, 14% used [0x00000000a0000000,0x00000000a119c9c0,0x00000000a7980000)
 Metaspace       used 42693K, capacity 43436K, committed 43904K, reserved 1087488K
  class space    used 5256K, capacity 5449K, committed 5504K, reserved 1048576K
Event: 14.004 GC heap after
Heap after GC invocations=11 (full 3):
 PSYoungGen      total 88576K, used 14794K [0x00000000e0000000, 0x00000000e6a00000, 0x0000000100000000)
  eden space 72704K, 0% used [0x00000000e0000000,0x00000000e0000000,0x00000000e4700000)
  from space 15872K, 93% used [0x00000000e5800000,0x00000000e66728b0,0x00000000e6780000)
  to   space 17408K, 0% used [0x00000000e4700000,0x00000000e4700000,0x00000000e5800000)
 ParOldGen       total 124416K, used 18042K [0x00000000a0000000, 0x00000000a7980000, 0x00000000e0000000)
  object space 124416K, 14% used [0x00000000a0000000,0x00000000a119e9c0,0x00000000a7980000)
 Metaspace       used 42693K, capacity 43436K, committed 43904K, reserved 1087488K
  class space    used 5256K, capacity 5449K, committed 5504K, reserved 1048576K
}
Event: 16.041 GC heap before
{Heap before GC invocations=12 (full 3):
 PSYoungGen      total 88576K, used 87498K [0x00000000e0000000, 0x00000000e6a00000, 0x0000000100000000)
  eden space 72704K, 100% used [0x00000000e0000000,0x00000000e4700000,0x00000000e4700000)
  from space 15872K, 93% used [0x00000000e5800000,0x00000000e66728b0,0x00000000e6780000)
  to   space 17408K, 0% used [0x00000000e4700000,0x00000000e4700000,0x00000000e5800000)
 ParOldGen       total 124416K, used 18042K [0x00000000a0000000, 0x00000000a7980000, 0x00000000e0000000)
  object space 124416K, 14% used [0x00000000a0000000,0x00000000a119e9c0,0x00000000a7980000)
 Metaspace       used 50277K, capacity 51256K, committed 51584K, reserved 1093632K
  class space    used 6212K, capacity 6469K, committed 6528K, reserved 1048576K
Event: 16.064 GC heap after
Heap after GC invocations=12 (full 3):
 PSYoungGen      total 90112K, used 17393K [0x00000000e0000000, 0x00000000e8b80000, 0x0000000100000000)
  eden space 72704K, 0% used [0x00000000e0000000,0x00000000e0000000,0x00000000e4700000)
  from space 17408K, 99% used [0x00000000e4700000,0x00000000e57fc7f0,0x00000000e5800000)
  to   space 23552K, 0% used [0x00000000e7480000,0x00000000e7480000,0x00000000e8b80000)
 ParOldGen       total 124416K, used 27789K [0x00000000a0000000, 0x00000000a7980000, 0x00000000e0000000)
  object space 124416K, 22% used [0x00000000a0000000,0x00000000a1b236f0,0x00000000a7980000)
 Metaspace       used 50277K, capacity 51256K, committed 51584K, reserved 1093632K
  class space    used 6212K, capacity 6469K, committed 6528K, reserved 1048576K
}

