# JRE version: OpenJDK Runtime Environment (8.0_152-b06) (build 1.8.0_152-release-1136-b06)
# Java VM: OpenJDK 64-Bit Server VM (25.152-b06 mixed mode windows-amd64 compressed oops)
Heap:
 PSYoungGen      total 77824K, used 60508K [0x00000000e0000000, 0x00000000e5c80000, 0x0000000100000000)
  eden space 63488K, 75% used [0x00000000e0000000,0x00000000e2ef08c8,0x00000000e3e00000)
  from space 14336K, 86% used [0x00000000e4d00000,0x00000000e5926a50,0x00000000e5b00000)
  to   space 15360K, 0% used [0x00000000e3e00000,0x00000000e3e00000,0x00000000e4d00000)
 ParOldGen       total 79872K, used 17919K [0x00000000a0000000, 0x00000000a4e00000, 0x00000000e0000000)
  object space 79872K, 22% used [0x00000000a0000000,0x00000000a117fec8,0x00000000a4e00000)
 Metaspace       used 46342K, capacity 47216K, committed 47616K, reserved 1091584K
  class space    used 5793K, capacity 6037K, committed 6144K, reserved 1048576K
GC Heap History (10 events):
Event: 13.708 GC heap before
{Heap before GC invocations=7 (full 2):
 PSYoungGen      total 37888K, used 37881K [0x00000000e0000000, 0x00000000e3e80000, 0x0000000100000000)
  eden space 32768K, 100% used [0x00000000e0000000,0x00000000e2000000,0x00000000e2000000)
  from space 5120K, 99% used [0x00000000e2500000,0x00000000e29fe798,0x00000000e2a00000)
  to   space 5120K, 0% used [0x00000000e2000000,0x00000000e2000000,0x00000000e2500000)
 ParOldGen       total 50688K, used 13357K [0x00000000a0000000, 0x00000000a3180000, 0x00000000e0000000)
  object space 50688K, 26% used [0x00000000a0000000,0x00000000a0d0b7a8,0x00000000a3180000)
 Metaspace       used 30712K, capacity 31290K, committed 31744K, reserved 1077248K
  class space    used 3863K, capacity 4029K, committed 4096K, reserved 1048576K
Event: 13.728 GC heap after
Heap after GC invocations=7 (full 2):
 PSYoungGen      total 37888K, used 5106K [0x00000000e0000000, 0x00000000e4080000, 0x0000000100000000)
  eden space 32768K, 0% used [0x00000000e0000000,0x00000000e0000000,0x00000000e2000000)
  from space 5120K, 99% used [0x00000000e2000000,0x00000000e24fcb38,0x00000000e2500000)
  to   space 5120K, 0% used [0x00000000e3b80000,0x00000000e3b80000,0x00000000e4080000)
 ParOldGen       total 50688K, used 20434K [0x00000000a0000000, 0x00000000a3180000, 0x00000000e0000000)
  object space 50688K, 40% used [0x00000000a0000000,0x00000000a13f4a68,0x00000000a3180000)
 Metaspace       used 30712K, capacity 31290K, committed 31744K, reserved 1077248K
  class space    used 3863K, capacity 4029K, committed 4096K, reserved 1048576K
}
Event: 14.328 GC heap before
{Heap before GC invocations=8 (full 2):
 PSYoungGen      total 37888K, used 27580K [0x00000000e0000000, 0x00000000e4080000, 0x0000000100000000)
  eden space 32768K, 68% used [0x00000000e0000000,0x00000000e15f2850,0x00000000e2000000)
  from space 5120K, 99% used [0x00000000e2000000,0x00000000e24fcb38,0x00000000e2500000)
  to   space 5120K, 0% used [0x00000000e3b80000,0x00000000e3b80000,0x00000000e4080000)
 ParOldGen       total 50688K, used 20434K [0x00000000a0000000, 0x00000000a3180000, 0x00000000e0000000)
  object space 50688K, 40% used [0x00000000a0000000,0x00000000a13f4a68,0x00000000a3180000)
 Metaspace       used 34498K, capacity 35076K, committed 35496K, reserved 1081344K
  class space    used 4345K, capacity 4516K, committed 4608K, reserved 1048576K
Event: 14.342 GC heap after
Heap after GC invocations=8 (full 2):
 PSYoungGen      total 51200K, used 5115K [0x00000000e0000000, 0x00000000e5580000, 0x0000000100000000)
  eden space 46080K, 0% used [0x00000000e0000000,0x00000000e0000000,0x00000000e2d00000)
  from space 5120K, 99% used [0x00000000e3b80000,0x00000000e407efe8,0x00000000e4080000)
  to   space 14848K, 0% used [0x00000000e2d00000,0x00000000e2d00000,0x00000000e3b80000)
 ParOldGen       total 50688K, used 26014K [0x00000000a0000000, 0x00000000a3180000, 0x00000000e0000000)
  object space 50688K, 51% used [0x00000000a0000000,0x00000000a19679b8,0x00000000a3180000)
 Metaspace       used 34498K, capacity 35076K, committed 35496K, reserved 1081344K
  class space    used 4345K, capacity 4516K, committed 4608K, reserved 1048576K
}
Event: 14.342 GC heap before
{Heap before GC invocations=9 (full 3):
 PSYoungGen      total 51200K, used 5115K [0x00000000e0000000, 0x00000000e5580000, 0x0000000100000000)
  eden space 46080K, 0% used [0x00000000e0000000,0x00000000e0000000,0x00000000e2d00000)
  from space 5120K, 99% used [0x00000000e3b80000,0x00000000e407efe8,0x00000000e4080000)
  to   space 14848K, 0% used [0x00000000e2d00000,0x00000000e2d00000,0x00000000e3b80000)
 ParOldGen       total 50688K, used 26014K [0x00000000a0000000, 0x00000000a3180000, 0x00000000e0000000)
  object space 50688K, 51% used [0x00000000a0000000,0x00000000a19679b8,0x00000000a3180000)
 Metaspace       used 34498K, capacity 35076K, committed 35496K, reserved 1081344K
  class space    used 4345K, capacity 4516K, committed 4608K, reserved 1048576K
Event: 14.452 GC heap after
Heap after GC invocations=9 (full 3):
 PSYoungGen      total 51200K, used 0K [0x00000000e0000000, 0x00000000e5580000, 0x0000000100000000)
  eden space 46080K, 0% used [0x00000000e0000000,0x00000000e0000000,0x00000000e2d00000)
  from space 5120K, 0% used [0x00000000e3b80000,0x00000000e3b80000,0x00000000e4080000)
  to   space 14848K, 0% used [0x00000000e2d00000,0x00000000e2d00000,0x00000000e3b80000)
 ParOldGen       total 79872K, used 17903K [0x00000000a0000000, 0x00000000a4e00000, 0x00000000e0000000)
  object space 79872K, 22% used [0x00000000a0000000,0x00000000a117bec8,0x00000000a4e00000)
 Metaspace       used 34498K, capacity 35076K, committed 35496K, reserved 1081344K
  class space    used 4345K, capacity 4516K, committed 4608K, reserved 1048576K
}
Event: 15.337 GC heap before
{Heap before GC invocations=10 (full 3):
 PSYoungGen      total 51200K, used 46080K [0x00000000e0000000, 0x00000000e5580000, 0x0000000100000000)
  eden space 46080K, 100% used [0x00000000e0000000,0x00000000e2d00000,0x00000000e2d00000)
  from space 5120K, 0% used [0x00000000e3b80000,0x00000000e3b80000,0x00000000e4080000)
  to   space 14848K, 0% used [0x00000000e2d00000,0x00000000e2d00000,0x00000000e3b80000)
 ParOldGen       total 79872K, used 17903K [0x00000000a0000000, 0x00000000a4e00000, 0x00000000e0000000)
  object space 79872K, 22% used [0x00000000a0000000,0x00000000a117bec8,0x00000000a4e00000)
 Metaspace       used 38313K, capacity 38987K, committed 39552K, reserved 1083392K
  class space    used 4790K, capacity 4954K, committed 4992K, reserved 1048576K
Event: 15.352 GC heap after
Heap after GC invocations=10 (full 3):
 PSYoungGen      total 60928K, used 8984K [0x00000000e0000000, 0x00000000e5b00000, 0x0000000100000000)
  eden space 46080K, 0% used [0x00000000e0000000,0x00000000e0000000,0x00000000e2d00000)
  from space 14848K, 60% used [0x00000000e2d00000,0x00000000e35c6270,0x00000000e3b80000)
  to   space 14336K, 0% used [0x00000000e4d00000,0x00000000e4d00000,0x00000000e5b00000)
 ParOldGen       total 79872K, used 17911K [0x00000000a0000000, 0x00000000a4e00000, 0x00000000e0000000)
  object space 79872K, 22% used [0x00000000a0000000,0x00000000a117dec8,0x00000000a4e00000)
 Metaspace       used 38313K, capacity 38987K, committed 39552K, reserved 1083392K
  class space    used 4790K, capacity 4954K, committed 4992K, reserved 1048576K
}
Event: 16.914 GC heap before
{Heap before GC invocations=11 (full 3):
 PSYoungGen      total 60928K, used 55064K [0x00000000e0000000, 0x00000000e5b00000, 0x0000000100000000)
  eden space 46080K, 100% used [0x00000000e0000000,0x00000000e2d00000,0x00000000e2d00000)
  from space 14848K, 60% used [0x00000000e2d00000,0x00000000e35c6270,0x00000000e3b80000)
  to   space 14336K, 0% used [0x00000000e4d00000,0x00000000e4d00000,0x00000000e5b00000)
 ParOldGen       total 79872K, used 17911K [0x00000000a0000000, 0x00000000a4e00000, 0x00000000e0000000)
  object space 79872K, 22% used [0x00000000a0000000,0x00000000a117dec8,0x00000000a4e00000)
 Metaspace       used 41010K, capacity 41748K, committed 42112K, reserved 1085440K
  class space    used 5025K, capacity 5175K, committed 5248K, reserved 1048576K
Event: 16.933 GC heap after
Heap after GC invocations=11 (full 3):
 PSYoungGen      total 77824K, used 12442K [0x00000000e0000000, 0x00000000e5c80000, 0x0000000100000000)
  eden space 63488K, 0% used [0x00000000e0000000,0x00000000e0000000,0x00000000e3e00000)
  from space 14336K, 86% used [0x00000000e4d00000,0x00000000e5926a50,0x00000000e5b00000)
  to   space 15360K, 0% used [0x00000000e3e00000,0x00000000e3e00000,0x00000000e4d00000)
 ParOldGen       total 79872K, used 17919K [0x00000000a0000000, 0x00000000a4e00000, 0x00000000e0000000)
  object space 79872K, 22% used [0x00000000a0000000,0x00000000a117fec8,0x00000000a4e00000)
 Metaspace       used 41010K, capacity 41748K, committed 42112K, reserved 1085440K
  class space    used 5025K, capacity 5175K, committed 5248K, reserved 1048576K
}

