# JRE version: OpenJDK Runtime Environment (8.0_152-b06) (build 1.8.0_152-release-1136-b06)
# Java VM: OpenJDK 64-Bit Server VM (25.152-b06 mixed mode windows-amd64 compressed oops)
Heap:
 PSYoungGen      total 136192K, used 50412K [0x00000000d6180000, 0x00000000e0c80000, 0x0000000100000000)
  eden space 131072K, 38% used [0x00000000d6180000,0x00000000d92bb1b0,0x00000000de180000)
  from space 5120K, 0% used [0x00000000de180000,0x00000000de180000,0x00000000de680000)
  to   space 18944K, 0% used [0x00000000dfa00000,0x00000000dfa00000,0x00000000e0c80000)
 ParOldGen       total 121856K, used 23284K [0x0000000082400000, 0x0000000089b00000, 0x00000000d6180000)
  object space 121856K, 19% used [0x0000000082400000,0x0000000083abd318,0x0000000089b00000)
 Metaspace       used 38244K, capacity 38902K, committed 39208K, reserved 1083392K
  class space    used 4722K, capacity 4892K, committed 4912K, reserved 1048576K
GC Heap History (10 events):
Event: 1.286 GC heap before
{Heap before GC invocations=3 (full 0):
 PSYoungGen      total 70656K, used 21249K [0x00000000d6180000, 0x00000000dab80000, 0x0000000100000000)
  eden space 65536K, 24% used [0x00000000d6180000,0x00000000d71443e0,0x00000000da180000)
  from space 5120K, 99% used [0x00000000da680000,0x00000000dab7c020,0x00000000dab80000)
  to   space 5120K, 0% used [0x00000000da180000,0x00000000da180000,0x00000000da680000)
 ParOldGen       total 86016K, used 8111K [0x0000000082400000, 0x0000000087800000, 0x00000000d6180000)
  object space 86016K, 9% used [0x0000000082400000,0x0000000082bebde8,0x0000000087800000)
 Metaspace       used 20755K, capacity 21124K, committed 21296K, reserved 1067008K
  class space    used 2662K, capacity 2818K, committed 2864K, reserved 1048576K
Event: 1.292 GC heap after
Heap after GC invocations=3 (full 0):
 PSYoungGen      total 70656K, used 5092K [0x00000000d6180000, 0x00000000deb80000, 0x0000000100000000)
  eden space 65536K, 0% used [0x00000000d6180000,0x00000000d6180000,0x00000000da180000)
  from space 5120K, 99% used [0x00000000da180000,0x00000000da679040,0x00000000da680000)
  to   space 5120K, 0% used [0x00000000de680000,0x00000000de680000,0x00000000deb80000)
 ParOldGen       total 86016K, used 11670K [0x0000000082400000, 0x0000000087800000, 0x00000000d6180000)
  object space 86016K, 13% used [0x0000000082400000,0x0000000082f65b78,0x0000000087800000)
 Metaspace       used 20755K, capacity 21124K, committed 21296K, reserved 1067008K
  class space    used 2662K, capacity 2818K, committed 2864K, reserved 1048576K
}
Event: 1.292 GC heap before
{Heap before GC invocations=4 (full 1):
 PSYoungGen      total 70656K, used 5092K [0x00000000d6180000, 0x00000000deb80000, 0x0000000100000000)
  eden space 65536K, 0% used [0x00000000d6180000,0x00000000d6180000,0x00000000da180000)
  from space 5120K, 99% used [0x00000000da180000,0x00000000da679040,0x00000000da680000)
  to   space 5120K, 0% used [0x00000000de680000,0x00000000de680000,0x00000000deb80000)
 ParOldGen       total 86016K, used 11670K [0x0000000082400000, 0x0000000087800000, 0x00000000d6180000)
  object space 86016K, 13% used [0x0000000082400000,0x0000000082f65b78,0x0000000087800000)
 Metaspace       used 20755K, capacity 21124K, committed 21296K, reserved 1067008K
  class space    used 2662K, capacity 2818K, committed 2864K, reserved 1048576K
Event: 1.319 GC heap after
Heap after GC invocations=4 (full 1):
 PSYoungGen      total 70656K, used 0K [0x00000000d6180000, 0x00000000deb80000, 0x0000000100000000)
  eden space 65536K, 0% used [0x00000000d6180000,0x00000000d6180000,0x00000000da180000)
  from space 5120K, 0% used [0x00000000da180000,0x00000000da180000,0x00000000da680000)
  to   space 5120K, 0% used [0x00000000de680000,0x00000000de680000,0x00000000deb80000)
 ParOldGen       total 65024K, used 8664K [0x0000000082400000, 0x0000000086380000, 0x00000000d6180000)
  object space 65024K, 13% used [0x0000000082400000,0x0000000082c76090,0x0000000086380000)
 Metaspace       used 20755K, capacity 21124K, committed 21296K, reserved 1067008K
  class space    used 2662K, capacity 2818K, committed 2864K, reserved 1048576K
}
Event: 2.161 GC heap before
{Heap before GC invocations=5 (full 1):
 PSYoungGen      total 70656K, used 65536K [0x00000000d6180000, 0x00000000deb80000, 0x0000000100000000)
  eden space 65536K, 100% used [0x00000000d6180000,0x00000000da180000,0x00000000da180000)
  from space 5120K, 0% used [0x00000000da180000,0x00000000da180000,0x00000000da680000)
  to   space 5120K, 0% used [0x00000000de680000,0x00000000de680000,0x00000000deb80000)
 ParOldGen       total 65024K, used 8664K [0x0000000082400000, 0x0000000086380000, 0x00000000d6180000)
  object space 65024K, 13% used [0x0000000082400000,0x0000000082c76090,0x0000000086380000)
 Metaspace       used 29431K, capacity 29844K, committed 30256K, reserved 1075200K
  class space    used 3726K, capacity 3830K, committed 3888K, reserved 1048576K
Event: 2.172 GC heap after
Heap after GC invocations=5 (full 1):
 PSYoungGen      total 99840K, used 5118K [0x00000000d6180000, 0x00000000deb80000, 0x0000000100000000)
  eden space 94720K, 0% used [0x00000000d6180000,0x00000000d6180000,0x00000000dbe00000)
  from space 5120K, 99% used [0x00000000de680000,0x00000000deb7fb18,0x00000000deb80000)
  to   space 5120K, 0% used [0x00000000de180000,0x00000000de180000,0x00000000de680000)
 ParOldGen       total 65024K, used 20197K [0x0000000082400000, 0x0000000086380000, 0x00000000d6180000)
  object space 65024K, 31% used [0x0000000082400000,0x00000000837b9698,0x0000000086380000)
 Metaspace       used 29431K, capacity 29844K, committed 30256K, reserved 1075200K
  class space    used 3726K, capacity 3830K, committed 3888K, reserved 1048576K
}
Event: 2.728 GC heap before
{Heap before GC invocations=6 (full 1):
 PSYoungGen      total 99840K, used 58292K [0x00000000d6180000, 0x00000000deb80000, 0x0000000100000000)
  eden space 94720K, 56% used [0x00000000d6180000,0x00000000d956d660,0x00000000dbe00000)
  from space 5120K, 99% used [0x00000000de680000,0x00000000deb7fb18,0x00000000deb80000)
  to   space 5120K, 0% used [0x00000000de180000,0x00000000de180000,0x00000000de680000)
 ParOldGen       total 65024K, used 20197K [0x0000000082400000, 0x0000000086380000, 0x00000000d6180000)
  object space 65024K, 31% used [0x0000000082400000,0x00000000837b9698,0x0000000086380000)
 Metaspace       used 34620K, capacity 35114K, committed 35496K, reserved 1081344K
  class space    used 4365K, capacity 4505K, committed 4528K, reserved 1048576K
Event: 2.738 GC heap after
Heap after GC invocations=6 (full 1):
 PSYoungGen      total 136192K, used 5118K [0x00000000d6180000, 0x00000000e0c80000, 0x0000000100000000)
  eden space 131072K, 0% used [0x00000000d6180000,0x00000000d6180000,0x00000000de180000)
  from space 5120K, 99% used [0x00000000de180000,0x00000000de67fb18,0x00000000de680000)
  to   space 18944K, 0% used [0x00000000dfa00000,0x00000000dfa00000,0x00000000e0c80000)
 ParOldGen       total 65024K, used 31136K [0x0000000082400000, 0x0000000086380000, 0x00000000d6180000)
  object space 65024K, 47% used [0x0000000082400000,0x0000000084268138,0x0000000086380000)
 Metaspace       used 34620K, capacity 35114K, committed 35496K, reserved 1081344K
  class space    used 4365K, capacity 4505K, committed 4528K, reserved 1048576K
}
Event: 2.738 GC heap before
{Heap before GC invocations=7 (full 2):
 PSYoungGen      total 136192K, used 5118K [0x00000000d6180000, 0x00000000e0c80000, 0x0000000100000000)
  eden space 131072K, 0% used [0x00000000d6180000,0x00000000d6180000,0x00000000de180000)
  from space 5120K, 99% used [0x00000000de180000,0x00000000de67fb18,0x00000000de680000)
  to   space 18944K, 0% used [0x00000000dfa00000,0x00000000dfa00000,0x00000000e0c80000)
 ParOldGen       total 65024K, used 31136K [0x0000000082400000, 0x0000000086380000, 0x00000000d6180000)
  object space 65024K, 47% used [0x0000000082400000,0x0000000084268138,0x0000000086380000)
 Metaspace       used 34620K, capacity 35114K, committed 35496K, reserved 1081344K
  class space    used 4365K, capacity 4505K, committed 4528K, reserved 1048576K
Event: 2.804 GC heap after
Heap after GC invocations=7 (full 2):
 PSYoungGen      total 136192K, used 0K [0x00000000d6180000, 0x00000000e0c80000, 0x0000000100000000)
  eden space 131072K, 0% used [0x00000000d6180000,0x00000000d6180000,0x00000000de180000)
  from space 5120K, 0% used [0x00000000de180000,0x00000000de180000,0x00000000de680000)
  to   space 18944K, 0% used [0x00000000dfa00000,0x00000000dfa00000,0x00000000e0c80000)
 ParOldGen       total 121856K, used 23284K [0x0000000082400000, 0x0000000089b00000, 0x00000000d6180000)
  object space 121856K, 19% used [0x0000000082400000,0x0000000083abd318,0x0000000089b00000)
 Metaspace       used 34620K, capacity 35114K, committed 35496K, reserved 1081344K
  class space    used 4365K, capacity 4505K, committed 4528K, reserved 1048576K
}

