# JRE version: OpenJDK Runtime Environment (8.0_152-b06) (build 1.8.0_152-release-1136-b06)
# Java VM: OpenJDK 64-Bit Server VM (25.152-b06 mixed mode windows-amd64 compressed oops)
Heap:
 PSYoungGen      total 57856K, used 46169K [0x00000000e0000000, 0x00000000e5700000, 0x0000000100000000)
  eden space 43008K, 87% used [0x00000000e0000000,0x00000000e24b80e0,0x00000000e2a00000)
  from space 14848K, 57% used [0x00000000e2a00000,0x00000000e325e718,0x00000000e3880000)
  to   space 14336K, 0% used [0x00000000e4900000,0x00000000e4900000,0x00000000e5700000)
 ParOldGen       total 66048K, used 18129K [0x00000000a0000000, 0x00000000a4080000, 0x00000000e0000000)
  object space 66048K, 27% used [0x00000000a0000000,0x00000000a11b45f8,0x00000000a4080000)
 Metaspace       used 40312K, capacity 40945K, committed 41256K, reserved 1085440K
  class space    used 4974K, capacity 5135K, committed 5168K, reserved 1048576K
GC Heap History (10 events):
Event: 4.749 GC heap before
{Heap before GC invocations=6 (full 2):
 PSYoungGen      total 37888K, used 32768K [0x00000000e0000000, 0x00000000e2a00000, 0x0000000100000000)
  eden space 32768K, 100% used [0x00000000e0000000,0x00000000e2000000,0x00000000e2000000)
  from space 5120K, 0% used [0x00000000e2000000,0x00000000e2000000,0x00000000e2500000)
  to   space 5120K, 0% used [0x00000000e2500000,0x00000000e2500000,0x00000000e2a00000)
 ParOldGen       total 66048K, used 11349K [0x00000000a0000000, 0x00000000a4080000, 0x00000000e0000000)
  object space 66048K, 17% used [0x00000000a0000000,0x00000000a0b154c0,0x00000000a4080000)
 Metaspace       used 25609K, capacity 26182K, committed 26544K, reserved 1073152K
  class space    used 3264K, capacity 3443K, committed 3504K, reserved 1048576K
Event: 4.755 GC heap after
Heap after GC invocations=6 (full 2):
 PSYoungGen      total 37888K, used 5115K [0x00000000e0000000, 0x00000000e3c80000, 0x0000000100000000)
  eden space 32768K, 0% used [0x00000000e0000000,0x00000000e0000000,0x00000000e2000000)
  from space 5120K, 99% used [0x00000000e2500000,0x00000000e29fec28,0x00000000e2a00000)
  to   space 5120K, 0% used [0x00000000e2000000,0x00000000e2000000,0x00000000e2500000)
 ParOldGen       total 66048K, used 13361K [0x00000000a0000000, 0x00000000a4080000, 0x00000000e0000000)
  object space 66048K, 20% used [0x00000000a0000000,0x00000000a0d0c628,0x00000000a4080000)
 Metaspace       used 25609K, capacity 26182K, committed 26544K, reserved 1073152K
  class space    used 3264K, capacity 3443K, committed 3504K, reserved 1048576K
}
Event: 5.160 GC heap before
{Heap before GC invocations=7 (full 2):
 PSYoungGen      total 37888K, used 37872K [0x00000000e0000000, 0x00000000e3c80000, 0x0000000100000000)
  eden space 32768K, 99% used [0x00000000e0000000,0x00000000e1ffd630,0x00000000e2000000)
  from space 5120K, 99% used [0x00000000e2500000,0x00000000e29fec28,0x00000000e2a00000)
  to   space 5120K, 0% used [0x00000000e2000000,0x00000000e2000000,0x00000000e2500000)
 ParOldGen       total 66048K, used 13361K [0x00000000a0000000, 0x00000000a4080000, 0x00000000e0000000)
  object space 66048K, 20% used [0x00000000a0000000,0x00000000a0d0c628,0x00000000a4080000)
 Metaspace       used 30663K, capacity 31208K, committed 31536K, reserved 1077248K
  class space    used 3856K, capacity 4026K, committed 4144K, reserved 1048576K
Event: 5.168 GC heap after
Heap after GC invocations=7 (full 2):
 PSYoungGen      total 37888K, used 5113K [0x00000000e0000000, 0x00000000e3d80000, 0x0000000100000000)
  eden space 32768K, 0% used [0x00000000e0000000,0x00000000e0000000,0x00000000e2000000)
  from space 5120K, 99% used [0x00000000e2000000,0x00000000e24fe530,0x00000000e2500000)
  to   space 5120K, 0% used [0x00000000e3880000,0x00000000e3880000,0x00000000e3d80000)
 ParOldGen       total 66048K, used 20573K [0x00000000a0000000, 0x00000000a4080000, 0x00000000e0000000)
  object space 66048K, 31% used [0x00000000a0000000,0x00000000a14174e0,0x00000000a4080000)
 Metaspace       used 30663K, capacity 31208K, committed 31536K, reserved 1077248K
  class space    used 3856K, capacity 4026K, committed 4144K, reserved 1048576K
}
Event: 5.460 GC heap before
{Heap before GC invocations=8 (full 2):
 PSYoungGen      total 37888K, used 27943K [0x00000000e0000000, 0x00000000e3d80000, 0x0000000100000000)
  eden space 32768K, 69% used [0x00000000e0000000,0x00000000e164b7c0,0x00000000e2000000)
  from space 5120K, 99% used [0x00000000e2000000,0x00000000e24fe530,0x00000000e2500000)
  to   space 5120K, 0% used [0x00000000e3880000,0x00000000e3880000,0x00000000e3d80000)
 ParOldGen       total 66048K, used 20573K [0x00000000a0000000, 0x00000000a4080000, 0x00000000e0000000)
  object space 66048K, 31% used [0x00000000a0000000,0x00000000a14174e0,0x00000000a4080000)
 Metaspace       used 34671K, capacity 35186K, committed 35496K, reserved 1081344K
  class space    used 4368K, capacity 4513K, committed 4528K, reserved 1048576K
Event: 5.467 GC heap after
Heap after GC invocations=8 (full 2):
 PSYoungGen      total 48128K, used 5118K [0x00000000e0000000, 0x00000000e5200000, 0x0000000100000000)
  eden space 43008K, 0% used [0x00000000e0000000,0x00000000e0000000,0x00000000e2a00000)
  from space 5120K, 99% used [0x00000000e3880000,0x00000000e3d7fb18,0x00000000e3d80000)
  to   space 14848K, 0% used [0x00000000e2a00000,0x00000000e2a00000,0x00000000e3880000)
 ParOldGen       total 66048K, used 26414K [0x00000000a0000000, 0x00000000a4080000, 0x00000000e0000000)
  object space 66048K, 39% used [0x00000000a0000000,0x00000000a19cb800,0x00000000a4080000)
 Metaspace       used 34671K, capacity 35186K, committed 35496K, reserved 1081344K
  class space    used 4368K, capacity 4513K, committed 4528K, reserved 1048576K
}
Event: 5.467 GC heap before
{Heap before GC invocations=9 (full 3):
 PSYoungGen      total 48128K, used 5118K [0x00000000e0000000, 0x00000000e5200000, 0x0000000100000000)
  eden space 43008K, 0% used [0x00000000e0000000,0x00000000e0000000,0x00000000e2a00000)
  from space 5120K, 99% used [0x00000000e3880000,0x00000000e3d7fb18,0x00000000e3d80000)
  to   space 14848K, 0% used [0x00000000e2a00000,0x00000000e2a00000,0x00000000e3880000)
 ParOldGen       total 66048K, used 26414K [0x00000000a0000000, 0x00000000a4080000, 0x00000000e0000000)
  object space 66048K, 39% used [0x00000000a0000000,0x00000000a19cb800,0x00000000a4080000)
 Metaspace       used 34671K, capacity 35186K, committed 35496K, reserved 1081344K
  class space    used 4368K, capacity 4513K, committed 4528K, reserved 1048576K
Event: 5.518 GC heap after
Heap after GC invocations=9 (full 3):
 PSYoungGen      total 48128K, used 0K [0x00000000e0000000, 0x00000000e5200000, 0x0000000100000000)
  eden space 43008K, 0% used [0x00000000e0000000,0x00000000e0000000,0x00000000e2a00000)
  from space 5120K, 0% used [0x00000000e3880000,0x00000000e3880000,0x00000000e3d80000)
  to   space 14848K, 0% used [0x00000000e2a00000,0x00000000e2a00000,0x00000000e3880000)
 ParOldGen       total 66048K, used 18121K [0x00000000a0000000, 0x00000000a4080000, 0x00000000e0000000)
  object space 66048K, 27% used [0x00000000a0000000,0x00000000a11b25f8,0x00000000a4080000)
 Metaspace       used 34671K, capacity 35186K, committed 35496K, reserved 1081344K
  class space    used 4368K, capacity 4513K, committed 4528K, reserved 1048576K
}
Event: 5.884 GC heap before
{Heap before GC invocations=10 (full 3):
 PSYoungGen      total 48128K, used 43008K [0x00000000e0000000, 0x00000000e5200000, 0x0000000100000000)
  eden space 43008K, 100% used [0x00000000e0000000,0x00000000e2a00000,0x00000000e2a00000)
  from space 5120K, 0% used [0x00000000e3880000,0x00000000e3880000,0x00000000e3d80000)
  to   space 14848K, 0% used [0x00000000e2a00000,0x00000000e2a00000,0x00000000e3880000)
 ParOldGen       total 66048K, used 18121K [0x00000000a0000000, 0x00000000a4080000, 0x00000000e0000000)
  object space 66048K, 27% used [0x00000000a0000000,0x00000000a11b25f8,0x00000000a4080000)
 Metaspace       used 37986K, capacity 38606K, committed 39080K, reserved 1083392K
  class space    used 4774K, capacity 4919K, committed 5040K, reserved 1048576K
Event: 5.894 GC heap after
Heap after GC invocations=10 (full 3):
 PSYoungGen      total 57856K, used 8569K [0x00000000e0000000, 0x00000000e5700000, 0x0000000100000000)
  eden space 43008K, 0% used [0x00000000e0000000,0x00000000e0000000,0x00000000e2a00000)
  from space 14848K, 57% used [0x00000000e2a00000,0x00000000e325e718,0x00000000e3880000)
  to   space 14336K, 0% used [0x00000000e4900000,0x00000000e4900000,0x00000000e5700000)
 ParOldGen       total 66048K, used 18129K [0x00000000a0000000, 0x00000000a4080000, 0x00000000e0000000)
  object space 66048K, 27% used [0x00000000a0000000,0x00000000a11b45f8,0x00000000a4080000)
 Metaspace       used 37986K, capacity 38606K, committed 39080K, reserved 1083392K
  class space    used 4774K, capacity 4919K, committed 5040K, reserved 1048576K
}

