# JRE version: OpenJDK Runtime Environment (8.0_152-b06) (build 1.8.0_152-release-1136-b06)
# Java VM: OpenJDK 64-Bit Server VM (25.152-b06 mixed mode windows-amd64 compressed oops)
Heap:
 PSYoungGen      total 468992K, used 278697K [0x00000000e0000000, 0x00000000ffb80000, 0x0000000100000000)
  eden space 424960K, 55% used [0x00000000e0000000,0x00000000ee52d178,0x00000000f9f00000)
  from space 44032K, 99% used [0x00000000fd080000,0x00000000ffb7d348,0x00000000ffb80000)
  to   space 45568K, 0% used [0x00000000f9f00000,0x00000000f9f00000,0x00000000fcb80000)
 ParOldGen       total 216576K, used 125487K [0x00000000a0000000, 0x00000000ad380000, 0x00000000e0000000)
  object space 216576K, 57% used [0x00000000a0000000,0x00000000a7a8bdd0,0x00000000ad380000)
 Metaspace       used 116711K, capacity 122839K, committed 122968K, reserved 1157120K
  class space    used 14918K, capacity 16214K, committed 16256K, reserved 1048576K
GC Heap History (10 events):
Event: 405.270 GC heap before
{Heap before GC invocations=32 (full 4):
 PSYoungGen      total 467456K, used 423003K [0x00000000e0000000, 0x00000000ffc80000, 0x0000000100000000)
  eden space 414720K, 100% used [0x00000000e0000000,0x00000000f9500000,0x00000000f9500000)
  from space 52736K, 15% used [0x00000000f9500000,0x00000000f9d16d18,0x00000000fc880000)
  to   space 51200K, 0% used [0x00000000fca80000,0x00000000fca80000,0x00000000ffc80000)
 ParOldGen       total 216576K, used 110199K [0x00000000a0000000, 0x00000000ad380000, 0x00000000e0000000)
  object space 216576K, 50% used [0x00000000a0000000,0x00000000a6b9dc00,0x00000000ad380000)
 Metaspace       used 115057K, capacity 120819K, committed 120920K, reserved 1155072K
  class space    used 14741K, capacity 15978K, committed 16000K, reserved 1048576K
Event: 405.276 GC heap after
Heap after GC invocations=32 (full 4):
 PSYoungGen      total 470528K, used 3009K [0x00000000e0000000, 0x00000000ffc80000, 0x0000000100000000)
  eden space 419328K, 0% used [0x00000000e0000000,0x00000000e0000000,0x00000000f9980000)
  from space 51200K, 5% used [0x00000000fca80000,0x00000000fcd70740,0x00000000ffc80000)
  to   space 50176K, 0% used [0x00000000f9980000,0x00000000f9980000,0x00000000fca80000)
 ParOldGen       total 216576K, used 111903K [0x00000000a0000000, 0x00000000ad380000, 0x00000000e0000000)
  object space 216576K, 51% used [0x00000000a0000000,0x00000000a6d47d80,0x00000000ad380000)
 Metaspace       used 115057K, capacity 120819K, committed 120920K, reserved 1155072K
  class space    used 14741K, capacity 15978K, committed 16000K, reserved 1048576K
}
Event: 405.876 GC heap before
{Heap before GC invocations=33 (full 4):
 PSYoungGen      total 470528K, used 422337K [0x00000000e0000000, 0x00000000ffc80000, 0x0000000100000000)
  eden space 419328K, 100% used [0x00000000e0000000,0x00000000f9980000,0x00000000f9980000)
  from space 51200K, 5% used [0x00000000fca80000,0x00000000fcd70740,0x00000000ffc80000)
  to   space 50176K, 0% used [0x00000000f9980000,0x00000000f9980000,0x00000000fca80000)
 ParOldGen       total 216576K, used 111903K [0x00000000a0000000, 0x00000000ad380000, 0x00000000e0000000)
  object space 216576K, 51% used [0x00000000a0000000,0x00000000a6d47d80,0x00000000ad380000)
 Metaspace       used 115080K, capacity 120883K, committed 120920K, reserved 1155072K
  class space    used 14741K, capacity 15978K, committed 16000K, reserved 1048576K
Event: 405.886 GC heap after
Heap after GC invocations=33 (full 4):
 PSYoungGen      total 469504K, used 11516K [0x00000000e0000000, 0x00000000ffa00000, 0x0000000100000000)
  eden space 419328K, 0% used [0x00000000e0000000,0x00000000e0000000,0x00000000f9980000)
  from space 50176K, 22% used [0x00000000f9980000,0x00000000fa4bf0d8,0x00000000fca80000)
  to   space 47616K, 0% used [0x00000000fcb80000,0x00000000fcb80000,0x00000000ffa00000)
 ParOldGen       total 216576K, used 112451K [0x00000000a0000000, 0x00000000ad380000, 0x00000000e0000000)
  object space 216576K, 51% used [0x00000000a0000000,0x00000000a6dd0f58,0x00000000ad380000)
 Metaspace       used 115080K, capacity 120883K, committed 120920K, reserved 1155072K
  class space    used 14741K, capacity 15978K, committed 16000K, reserved 1048576K
}
Event: 406.630 GC heap before
{Heap before GC invocations=34 (full 4):
 PSYoungGen      total 469504K, used 430844K [0x00000000e0000000, 0x00000000ffa00000, 0x0000000100000000)
  eden space 419328K, 100% used [0x00000000e0000000,0x00000000f9980000,0x00000000f9980000)
  from space 50176K, 22% used [0x00000000f9980000,0x00000000fa4bf0d8,0x00000000fca80000)
  to   space 47616K, 0% used [0x00000000fcb80000,0x00000000fcb80000,0x00000000ffa00000)
 ParOldGen       total 216576K, used 112451K [0x00000000a0000000, 0x00000000ad380000, 0x00000000e0000000)
  object space 216576K, 51% used [0x00000000a0000000,0x00000000a6dd0f58,0x00000000ad380000)
 Metaspace       used 115117K, capacity 120887K, committed 120920K, reserved 1155072K
  class space    used 14741K, capacity 15978K, committed 16000K, reserved 1048576K
Event: 406.638 GC heap after
Heap after GC invocations=34 (full 4):
 PSYoungGen      total 472064K, used 7845K [0x00000000e0000000, 0x00000000ff980000, 0x0000000100000000)
  eden space 424960K, 0% used [0x00000000e0000000,0x00000000e0000000,0x00000000f9f00000)
  from space 47104K, 16% used [0x00000000fcb80000,0x00000000fd329640,0x00000000ff980000)
  to   space 45568K, 0% used [0x00000000f9f00000,0x00000000f9f00000,0x00000000fcb80000)
 ParOldGen       total 216576K, used 113845K [0x00000000a0000000, 0x00000000ad380000, 0x00000000e0000000)
  object space 216576K, 52% used [0x00000000a0000000,0x00000000a6f2d598,0x00000000ad380000)
 Metaspace       used 115117K, capacity 120887K, committed 120920K, reserved 1155072K
  class space    used 14741K, capacity 15978K, committed 16000K, reserved 1048576K
}
Event: 408.403 GC heap before
{Heap before GC invocations=35 (full 4):
 PSYoungGen      total 472064K, used 432725K [0x00000000e0000000, 0x00000000ff980000, 0x0000000100000000)
  eden space 424960K, 99% used [0x00000000e0000000,0x00000000f9eebf30,0x00000000f9f00000)
  from space 47104K, 16% used [0x00000000fcb80000,0x00000000fd329640,0x00000000ff980000)
  to   space 45568K, 0% used [0x00000000f9f00000,0x00000000f9f00000,0x00000000fcb80000)
 ParOldGen       total 216576K, used 113845K [0x00000000a0000000, 0x00000000ad380000, 0x00000000e0000000)
  object space 216576K, 52% used [0x00000000a0000000,0x00000000a6f2d598,0x00000000ad380000)
 Metaspace       used 115240K, capacity 121039K, committed 121176K, reserved 1155072K
  class space    used 14748K, capacity 15982K, committed 16000K, reserved 1048576K
Event: 408.410 GC heap after
Heap after GC invocations=35 (full 4):
 PSYoungGen      total 470528K, used 5093K [0x00000000e0000000, 0x00000000ffb80000, 0x0000000100000000)
  eden space 424960K, 0% used [0x00000000e0000000,0x00000000e0000000,0x00000000f9f00000)
  from space 45568K, 11% used [0x00000000f9f00000,0x00000000fa3f9708,0x00000000fcb80000)
  to   space 44032K, 0% used [0x00000000fd080000,0x00000000fd080000,0x00000000ffb80000)
 ParOldGen       total 216576K, used 114642K [0x00000000a0000000, 0x00000000ad380000, 0x00000000e0000000)
  object space 216576K, 52% used [0x00000000a0000000,0x00000000a6ff4aa0,0x00000000ad380000)
 Metaspace       used 115240K, capacity 121039K, committed 121176K, reserved 1155072K
  class space    used 14748K, capacity 15982K, committed 16000K, reserved 1048576K
}
Event: 413.065 GC heap before
{Heap before GC invocations=36 (full 4):
 PSYoungGen      total 470528K, used 430053K [0x00000000e0000000, 0x00000000ffb80000, 0x0000000100000000)
  eden space 424960K, 100% used [0x00000000e0000000,0x00000000f9f00000,0x00000000f9f00000)
  from space 45568K, 11% used [0x00000000f9f00000,0x00000000fa3f9708,0x00000000fcb80000)
  to   space 44032K, 0% used [0x00000000fd080000,0x00000000fd080000,0x00000000ffb80000)
 ParOldGen       total 216576K, used 114642K [0x00000000a0000000, 0x00000000ad380000, 0x00000000e0000000)
  object space 216576K, 52% used [0x00000000a0000000,0x00000000a6ff4aa0,0x00000000ad380000)
 Metaspace       used 115986K, capacity 121909K, committed 122072K, reserved 1155072K
  class space    used 14818K, capacity 16051K, committed 16128K, reserved 1048576K
Event: 413.161 GC heap after
Heap after GC invocations=36 (full 4):
 PSYoungGen      total 468992K, used 44020K [0x00000000e0000000, 0x00000000ffb80000, 0x0000000100000000)
  eden space 424960K, 0% used [0x00000000e0000000,0x00000000e0000000,0x00000000f9f00000)
  from space 44032K, 99% used [0x00000000fd080000,0x00000000ffb7d348,0x00000000ffb80000)
  to   space 45568K, 0% used [0x00000000f9f00000,0x00000000f9f00000,0x00000000fcb80000)
 ParOldGen       total 216576K, used 125487K [0x00000000a0000000, 0x00000000ad380000, 0x00000000e0000000)
  object space 216576K, 57% used [0x00000000a0000000,0x00000000a7a8bdd0,0x00000000ad380000)
 Metaspace       used 115986K, capacity 121909K, committed 122072K, reserved 1155072K
  class space    used 14818K, capacity 16051K, committed 16128K, reserved 1048576K
}

