# JRE version: OpenJDK Runtime Environment (8.0_152-b06) (build 1.8.0_152-release-1136-b06)
# Java VM: OpenJDK 64-Bit Server VM (25.152-b06 mixed mode windows-amd64 compressed oops)
Heap:
 PSYoungGen      total 99840K, used 96353K [0x00000000e0000000, 0x00000000e7f80000, 0x0000000100000000)
  eden space 77312K, 95% used [0x00000000e0000000,0x00000000e481a9d8,0x00000000e4b80000)
  from space 22528K, 99% used [0x00000000e6880000,0x00000000e7e7de18,0x00000000e7e80000)
  to   space 26624K, 0% used [0x00000000e4b80000,0x00000000e4b80000,0x00000000e6580000)
 ParOldGen       total 126464K, used 27930K [0x00000000a0000000, 0x00000000a7b80000, 0x00000000e0000000)
  object space 126464K, 22% used [0x00000000a0000000,0x00000000a1b46868,0x00000000a7b80000)
 Metaspace       used 55427K, capacity 56620K, committed 56960K, reserved 1099776K
  class space    used 6653K, capacity 6935K, committed 7040K, reserved 1048576K
GC Heap History (10 events):
Event: 4.663 GC heap before
{Heap before GC invocations=9 (full 3):
 PSYoungGen      total 55808K, used 510K [0x00000000e0000000, 0x00000000e6780000, 0x0000000100000000)
  eden space 55296K, 0% used [0x00000000e0000000,0x00000000e0000000,0x00000000e3600000)
  from space 512K, 99% used [0x00000000e4500000,0x00000000e457fb18,0x00000000e4580000)
  to   space 15360K, 0% used [0x00000000e3600000,0x00000000e3600000,0x00000000e4500000)
 ParOldGen       total 73728K, used 31373K [0x00000000a0000000, 0x00000000a4800000, 0x00000000e0000000)
  object space 73728K, 42% used [0x00000000a0000000,0x00000000a1ea3510,0x00000000a4800000)
 Metaspace       used 34598K, capacity 35115K, committed 35496K, reserved 1081344K
  class space    used 4327K, capacity 4484K, committed 4608K, reserved 1048576K
Event: 4.773 GC heap after
Heap after GC invocations=9 (full 3):
 PSYoungGen      total 55808K, used 0K [0x00000000e0000000, 0x00000000e6780000, 0x0000000100000000)
  eden space 55296K, 0% used [0x00000000e0000000,0x00000000e0000000,0x00000000e3600000)
  from space 512K, 0% used [0x00000000e4500000,0x00000000e4500000,0x00000000e4580000)
  to   space 15360K, 0% used [0x00000000e3600000,0x00000000e3600000,0x00000000e4500000)
 ParOldGen       total 126464K, used 17888K [0x00000000a0000000, 0x00000000a7b80000, 0x00000000e0000000)
  object space 126464K, 14% used [0x00000000a0000000,0x00000000a11783f8,0x00000000a7b80000)
 Metaspace       used 34598K, capacity 35115K, committed 35496K, reserved 1081344K
  class space    used 4327K, capacity 4484K, committed 4608K, reserved 1048576K
}
Event: 5.705 GC heap before
{Heap before GC invocations=10 (full 3):
 PSYoungGen      total 55808K, used 55296K [0x00000000e0000000, 0x00000000e6780000, 0x0000000100000000)
  eden space 55296K, 100% used [0x00000000e0000000,0x00000000e3600000,0x00000000e3600000)
  from space 512K, 0% used [0x00000000e4500000,0x00000000e4500000,0x00000000e4580000)
  to   space 15360K, 0% used [0x00000000e3600000,0x00000000e3600000,0x00000000e4500000)
 ParOldGen       total 126464K, used 17888K [0x00000000a0000000, 0x00000000a7b80000, 0x00000000e0000000)
  object space 126464K, 14% used [0x00000000a0000000,0x00000000a11783f8,0x00000000a7b80000)
 Metaspace       used 39336K, capacity 40047K, committed 40448K, reserved 1085440K
  class space    used 4920K, capacity 5066K, committed 5120K, reserved 1048576K
Event: 5.714 GC heap after
Heap after GC invocations=10 (full 3):
 PSYoungGen      total 70656K, used 11283K [0x00000000e0000000, 0x00000000e6280000, 0x0000000100000000)
  eden space 55296K, 0% used [0x00000000e0000000,0x00000000e0000000,0x00000000e3600000)
  from space 15360K, 73% used [0x00000000e3600000,0x00000000e4104fc0,0x00000000e4500000)
  to   space 15872K, 0% used [0x00000000e5300000,0x00000000e5300000,0x00000000e6280000)
 ParOldGen       total 126464K, used 17896K [0x00000000a0000000, 0x00000000a7b80000, 0x00000000e0000000)
  object space 126464K, 14% used [0x00000000a0000000,0x00000000a117a3f8,0x00000000a7b80000)
 Metaspace       used 39336K, capacity 40047K, committed 40448K, reserved 1085440K
  class space    used 4920K, capacity 5066K, committed 5120K, reserved 1048576K
}
Event: 6.592 GC heap before
{Heap before GC invocations=11 (full 3):
 PSYoungGen      total 70656K, used 66579K [0x00000000e0000000, 0x00000000e6280000, 0x0000000100000000)
  eden space 55296K, 100% used [0x00000000e0000000,0x00000000e3600000,0x00000000e3600000)
  from space 15360K, 73% used [0x00000000e3600000,0x00000000e4104fc0,0x00000000e4500000)
  to   space 15872K, 0% used [0x00000000e5300000,0x00000000e5300000,0x00000000e6280000)
 ParOldGen       total 126464K, used 17896K [0x00000000a0000000, 0x00000000a7b80000, 0x00000000e0000000)
  object space 126464K, 14% used [0x00000000a0000000,0x00000000a117a3f8,0x00000000a7b80000)
 Metaspace       used 42622K, capacity 43348K, committed 43648K, reserved 1087488K
  class space    used 5246K, capacity 5419K, committed 5504K, reserved 1048576K
Event: 6.604 GC heap after
Heap after GC invocations=11 (full 3):
 PSYoungGen      total 83456K, used 14537K [0x00000000e0000000, 0x00000000e6580000, 0x0000000100000000)
  eden space 67584K, 0% used [0x00000000e0000000,0x00000000e0000000,0x00000000e4200000)
  from space 15872K, 91% used [0x00000000e5300000,0x00000000e61326a8,0x00000000e6280000)
  to   space 17408K, 0% used [0x00000000e4200000,0x00000000e4200000,0x00000000e5300000)
 ParOldGen       total 126464K, used 17904K [0x00000000a0000000, 0x00000000a7b80000, 0x00000000e0000000)
  object space 126464K, 14% used [0x00000000a0000000,0x00000000a117c3f8,0x00000000a7b80000)
 Metaspace       used 42622K, capacity 43348K, committed 43648K, reserved 1087488K
  class space    used 5246K, capacity 5419K, committed 5504K, reserved 1048576K
}
Event: 7.813 GC heap before
{Heap before GC invocations=12 (full 3):
 PSYoungGen      total 83456K, used 82121K [0x00000000e0000000, 0x00000000e6580000, 0x0000000100000000)
  eden space 67584K, 100% used [0x00000000e0000000,0x00000000e4200000,0x00000000e4200000)
  from space 15872K, 91% used [0x00000000e5300000,0x00000000e61326a8,0x00000000e6280000)
  to   space 17408K, 0% used [0x00000000e4200000,0x00000000e4200000,0x00000000e5300000)
 ParOldGen       total 126464K, used 17904K [0x00000000a0000000, 0x00000000a7b80000, 0x00000000e0000000)
  object space 126464K, 14% used [0x00000000a0000000,0x00000000a117c3f8,0x00000000a7b80000)
 Metaspace       used 47714K, capacity 48614K, committed 49024K, reserved 1091584K
  class space    used 5916K, capacity 6160K, committed 6272K, reserved 1048576K
Event: 7.830 GC heap after
Heap after GC invocations=12 (full 3):
 PSYoungGen      total 84992K, used 17399K [0x00000000e0000000, 0x00000000e7e80000, 0x0000000100000000)
  eden space 67584K, 0% used [0x00000000e0000000,0x00000000e0000000,0x00000000e4200000)
  from space 17408K, 99% used [0x00000000e4200000,0x00000000e52fdf48,0x00000000e5300000)
  to   space 22528K, 0% used [0x00000000e6880000,0x00000000e6880000,0x00000000e7e80000)
 ParOldGen       total 126464K, used 25041K [0x00000000a0000000, 0x00000000a7b80000, 0x00000000e0000000)
  object space 126464K, 19% used [0x00000000a0000000,0x00000000a1874580,0x00000000a7b80000)
 Metaspace       used 47714K, capacity 48614K, committed 49024K, reserved 1091584K
  class space    used 5916K, capacity 6160K, committed 6272K, reserved 1048576K
}
Event: 9.832 GC heap before
{Heap before GC invocations=13 (full 3):
 PSYoungGen      total 84992K, used 84983K [0x00000000e0000000, 0x00000000e7e80000, 0x0000000100000000)
  eden space 67584K, 100% used [0x00000000e0000000,0x00000000e4200000,0x00000000e4200000)
  from space 17408K, 99% used [0x00000000e4200000,0x00000000e52fdf48,0x00000000e5300000)
  to   space 22528K, 0% used [0x00000000e6880000,0x00000000e6880000,0x00000000e7e80000)
 ParOldGen       total 126464K, used 25041K [0x00000000a0000000, 0x00000000a7b80000, 0x00000000e0000000)
  object space 126464K, 19% used [0x00000000a0000000,0x00000000a1874580,0x00000000a7b80000)
 Metaspace       used 54050K, capacity 55208K, committed 55552K, reserved 1097728K
  class space    used 6532K, capacity 6819K, committed 6912K, reserved 1048576K
Event: 9.852 GC heap after
Heap after GC invocations=13 (full 3):
 PSYoungGen      total 99840K, used 22519K [0x00000000e0000000, 0x00000000e7f80000, 0x0000000100000000)
  eden space 77312K, 0% used [0x00000000e0000000,0x00000000e0000000,0x00000000e4b80000)
  from space 22528K, 99% used [0x00000000e6880000,0x00000000e7e7de18,0x00000000e7e80000)
  to   space 26624K, 0% used [0x00000000e4b80000,0x00000000e4b80000,0x00000000e6580000)
 ParOldGen       total 126464K, used 27930K [0x00000000a0000000, 0x00000000a7b80000, 0x00000000e0000000)
  object space 126464K, 22% used [0x00000000a0000000,0x00000000a1b46868,0x00000000a7b80000)
 Metaspace       used 54050K, capacity 55208K, committed 55552K, reserved 1097728K
  class space    used 6532K, capacity 6819K, committed 6912K, reserved 1048576K
}

