# JRE version: OpenJDK Runtime Environment (8.0_152-b06) (build 1.8.0_152-release-1136-b06)
# Java VM: OpenJDK 64-Bit Server VM (25.152-b06 mixed mode windows-amd64 compressed oops)
Heap:
 PSYoungGen      total 37888K, used 24794K [0x00000000e0000000, 0x00000000e4480000, 0x0000000100000000)
  eden space 32768K, 60% used [0x00000000e0000000,0x00000000e133c5c0,0x00000000e2000000)
  from space 5120K, 99% used [0x00000000e2500000,0x00000000e29fa468,0x00000000e2a00000)
  to   space 5120K, 0% used [0x00000000e2000000,0x00000000e2000000,0x00000000e2500000)
 ParOldGen       total 50688K, used 13410K [0x00000000a0000000, 0x00000000a3180000, 0x00000000e0000000)
  object space 50688K, 26% used [0x00000000a0000000,0x00000000a0d18a70,0x00000000a3180000)
 Metaspace       used 28614K, capacity 29184K, committed 29488K, reserved 1075200K
  class space    used 3621K, capacity 3800K, committed 3888K, reserved 1048576K
GC Heap History (10 events):
Event: 0.508 GC heap before
{Heap before GC invocations=2 (full 1):
 PSYoungGen      total 37888K, used 2986K [0x00000000e0000000, 0x00000000e2a00000, 0x0000000100000000)
  eden space 32768K, 0% used [0x00000000e0000000,0x00000000e0000000,0x00000000e2000000)
  from space 5120K, 58% used [0x00000000e2000000,0x00000000e22ea800,0x00000000e2500000)
  to   space 5120K, 0% used [0x00000000e2500000,0x00000000e2500000,0x00000000e2a00000)
 ParOldGen       total 86016K, used 8K [0x00000000a0000000, 0x00000000a5400000, 0x00000000e0000000)
  object space 86016K, 0% used [0x00000000a0000000,0x00000000a0002000,0x00000000a5400000)
 Metaspace       used 8993K, capacity 9186K, committed 9216K, reserved 1056768K
  class space    used 958K, capacity 1023K, committed 1024K, reserved 1048576K
Event: 0.518 GC heap after
Heap after GC invocations=2 (full 1):
 PSYoungGen      total 37888K, used 0K [0x00000000e0000000, 0x00000000e2a00000, 0x0000000100000000)
  eden space 32768K, 0% used [0x00000000e0000000,0x00000000e0000000,0x00000000e2000000)
  from space 5120K, 0% used [0x00000000e2000000,0x00000000e2000000,0x00000000e2500000)
  to   space 5120K, 0% used [0x00000000e2500000,0x00000000e2500000,0x00000000e2a00000)
 ParOldGen       total 86016K, used 2705K [0x00000000a0000000, 0x00000000a5400000, 0x00000000e0000000)
  object space 86016K, 3% used [0x00000000a0000000,0x00000000a02a46b0,0x00000000a5400000)
 Metaspace       used 8993K, capacity 9186K, committed 9216K, reserved 1056768K
  class space    used 958K, capacity 1023K, committed 1024K, reserved 1048576K
}
Event: 13.035 GC heap before
{Heap before GC invocations=3 (full 1):
 PSYoungGen      total 37888K, used 32768K [0x00000000e0000000, 0x00000000e2a00000, 0x0000000100000000)
  eden space 32768K, 100% used [0x00000000e0000000,0x00000000e2000000,0x00000000e2000000)
  from space 5120K, 0% used [0x00000000e2000000,0x00000000e2000000,0x00000000e2500000)
  to   space 5120K, 0% used [0x00000000e2500000,0x00000000e2500000,0x00000000e2a00000)
 ParOldGen       total 86016K, used 2705K [0x00000000a0000000, 0x00000000a5400000, 0x00000000e0000000)
  object space 86016K, 3% used [0x00000000a0000000,0x00000000a02a46b0,0x00000000a5400000)
 Metaspace       used 14038K, capacity 14302K, committed 14592K, reserved 1062912K
  class space    used 1616K, capacity 1697K, committed 1792K, reserved 1048576K
Event: 13.040 GC heap after
Heap after GC invocations=3 (full 1):
 PSYoungGen      total 37888K, used 5102K [0x00000000e0000000, 0x00000000e2a00000, 0x0000000100000000)
  eden space 32768K, 0% used [0x00000000e0000000,0x00000000e0000000,0x00000000e2000000)
  from space 5120K, 99% used [0x00000000e2500000,0x00000000e29fb900,0x00000000e2a00000)
  to   space 5120K, 0% used [0x00000000e2000000,0x00000000e2000000,0x00000000e2500000)
 ParOldGen       total 86016K, used 4943K [0x00000000a0000000, 0x00000000a5400000, 0x00000000e0000000)
  object space 86016K, 5% used [0x00000000a0000000,0x00000000a04d3f38,0x00000000a5400000)
 Metaspace       used 14038K, capacity 14302K, committed 14592K, reserved 1062912K
  class space    used 1616K, capacity 1697K, committed 1792K, reserved 1048576K
}
Event: 13.460 GC heap before
{Heap before GC invocations=4 (full 1):
 PSYoungGen      total 37888K, used 37622K [0x00000000e0000000, 0x00000000e2a00000, 0x0000000100000000)
  eden space 32768K, 99% used [0x00000000e0000000,0x00000000e1fc1fd8,0x00000000e2000000)
  from space 5120K, 99% used [0x00000000e2500000,0x00000000e29fb900,0x00000000e2a00000)
  to   space 5120K, 0% used [0x00000000e2000000,0x00000000e2000000,0x00000000e2500000)
 ParOldGen       total 86016K, used 4943K [0x00000000a0000000, 0x00000000a5400000, 0x00000000e0000000)
  object space 86016K, 5% used [0x00000000a0000000,0x00000000a04d3f38,0x00000000a5400000)
 Metaspace       used 20739K, capacity 21146K, committed 21296K, reserved 1069056K
  class space    used 2477K, capacity 2577K, committed 2608K, reserved 1048576K
Event: 13.467 GC heap after
Heap after GC invocations=4 (full 1):
 PSYoungGen      total 37888K, used 5089K [0x00000000e0000000, 0x00000000e2a00000, 0x0000000100000000)
  eden space 32768K, 0% used [0x00000000e0000000,0x00000000e0000000,0x00000000e2000000)
  from space 5120K, 99% used [0x00000000e2000000,0x00000000e24f8510,0x00000000e2500000)
  to   space 5120K, 0% used [0x00000000e2500000,0x00000000e2500000,0x00000000e2a00000)
 ParOldGen       total 86016K, used 10255K [0x00000000a0000000, 0x00000000a5400000, 0x00000000e0000000)
  object space 86016K, 11% used [0x00000000a0000000,0x00000000a0a03de0,0x00000000a5400000)
 Metaspace       used 20739K, capacity 21146K, committed 21296K, reserved 1069056K
  class space    used 2477K, capacity 2577K, committed 2608K, reserved 1048576K
}
Event: 13.467 GC heap before
{Heap before GC invocations=5 (full 2):
 PSYoungGen      total 37888K, used 5089K [0x00000000e0000000, 0x00000000e2a00000, 0x0000000100000000)
  eden space 32768K, 0% used [0x00000000e0000000,0x00000000e0000000,0x00000000e2000000)
  from space 5120K, 99% used [0x00000000e2000000,0x00000000e24f8510,0x00000000e2500000)
  to   space 5120K, 0% used [0x00000000e2500000,0x00000000e2500000,0x00000000e2a00000)
 ParOldGen       total 86016K, used 10255K [0x00000000a0000000, 0x00000000a5400000, 0x00000000e0000000)
  object space 86016K, 11% used [0x00000000a0000000,0x00000000a0a03de0,0x00000000a5400000)
 Metaspace       used 20739K, capacity 21146K, committed 21296K, reserved 1069056K
  class space    used 2477K, capacity 2577K, committed 2608K, reserved 1048576K
Event: 13.493 GC heap after
Heap after GC invocations=5 (full 2):
 PSYoungGen      total 37888K, used 0K [0x00000000e0000000, 0x00000000e2a00000, 0x0000000100000000)
  eden space 32768K, 0% used [0x00000000e0000000,0x00000000e0000000,0x00000000e2000000)
  from space 5120K, 0% used [0x00000000e2000000,0x00000000e2000000,0x00000000e2500000)
  to   space 5120K, 0% used [0x00000000e2500000,0x00000000e2500000,0x00000000e2a00000)
 ParOldGen       total 50688K, used 11348K [0x00000000a0000000, 0x00000000a3180000, 0x00000000e0000000)
  object space 50688K, 22% used [0x00000000a0000000,0x00000000a0b151c8,0x00000000a3180000)
 Metaspace       used 20739K, capacity 21146K, committed 21296K, reserved 1069056K
  class space    used 2477K, capacity 2577K, committed 2608K, reserved 1048576K
}
Event: 13.876 GC heap before
{Heap before GC invocations=6 (full 2):
 PSYoungGen      total 37888K, used 32768K [0x00000000e0000000, 0x00000000e2a00000, 0x0000000100000000)
  eden space 32768K, 100% used [0x00000000e0000000,0x00000000e2000000,0x00000000e2000000)
  from space 5120K, 0% used [0x00000000e2000000,0x00000000e2000000,0x00000000e2500000)
  to   space 5120K, 0% used [0x00000000e2500000,0x00000000e2500000,0x00000000e2a00000)
 ParOldGen       total 50688K, used 11348K [0x00000000a0000000, 0x00000000a3180000, 0x00000000e0000000)
  object space 50688K, 22% used [0x00000000a0000000,0x00000000a0b151c8,0x00000000a3180000)
 Metaspace       used 25663K, capacity 26246K, committed 26544K, reserved 1073152K
  class space    used 3262K, capacity 3443K, committed 3504K, reserved 1048576K
Event: 13.881 GC heap after
Heap after GC invocations=6 (full 2):
 PSYoungGen      total 37888K, used 5097K [0x00000000e0000000, 0x00000000e4480000, 0x0000000100000000)
  eden space 32768K, 0% used [0x00000000e0000000,0x00000000e0000000,0x00000000e2000000)
  from space 5120K, 99% used [0x00000000e2500000,0x00000000e29fa468,0x00000000e2a00000)
  to   space 5120K, 0% used [0x00000000e2000000,0x00000000e2000000,0x00000000e2500000)
 ParOldGen       total 50688K, used 13410K [0x00000000a0000000, 0x00000000a3180000, 0x00000000e0000000)
  object space 50688K, 26% used [0x00000000a0000000,0x00000000a0d18a70,0x00000000a3180000)
 Metaspace       used 25663K, capacity 26246K, committed 26544K, reserved 1073152K
  class space    used 3262K, capacity 3443K, committed 3504K, reserved 1048576K
}

