# JRE version: OpenJDK Runtime Environment (8.0_152-b06) (build 1.8.0_152-release-1136-b06)
# Java VM: OpenJDK 64-Bit Server VM (25.152-b06 mixed mode windows-amd64 compressed oops)
Heap:
 PSYoungGen      total 53248K, used 33382K [0x00000000d6180000, 0x00000000dab80000, 0x0000000100000000)
  eden space 48128K, 58% used [0x00000000d6180000,0x00000000d7d1faa0,0x00000000d9080000)
  from space 5120K, 99% used [0x00000000da180000,0x00000000da679fd8,0x00000000da680000)
  to   space 5120K, 0% used [0x00000000da680000,0x00000000da680000,0x00000000dab80000)
 ParOldGen       total 64512K, used 23432K [0x0000000082400000, 0x0000000086300000, 0x00000000d6180000)
  object space 64512K, 36% used [0x0000000082400000,0x0000000083ae20f0,0x0000000086300000)
 Metaspace       used 33468K, capacity 33994K, committed 34352K, reserved 1081344K
  class space    used 4209K, capacity 4367K, committed 4400K, reserved 1048576K
GC Heap History (10 events):
Event: 0.958 GC heap before
{Heap before GC invocations=2 (full 0):
 PSYoungGen      total 37888K, used 37863K [0x00000000d6180000, 0x00000000d8b80000, 0x0000000100000000)
  eden space 32768K, 100% used [0x00000000d6180000,0x00000000d8180000,0x00000000d8180000)
  from space 5120K, 99% used [0x00000000d8180000,0x00000000d8679eb0,0x00000000d8680000)
  to   space 5120K, 0% used [0x00000000d8680000,0x00000000d8680000,0x00000000d8b80000)
 ParOldGen       total 86016K, used 2971K [0x0000000082400000, 0x0000000087800000, 0x00000000d6180000)
  object space 86016K, 3% used [0x0000000082400000,0x00000000826e6fe8,0x0000000087800000)
 Metaspace       used 17126K, capacity 17402K, committed 17792K, reserved 1064960K
  class space    used 2049K, capacity 2125K, committed 2176K, reserved 1048576K
Event: 0.965 GC heap after
Heap after GC invocations=2 (full 0):
 PSYoungGen      total 37888K, used 5104K [0x00000000d6180000, 0x00000000dab80000, 0x0000000100000000)
  eden space 32768K, 0% used [0x00000000d6180000,0x00000000d6180000,0x00000000d8180000)
  from space 5120K, 99% used [0x00000000d8680000,0x00000000d8b7c030,0x00000000d8b80000)
  to   space 5120K, 0% used [0x00000000d8180000,0x00000000d8180000,0x00000000d8680000)
 ParOldGen       total 86016K, used 8106K [0x0000000082400000, 0x0000000087800000, 0x00000000d6180000)
  object space 86016K, 9% used [0x0000000082400000,0x0000000082bea9d0,0x0000000087800000)
 Metaspace       used 17126K, capacity 17402K, committed 17792K, reserved 1064960K
  class space    used 2049K, capacity 2125K, committed 2176K, reserved 1048576K
}
Event: 1.143 GC heap before
{Heap before GC invocations=3 (full 0):
 PSYoungGen      total 37888K, used 20286K [0x00000000d6180000, 0x00000000dab80000, 0x0000000100000000)
  eden space 32768K, 46% used [0x00000000d6180000,0x00000000d70538b8,0x00000000d8180000)
  from space 5120K, 99% used [0x00000000d8680000,0x00000000d8b7c030,0x00000000d8b80000)
  to   space 5120K, 0% used [0x00000000d8180000,0x00000000d8180000,0x00000000d8680000)
 ParOldGen       total 86016K, used 8106K [0x0000000082400000, 0x0000000087800000, 0x00000000d6180000)
  object space 86016K, 9% used [0x0000000082400000,0x0000000082bea9d0,0x0000000087800000)
 Metaspace       used 20759K, capacity 21124K, committed 21296K, reserved 1067008K
  class space    used 2662K, capacity 2818K, committed 2864K, reserved 1048576K
Event: 1.148 GC heap after
Heap after GC invocations=3 (full 0):
 PSYoungGen      total 37888K, used 5092K [0x00000000d6180000, 0x00000000dab80000, 0x0000000100000000)
  eden space 32768K, 0% used [0x00000000d6180000,0x00000000d6180000,0x00000000d8180000)
  from space 5120K, 99% used [0x00000000d8180000,0x00000000d8679020,0x00000000d8680000)
  to   space 5120K, 0% used [0x00000000da680000,0x00000000da680000,0x00000000dab80000)
 ParOldGen       total 86016K, used 11665K [0x0000000082400000, 0x0000000087800000, 0x00000000d6180000)
  object space 86016K, 13% used [0x0000000082400000,0x0000000082f64488,0x0000000087800000)
 Metaspace       used 20759K, capacity 21124K, committed 21296K, reserved 1067008K
  class space    used 2662K, capacity 2818K, committed 2864K, reserved 1048576K
}
Event: 1.148 GC heap before
{Heap before GC invocations=4 (full 1):
 PSYoungGen      total 37888K, used 5092K [0x00000000d6180000, 0x00000000dab80000, 0x0000000100000000)
  eden space 32768K, 0% used [0x00000000d6180000,0x00000000d6180000,0x00000000d8180000)
  from space 5120K, 99% used [0x00000000d8180000,0x00000000d8679020,0x00000000d8680000)
  to   space 5120K, 0% used [0x00000000da680000,0x00000000da680000,0x00000000dab80000)
 ParOldGen       total 86016K, used 11665K [0x0000000082400000, 0x0000000087800000, 0x00000000d6180000)
  object space 86016K, 13% used [0x0000000082400000,0x0000000082f64488,0x0000000087800000)
 Metaspace       used 20759K, capacity 21124K, committed 21296K, reserved 1067008K
  class space    used 2662K, capacity 2818K, committed 2864K, reserved 1048576K
Event: 1.172 GC heap after
Heap after GC invocations=4 (full 1):
 PSYoungGen      total 37888K, used 0K [0x00000000d6180000, 0x00000000dab80000, 0x0000000100000000)
  eden space 32768K, 0% used [0x00000000d6180000,0x00000000d6180000,0x00000000d8180000)
  from space 5120K, 0% used [0x00000000d8180000,0x00000000d8180000,0x00000000d8680000)
  to   space 5120K, 0% used [0x00000000da680000,0x00000000da680000,0x00000000dab80000)
 ParOldGen       total 64512K, used 8665K [0x0000000082400000, 0x0000000086300000, 0x00000000d6180000)
  object space 64512K, 13% used [0x0000000082400000,0x0000000082c76438,0x0000000086300000)
 Metaspace       used 20759K, capacity 21124K, committed 21296K, reserved 1067008K
  class space    used 2662K, capacity 2818K, committed 2864K, reserved 1048576K
}
Event: 1.525 GC heap before
{Heap before GC invocations=5 (full 1):
 PSYoungGen      total 37888K, used 32768K [0x00000000d6180000, 0x00000000dab80000, 0x0000000100000000)
  eden space 32768K, 100% used [0x00000000d6180000,0x00000000d8180000,0x00000000d8180000)
  from space 5120K, 0% used [0x00000000d8180000,0x00000000d8180000,0x00000000d8680000)
  to   space 5120K, 0% used [0x00000000da680000,0x00000000da680000,0x00000000dab80000)
 ParOldGen       total 64512K, used 8665K [0x0000000082400000, 0x0000000086300000, 0x00000000d6180000)
  object space 64512K, 13% used [0x0000000082400000,0x0000000082c76438,0x0000000086300000)
 Metaspace       used 24461K, capacity 24892K, committed 25392K, reserved 1071104K
  class space    used 3120K, capacity 3250K, committed 3376K, reserved 1048576K
Event: 1.530 GC heap after
Heap after GC invocations=5 (full 1):
 PSYoungGen      total 53248K, used 5098K [0x00000000d6180000, 0x00000000dab80000, 0x0000000100000000)
  eden space 48128K, 0% used [0x00000000d6180000,0x00000000d6180000,0x00000000d9080000)
  from space 5120K, 99% used [0x00000000da680000,0x00000000dab7aab0,0x00000000dab80000)
  to   space 5120K, 0% used [0x00000000da180000,0x00000000da180000,0x00000000da680000)
 ParOldGen       total 64512K, used 11420K [0x0000000082400000, 0x0000000086300000, 0x00000000d6180000)
  object space 64512K, 17% used [0x0000000082400000,0x0000000082f27330,0x0000000086300000)
 Metaspace       used 24461K, capacity 24892K, committed 25392K, reserved 1071104K
  class space    used 3120K, capacity 3250K, committed 3376K, reserved 1048576K
}
Event: 2.123 GC heap before
{Heap before GC invocations=6 (full 1):
 PSYoungGen      total 53248K, used 53226K [0x00000000d6180000, 0x00000000dab80000, 0x0000000100000000)
  eden space 48128K, 100% used [0x00000000d6180000,0x00000000d9080000,0x00000000d9080000)
  from space 5120K, 99% used [0x00000000da680000,0x00000000dab7aab0,0x00000000dab80000)
  to   space 5120K, 0% used [0x00000000da180000,0x00000000da180000,0x00000000da680000)
 ParOldGen       total 64512K, used 11420K [0x0000000082400000, 0x0000000086300000, 0x00000000d6180000)
  object space 64512K, 17% used [0x0000000082400000,0x0000000082f27330,0x0000000086300000)
 Metaspace       used 32655K, capacity 33162K, committed 33584K, reserved 1079296K
  class space    used 4141K, capacity 4303K, committed 4400K, reserved 1048576K
Event: 2.133 GC heap after
Heap after GC invocations=6 (full 1):
 PSYoungGen      total 53248K, used 5095K [0x00000000d6180000, 0x00000000dab80000, 0x0000000100000000)
  eden space 48128K, 0% used [0x00000000d6180000,0x00000000d6180000,0x00000000d9080000)
  from space 5120K, 99% used [0x00000000da180000,0x00000000da679fd8,0x00000000da680000)
  to   space 5120K, 0% used [0x00000000da680000,0x00000000da680000,0x00000000dab80000)
 ParOldGen       total 64512K, used 23432K [0x0000000082400000, 0x0000000086300000, 0x00000000d6180000)
  object space 64512K, 36% used [0x0000000082400000,0x0000000083ae20f0,0x0000000086300000)
 Metaspace       used 32655K, capacity 33162K, committed 33584K, reserved 1079296K
  class space    used 4141K, capacity 4303K, committed 4400K, reserved 1048576K
}

