# JRE version: OpenJDK Runtime Environment (8.0_152-b06) (build 1.8.0_152-release-1136-b06)
# Java VM: OpenJDK 64-Bit Server VM (25.152-b06 mixed mode windows-amd64 compressed oops)
Heap:
 PSYoungGen      total 208384K, used 111918K [0x00000000e0000000, 0x00000000f1300000, 0x0000000100000000)
  eden space 163840K, 46% used [0x00000000e0000000,0x00000000e4ae59a8,0x00000000ea000000)
  from space 44544K, 79% used [0x00000000ee780000,0x00000000f09e5f00,0x00000000f1300000)
  to   space 58880K, 0% used [0x00000000ea000000,0x00000000ea000000,0x00000000ed980000)
 ParOldGen       total 140800K, used 26918K [0x00000000a0000000, 0x00000000a8980000, 0x00000000e0000000)
  object space 140800K, 19% used [0x00000000a0000000,0x00000000a1a49868,0x00000000a8980000)
 Metaspace       used 61689K, capacity 63060K, committed 63360K, reserved 1105920K
  class space    used 7161K, capacity 7531K, committed 7552K, reserved 1048576K
GC Heap History (10 events):
Event: 2112.066 GC heap before
{Heap before GC invocations=18 (full 4):
 PSYoungGen      total 155648K, used 139632K [0x00000000e0000000, 0x00000000ed400000, 0x0000000100000000)
  eden space 116736K, 99% used [0x00000000e0000000,0x00000000e70e9e88,0x00000000e7200000)
  from space 38912K, 61% used [0x00000000e7200000,0x00000000e8972410,0x00000000e9800000)
  to   space 39424K, 0% used [0x00000000ead80000,0x00000000ead80000,0x00000000ed400000)
 ParOldGen       total 140800K, used 20670K [0x00000000a0000000, 0x00000000a8980000, 0x00000000e0000000)
  object space 140800K, 14% used [0x00000000a0000000,0x00000000a142f8b0,0x00000000a8980000)
 Metaspace       used 58305K, capacity 59450K, committed 59672K, reserved 1101824K
  class space    used 6938K, capacity 7228K, committed 7296K, reserved 1048576K
Event: 2112.095 GC heap after
Heap after GC invocations=18 (full 4):
 PSYoungGen      total 172032K, used 38548K [0x00000000e0000000, 0x00000000edb00000, 0x0000000100000000)
  eden space 132608K, 0% used [0x00000000e0000000,0x00000000e0000000,0x00000000e8180000)
  from space 39424K, 97% used [0x00000000ead80000,0x00000000ed325028,0x00000000ed400000)
  to   space 45056K, 0% used [0x00000000e8180000,0x00000000e8180000,0x00000000ead80000)
 ParOldGen       total 140800K, used 20678K [0x00000000a0000000, 0x00000000a8980000, 0x00000000e0000000)
  object space 140800K, 14% used [0x00000000a0000000,0x00000000a14318b0,0x00000000a8980000)
 Metaspace       used 58305K, capacity 59450K, committed 59672K, reserved 1101824K
  class space    used 6938K, capacity 7228K, committed 7296K, reserved 1048576K
}
Event: 2408.217 GC heap before
{Heap before GC invocations=19 (full 4):
 PSYoungGen      total 172032K, used 170811K [0x00000000e0000000, 0x00000000edb00000, 0x0000000100000000)
  eden space 132608K, 99% used [0x00000000e0000000,0x00000000e8129e58,0x00000000e8180000)
  from space 39424K, 97% used [0x00000000ead80000,0x00000000ed325028,0x00000000ed400000)
  to   space 45056K, 0% used [0x00000000e8180000,0x00000000e8180000,0x00000000ead80000)
 ParOldGen       total 140800K, used 20678K [0x00000000a0000000, 0x00000000a8980000, 0x00000000e0000000)
  object space 140800K, 14% used [0x00000000a0000000,0x00000000a14318b0,0x00000000a8980000)
 Metaspace       used 58877K, capacity 60162K, committed 60568K, reserved 1101824K
  class space    used 6989K, capacity 7306K, committed 7424K, reserved 1048576K
Event: 2408.268 GC heap after
Heap after GC invocations=19 (full 4):
 PSYoungGen      total 177664K, used 39205K [0x00000000e0000000, 0x00000000ef200000, 0x0000000100000000)
  eden space 132608K, 0% used [0x00000000e0000000,0x00000000e0000000,0x00000000e8180000)
  from space 45056K, 87% used [0x00000000e8180000,0x00000000ea7c9690,0x00000000ead80000)
  to   space 49664K, 0% used [0x00000000ec180000,0x00000000ec180000,0x00000000ef200000)
 ParOldGen       total 140800K, used 20686K [0x00000000a0000000, 0x00000000a8980000, 0x00000000e0000000)
  object space 140800K, 14% used [0x00000000a0000000,0x00000000a14338b0,0x00000000a8980000)
 Metaspace       used 58877K, capacity 60162K, committed 60568K, reserved 1101824K
  class space    used 6989K, capacity 7306K, committed 7424K, reserved 1048576K
}
Event: 2935.567 GC heap before
{Heap before GC invocations=20 (full 4):
 PSYoungGen      total 177664K, used 171813K [0x00000000e0000000, 0x00000000ef200000, 0x0000000100000000)
  eden space 132608K, 100% used [0x00000000e0000000,0x00000000e8180000,0x00000000e8180000)
  from space 45056K, 87% used [0x00000000e8180000,0x00000000ea7c9690,0x00000000ead80000)
  to   space 49664K, 0% used [0x00000000ec180000,0x00000000ec180000,0x00000000ef200000)
 ParOldGen       total 140800K, used 20686K [0x00000000a0000000, 0x00000000a8980000, 0x00000000e0000000)
  object space 140800K, 14% used [0x00000000a0000000,0x00000000a14338b0,0x00000000a8980000)
 Metaspace       used 59862K, capacity 61150K, committed 61440K, reserved 1103872K
  class space    used 7028K, capacity 7350K, committed 7424K, reserved 1048576K
Event: 2935.591 GC heap after
Heap after GC invocations=20 (full 4):
 PSYoungGen      total 190976K, used 27373K [0x00000000e0000000, 0x00000000eee00000, 0x0000000100000000)
  eden space 145408K, 0% used [0x00000000e0000000,0x00000000e0000000,0x00000000e8e00000)
  from space 45568K, 60% used [0x00000000ec180000,0x00000000edc3b660,0x00000000eee00000)
  to   space 49152K, 0% used [0x00000000e8e00000,0x00000000e8e00000,0x00000000ebe00000)
 ParOldGen       total 140800K, used 20694K [0x00000000a0000000, 0x00000000a8980000, 0x00000000e0000000)
  object space 140800K, 14% used [0x00000000a0000000,0x00000000a14358b0,0x00000000a8980000)
 Metaspace       used 59862K, capacity 61150K, committed 61440K, reserved 1103872K
  class space    used 7028K, capacity 7350K, committed 7424K, reserved 1048576K
}
Event: 2936.882 GC heap before
{Heap before GC invocations=21 (full 4):
 PSYoungGen      total 190976K, used 172781K [0x00000000e0000000, 0x00000000eee00000, 0x0000000100000000)
  eden space 145408K, 100% used [0x00000000e0000000,0x00000000e8e00000,0x00000000e8e00000)
  from space 45568K, 60% used [0x00000000ec180000,0x00000000edc3b660,0x00000000eee00000)
  to   space 49152K, 0% used [0x00000000e8e00000,0x00000000e8e00000,0x00000000ebe00000)
 ParOldGen       total 140800K, used 20694K [0x00000000a0000000, 0x00000000a8980000, 0x00000000e0000000)
  object space 140800K, 14% used [0x00000000a0000000,0x00000000a14358b0,0x00000000a8980000)
 Metaspace       used 60681K, capacity 62026K, committed 62208K, reserved 1103872K
  class space    used 7086K, capacity 7424K, committed 7424K, reserved 1048576K
Event: 2936.949 GC heap after
Heap after GC invocations=21 (full 4):
 PSYoungGen      total 194560K, used 49124K [0x00000000e0000000, 0x00000000f2080000, 0x0000000100000000)
  eden space 145408K, 0% used [0x00000000e0000000,0x00000000e0000000,0x00000000e8e00000)
  from space 49152K, 99% used [0x00000000e8e00000,0x00000000ebdf92d8,0x00000000ebe00000)
  to   space 58368K, 0% used [0x00000000ee780000,0x00000000ee780000,0x00000000f2080000)
 ParOldGen       total 140800K, used 26910K [0x00000000a0000000, 0x00000000a8980000, 0x00000000e0000000)
  object space 140800K, 19% used [0x00000000a0000000,0x00000000a1a47868,0x00000000a8980000)
 Metaspace       used 60681K, capacity 62026K, committed 62208K, reserved 1103872K
  class space    used 7086K, capacity 7424K, committed 7424K, reserved 1048576K
}
Event: 2980.058 GC heap before
{Heap before GC invocations=22 (full 4):
 PSYoungGen      total 194560K, used 194532K [0x00000000e0000000, 0x00000000f2080000, 0x0000000100000000)
  eden space 145408K, 100% used [0x00000000e0000000,0x00000000e8e00000,0x00000000e8e00000)
  from space 49152K, 99% used [0x00000000e8e00000,0x00000000ebdf92d8,0x00000000ebe00000)
  to   space 58368K, 0% used [0x00000000ee780000,0x00000000ee780000,0x00000000f2080000)
 ParOldGen       total 140800K, used 26910K [0x00000000a0000000, 0x00000000a8980000, 0x00000000e0000000)
  object space 140800K, 19% used [0x00000000a0000000,0x00000000a1a47868,0x00000000a8980000)
 Metaspace       used 61474K, capacity 62824K, committed 63104K, reserved 1105920K
  class space    used 7147K, capacity 7497K, committed 7552K, reserved 1048576K
Event: 2980.077 GC heap after
Heap after GC invocations=22 (full 4):
 PSYoungGen      total 208384K, used 35223K [0x00000000e0000000, 0x00000000f1300000, 0x0000000100000000)
  eden space 163840K, 0% used [0x00000000e0000000,0x00000000e0000000,0x00000000ea000000)
  from space 44544K, 79% used [0x00000000ee780000,0x00000000f09e5f00,0x00000000f1300000)
  to   space 58880K, 0% used [0x00000000ea000000,0x00000000ea000000,0x00000000ed980000)
 ParOldGen       total 140800K, used 26918K [0x00000000a0000000, 0x00000000a8980000, 0x00000000e0000000)
  object space 140800K, 19% used [0x00000000a0000000,0x00000000a1a49868,0x00000000a8980000)
 Metaspace       used 61474K, capacity 62824K, committed 63104K, reserved 1105920K
  class space    used 7147K, capacity 7497K, committed 7552K, reserved 1048576K
}

