# JRE version: OpenJDK Runtime Environment (8.0_152-b06) (build 1.8.0_152-release-1136-b06)
# Java VM: OpenJDK 64-Bit Server VM (25.152-b06 mixed mode windows-amd64 compressed oops)
Heap:
 PSYoungGen      total 136192K, used 56938K [0x00000000d6180000, 0x00000000e1400000, 0x0000000100000000)
  eden space 131072K, 43% used [0x00000000d6180000,0x00000000d991a9c0,0x00000000de180000)
  from space 5120K, 0% used [0x00000000de180000,0x00000000de180000,0x00000000de680000)
  to   space 19456K, 0% used [0x00000000e0100000,0x00000000e0100000,0x00000000e1400000)
 ParOldGen       total 109056K, used 24271K [0x0000000082400000, 0x0000000088e80000, 0x00000000d6180000)
  object space 109056K, 22% used [0x0000000082400000,0x0000000083bb3ce0,0x0000000088e80000)
 Metaspace       used 37837K, capacity 38566K, committed 38952K, reserved 1085440K
  class space    used 4622K, capacity 4798K, committed 4912K, reserved 1048576K
GC Heap History (10 events):
Event: 1.661 GC heap before
{Heap before GC invocations=3 (full 0):
 PSYoungGen      total 70656K, used 21226K [0x00000000d6180000, 0x00000000dab80000, 0x0000000100000000)
  eden space 65536K, 24% used [0x00000000d6180000,0x00000000d71428f0,0x00000000da180000)
  from space 5120K, 99% used [0x00000000da680000,0x00000000dab78030,0x00000000dab80000)
  to   space 5120K, 0% used [0x00000000da180000,0x00000000da180000,0x00000000da680000)
 ParOldGen       total 86016K, used 8152K [0x0000000082400000, 0x0000000087800000, 0x00000000d6180000)
  object space 86016K, 9% used [0x0000000082400000,0x0000000082bf63e8,0x0000000087800000)
 Metaspace       used 20764K, capacity 21124K, committed 21296K, reserved 1067008K
  class space    used 2662K, capacity 2818K, committed 2864K, reserved 1048576K
Event: 1.668 GC heap after
Heap after GC invocations=3 (full 0):
 PSYoungGen      total 70656K, used 5108K [0x00000000d6180000, 0x00000000deb80000, 0x0000000100000000)
  eden space 65536K, 0% used [0x00000000d6180000,0x00000000d6180000,0x00000000da180000)
  from space 5120K, 99% used [0x00000000da180000,0x00000000da67d040,0x00000000da680000)
  to   space 5120K, 0% used [0x00000000de680000,0x00000000de680000,0x00000000deb80000)
 ParOldGen       total 86016K, used 11718K [0x0000000082400000, 0x0000000087800000, 0x00000000d6180000)
  object space 86016K, 13% used [0x0000000082400000,0x0000000082f71810,0x0000000087800000)
 Metaspace       used 20764K, capacity 21124K, committed 21296K, reserved 1067008K
  class space    used 2662K, capacity 2818K, committed 2864K, reserved 1048576K
}
Event: 1.668 GC heap before
{Heap before GC invocations=4 (full 1):
 PSYoungGen      total 70656K, used 5108K [0x00000000d6180000, 0x00000000deb80000, 0x0000000100000000)
  eden space 65536K, 0% used [0x00000000d6180000,0x00000000d6180000,0x00000000da180000)
  from space 5120K, 99% used [0x00000000da180000,0x00000000da67d040,0x00000000da680000)
  to   space 5120K, 0% used [0x00000000de680000,0x00000000de680000,0x00000000deb80000)
 ParOldGen       total 86016K, used 11718K [0x0000000082400000, 0x0000000087800000, 0x00000000d6180000)
  object space 86016K, 13% used [0x0000000082400000,0x0000000082f71810,0x0000000087800000)
 Metaspace       used 20764K, capacity 21124K, committed 21296K, reserved 1067008K
  class space    used 2662K, capacity 2818K, committed 2864K, reserved 1048576K
Event: 1.697 GC heap after
Heap after GC invocations=4 (full 1):
 PSYoungGen      total 70656K, used 0K [0x00000000d6180000, 0x00000000deb80000, 0x0000000100000000)
  eden space 65536K, 0% used [0x00000000d6180000,0x00000000d6180000,0x00000000da180000)
  from space 5120K, 0% used [0x00000000da180000,0x00000000da180000,0x00000000da680000)
  to   space 5120K, 0% used [0x00000000de680000,0x00000000de680000,0x00000000deb80000)
 ParOldGen       total 62464K, used 8720K [0x0000000082400000, 0x0000000086100000, 0x00000000d6180000)
  object space 62464K, 13% used [0x0000000082400000,0x0000000082c84058,0x0000000086100000)
 Metaspace       used 20764K, capacity 21124K, committed 21296K, reserved 1067008K
  class space    used 2662K, capacity 2818K, committed 2864K, reserved 1048576K
}
Event: 6.777 GC heap before
{Heap before GC invocations=5 (full 1):
 PSYoungGen      total 70656K, used 65536K [0x00000000d6180000, 0x00000000deb80000, 0x0000000100000000)
  eden space 65536K, 100% used [0x00000000d6180000,0x00000000da180000,0x00000000da180000)
  from space 5120K, 0% used [0x00000000da180000,0x00000000da180000,0x00000000da680000)
  to   space 5120K, 0% used [0x00000000de680000,0x00000000de680000,0x00000000deb80000)
 ParOldGen       total 62464K, used 8720K [0x0000000082400000, 0x0000000086100000, 0x00000000d6180000)
  object space 62464K, 13% used [0x0000000082400000,0x0000000082c84058,0x0000000086100000)
 Metaspace       used 28841K, capacity 29207K, committed 29744K, reserved 1075200K
  class space    used 3645K, capacity 3766K, committed 3888K, reserved 1048576K
Event: 6.798 GC heap after
Heap after GC invocations=5 (full 1):
 PSYoungGen      total 102400K, used 5118K [0x00000000d6180000, 0x00000000deb80000, 0x0000000100000000)
  eden space 97280K, 0% used [0x00000000d6180000,0x00000000d6180000,0x00000000dc080000)
  from space 5120K, 99% used [0x00000000de680000,0x00000000deb7fb18,0x00000000deb80000)
  to   space 5120K, 0% used [0x00000000de180000,0x00000000de180000,0x00000000de680000)
 ParOldGen       total 62464K, used 19745K [0x0000000082400000, 0x0000000086100000, 0x00000000d6180000)
  object space 62464K, 31% used [0x0000000082400000,0x0000000083748558,0x0000000086100000)
 Metaspace       used 28841K, capacity 29207K, committed 29744K, reserved 1075200K
  class space    used 3645K, capacity 3766K, committed 3888K, reserved 1048576K
}
Event: 7.616 GC heap before
{Heap before GC invocations=6 (full 1):
 PSYoungGen      total 102400K, used 64764K [0x00000000d6180000, 0x00000000deb80000, 0x0000000100000000)
  eden space 97280K, 61% used [0x00000000d6180000,0x00000000d9bbf748,0x00000000dc080000)
  from space 5120K, 99% used [0x00000000de680000,0x00000000deb7fb18,0x00000000deb80000)
  to   space 5120K, 0% used [0x00000000de180000,0x00000000de180000,0x00000000de680000)
 ParOldGen       total 62464K, used 19745K [0x0000000082400000, 0x0000000086100000, 0x00000000d6180000)
  object space 62464K, 31% used [0x0000000082400000,0x0000000083748558,0x0000000086100000)
 Metaspace       used 34621K, capacity 35145K, committed 35496K, reserved 1081344K
  class space    used 4311K, capacity 4469K, committed 4528K, reserved 1048576K
Event: 7.629 GC heap after
Heap after GC invocations=6 (full 1):
 PSYoungGen      total 136192K, used 5118K [0x00000000d6180000, 0x00000000e1400000, 0x0000000100000000)
  eden space 131072K, 0% used [0x00000000d6180000,0x00000000d6180000,0x00000000de180000)
  from space 5120K, 99% used [0x00000000de180000,0x00000000de67fb18,0x00000000de680000)
  to   space 19456K, 0% used [0x00000000e0100000,0x00000000e0100000,0x00000000e1400000)
 ParOldGen       total 62464K, used 31493K [0x0000000082400000, 0x0000000086100000, 0x00000000d6180000)
  object space 62464K, 50% used [0x0000000082400000,0x00000000842c1420,0x0000000086100000)
 Metaspace       used 34621K, capacity 35145K, committed 35496K, reserved 1081344K
  class space    used 4311K, capacity 4469K, committed 4528K, reserved 1048576K
}
Event: 7.629 GC heap before
{Heap before GC invocations=7 (full 2):
 PSYoungGen      total 136192K, used 5118K [0x00000000d6180000, 0x00000000e1400000, 0x0000000100000000)
  eden space 131072K, 0% used [0x00000000d6180000,0x00000000d6180000,0x00000000de180000)
  from space 5120K, 99% used [0x00000000de180000,0x00000000de67fb18,0x00000000de680000)
  to   space 19456K, 0% used [0x00000000e0100000,0x00000000e0100000,0x00000000e1400000)
 ParOldGen       total 62464K, used 31493K [0x0000000082400000, 0x0000000086100000, 0x00000000d6180000)
  object space 62464K, 50% used [0x0000000082400000,0x00000000842c1420,0x0000000086100000)
 Metaspace       used 34621K, capacity 35145K, committed 35496K, reserved 1081344K
  class space    used 4311K, capacity 4469K, committed 4528K, reserved 1048576K
Event: 7.689 GC heap after
Heap after GC invocations=7 (full 2):
 PSYoungGen      total 136192K, used 0K [0x00000000d6180000, 0x00000000e1400000, 0x0000000100000000)
  eden space 131072K, 0% used [0x00000000d6180000,0x00000000d6180000,0x00000000de180000)
  from space 5120K, 0% used [0x00000000de180000,0x00000000de180000,0x00000000de680000)
  to   space 19456K, 0% used [0x00000000e0100000,0x00000000e0100000,0x00000000e1400000)
 ParOldGen       total 109056K, used 24271K [0x0000000082400000, 0x0000000088e80000, 0x00000000d6180000)
  object space 109056K, 22% used [0x0000000082400000,0x0000000083bb3ce0,0x0000000088e80000)
 Metaspace       used 34621K, capacity 35145K, committed 35496K, reserved 1081344K
  class space    used 4311K, capacity 4469K, committed 4528K, reserved 1048576K
}

