# JRE version: OpenJDK Runtime Environment (8.0_152-b06) (build 1.8.0_152-release-1136-b06)
# Java VM: OpenJDK 64-Bit Server VM (25.152-b06 mixed mode windows-amd64 compressed oops)
Heap:
 PSYoungGen      total 366080K, used 16554K [0x00000000e0000000, 0x00000000f8800000, 0x0000000100000000)
  eden space 330752K, 5% used [0x00000000e0000000,0x00000000e102ab08,0x00000000f4300000)
  from space 35328K, 0% used [0x00000000f4300000,0x00000000f4300000,0x00000000f6580000)
  to   space 25088K, 0% used [0x00000000f6f80000,0x00000000f6f80000,0x00000000f8800000)
 ParOldGen       total 238592K, used 66775K [0x00000000a0000000, 0x00000000ae900000, 0x00000000e0000000)
  object space 238592K, 27% used [0x00000000a0000000,0x00000000a4135e20,0x00000000ae900000)
 Metaspace       used 95230K, capacity 99281K, committed 101248K, reserved 1138688K
  class space    used 12345K, capacity 13187K, committed 13696K, reserved 1048576K
GC Heap History (10 events):
Event: 62.605 GC heap before
{Heap before GC invocations=22 (full 3):
 PSYoungGen      total 322048K, used 290045K [0x00000000e0000000, 0x00000000f6700000, 0x0000000100000000)
  eden space 282624K, 99% used [0x00000000e0000000,0x00000000f13ae698,0x00000000f1400000)
  from space 39424K, 19% used [0x00000000f3980000,0x00000000f4111130,0x00000000f6000000)
  to   space 38400K, 0% used [0x00000000f1400000,0x00000000f1400000,0x00000000f3980000)
 ParOldGen       total 148992K, used 111882K [0x00000000a0000000, 0x00000000a9180000, 0x00000000e0000000)
  object space 148992K, 75% used [0x00000000a0000000,0x00000000a6d42998,0x00000000a9180000)
 Metaspace       used 91366K, capacity 96201K, committed 96256K, reserved 1132544K
  class space    used 12030K, capacity 13025K, committed 13056K, reserved 1048576K
Event: 62.610 GC heap after
Heap after GC invocations=22 (full 3):
 PSYoungGen      total 321024K, used 3236K [0x00000000e0000000, 0x00000000f9400000, 0x0000000100000000)
  eden space 282624K, 0% used [0x00000000e0000000,0x00000000e0000000,0x00000000f1400000)
  from space 38400K, 8% used [0x00000000f1400000,0x00000000f1729150,0x00000000f3980000)
  to   space 37376K, 0% used [0x00000000f6f80000,0x00000000f6f80000,0x00000000f9400000)
 ParOldGen       total 148992K, used 111890K [0x00000000a0000000, 0x00000000a9180000, 0x00000000e0000000)
  object space 148992K, 75% used [0x00000000a0000000,0x00000000a6d44998,0x00000000a9180000)
 Metaspace       used 91366K, capacity 96201K, committed 96256K, reserved 1132544K
  class space    used 12030K, capacity 13025K, committed 13056K, reserved 1048576K
}
Event: 352.248 GC heap before
{Heap before GC invocations=23 (full 3):
 PSYoungGen      total 321024K, used 262348K [0x00000000e0000000, 0x00000000f9400000, 0x0000000100000000)
  eden space 282624K, 91% used [0x00000000e0000000,0x00000000efd0a260,0x00000000f1400000)
  from space 38400K, 8% used [0x00000000f1400000,0x00000000f1729150,0x00000000f3980000)
  to   space 37376K, 0% used [0x00000000f6f80000,0x00000000f6f80000,0x00000000f9400000)
 ParOldGen       total 148992K, used 111890K [0x00000000a0000000, 0x00000000a9180000, 0x00000000e0000000)
  object space 148992K, 75% used [0x00000000a0000000,0x00000000a6d44998,0x00000000a9180000)
 Metaspace       used 93162K, capacity 98301K, committed 98380K, reserved 1134592K
  class space    used 12242K, capacity 13235K, committed 13312K, reserved 1048576K
Event: 352.262 GC heap after
Heap after GC invocations=23 (full 3):
 PSYoungGen      total 355840K, used 13769K [0x00000000e0000000, 0x00000000f8800000, 0x0000000100000000)
  eden space 330752K, 0% used [0x00000000e0000000,0x00000000e0000000,0x00000000f4300000)
  from space 25088K, 54% used [0x00000000f6f80000,0x00000000f7cf2410,0x00000000f8800000)
  to   space 35328K, 0% used [0x00000000f4300000,0x00000000f4300000,0x00000000f6580000)
 ParOldGen       total 148992K, used 112826K [0x00000000a0000000, 0x00000000a9180000, 0x00000000e0000000)
  object space 148992K, 75% used [0x00000000a0000000,0x00000000a6e2e9c8,0x00000000a9180000)
 Metaspace       used 93162K, capacity 98301K, committed 98380K, reserved 1134592K
  class space    used 12242K, capacity 13235K, committed 13312K, reserved 1048576K
}
Event: 352.262 GC heap before
{Heap before GC invocations=24 (full 4):
 PSYoungGen      total 355840K, used 13769K [0x00000000e0000000, 0x00000000f8800000, 0x0000000100000000)
  eden space 330752K, 0% used [0x00000000e0000000,0x00000000e0000000,0x00000000f4300000)
  from space 25088K, 54% used [0x00000000f6f80000,0x00000000f7cf2410,0x00000000f8800000)
  to   space 35328K, 0% used [0x00000000f4300000,0x00000000f4300000,0x00000000f6580000)
 ParOldGen       total 148992K, used 112826K [0x00000000a0000000, 0x00000000a9180000, 0x00000000e0000000)
  object space 148992K, 75% used [0x00000000a0000000,0x00000000a6e2e9c8,0x00000000a9180000)
 Metaspace       used 93162K, capacity 98301K, committed 98380K, reserved 1134592K
  class space    used 12242K, capacity 13235K, committed 13312K, reserved 1048576K
Event: 352.498 GC heap after
Heap after GC invocations=24 (full 4):
 PSYoungGen      total 355840K, used 0K [0x00000000e0000000, 0x00000000f8800000, 0x0000000100000000)
  eden space 330752K, 0% used [0x00000000e0000000,0x00000000e0000000,0x00000000f4300000)
  from space 25088K, 0% used [0x00000000f6f80000,0x00000000f6f80000,0x00000000f8800000)
  to   space 35328K, 0% used [0x00000000f4300000,0x00000000f4300000,0x00000000f6580000)
 ParOldGen       total 238592K, used 78956K [0x00000000a0000000, 0x00000000ae900000, 0x00000000e0000000)
  object space 238592K, 33% used [0x00000000a0000000,0x00000000a4d1b380,0x00000000ae900000)
 Metaspace       used 92431K, capacity 96369K, committed 98380K, reserved 1134592K
  class space    used 11985K, capacity 12789K, committed 13312K, reserved 1048576K
}
Event: 395.456 GC heap before
{Heap before GC invocations=25 (full 4):
 PSYoungGen      total 355840K, used 120325K [0x00000000e0000000, 0x00000000f8800000, 0x0000000100000000)
  eden space 330752K, 36% used [0x00000000e0000000,0x00000000e7581550,0x00000000f4300000)
  from space 25088K, 0% used [0x00000000f6f80000,0x00000000f6f80000,0x00000000f8800000)
  to   space 35328K, 0% used [0x00000000f4300000,0x00000000f4300000,0x00000000f6580000)
 ParOldGen       total 238592K, used 78956K [0x00000000a0000000, 0x00000000ae900000, 0x00000000e0000000)
  object space 238592K, 33% used [0x00000000a0000000,0x00000000a4d1b380,0x00000000ae900000)
 Metaspace       used 95164K, capacity 99079K, committed 100992K, reserved 1140736K
  class space    used 12334K, capacity 13172K, committed 13696K, reserved 1048576K
Event: 395.470 GC heap after
Heap after GC invocations=25 (full 4):
 PSYoungGen      total 366080K, used 6204K [0x00000000e0000000, 0x00000000f8800000, 0x0000000100000000)
  eden space 330752K, 0% used [0x00000000e0000000,0x00000000e0000000,0x00000000f4300000)
  from space 35328K, 17% used [0x00000000f4300000,0x00000000f490f020,0x00000000f6580000)
  to   space 25088K, 0% used [0x00000000f6f80000,0x00000000f6f80000,0x00000000f8800000)
 ParOldGen       total 238592K, used 78964K [0x00000000a0000000, 0x00000000ae900000, 0x00000000e0000000)
  object space 238592K, 33% used [0x00000000a0000000,0x00000000a4d1d380,0x00000000ae900000)
 Metaspace       used 95164K, capacity 99079K, committed 100992K, reserved 1140736K
  class space    used 12334K, capacity 13172K, committed 13696K, reserved 1048576K
}
Event: 395.470 GC heap before
{Heap before GC invocations=26 (full 5):
 PSYoungGen      total 366080K, used 6204K [0x00000000e0000000, 0x00000000f8800000, 0x0000000100000000)
  eden space 330752K, 0% used [0x00000000e0000000,0x00000000e0000000,0x00000000f4300000)
  from space 35328K, 17% used [0x00000000f4300000,0x00000000f490f020,0x00000000f6580000)
  to   space 25088K, 0% used [0x00000000f6f80000,0x00000000f6f80000,0x00000000f8800000)
 ParOldGen       total 238592K, used 78964K [0x00000000a0000000, 0x00000000ae900000, 0x00000000e0000000)
  object space 238592K, 33% used [0x00000000a0000000,0x00000000a4d1d380,0x00000000ae900000)
 Metaspace       used 95164K, capacity 99079K, committed 100992K, reserved 1140736K
  class space    used 12334K, capacity 13172K, committed 13696K, reserved 1048576K
Event: 395.631 GC heap after
Heap after GC invocations=26 (full 5):
 PSYoungGen      total 366080K, used 0K [0x00000000e0000000, 0x00000000f8800000, 0x0000000100000000)
  eden space 330752K, 0% used [0x00000000e0000000,0x00000000e0000000,0x00000000f4300000)
  from space 35328K, 0% used [0x00000000f4300000,0x00000000f4300000,0x00000000f6580000)
  to   space 25088K, 0% used [0x00000000f6f80000,0x00000000f6f80000,0x00000000f8800000)
 ParOldGen       total 238592K, used 66775K [0x00000000a0000000, 0x00000000ae900000, 0x00000000e0000000)
  object space 238592K, 27% used [0x00000000a0000000,0x00000000a4135e20,0x00000000ae900000)
 Metaspace       used 95164K, capacity 99079K, committed 100992K, reserved 1138688K
  class space    used 12334K, capacity 13172K, committed 13696K, reserved 1048576K
}

