# JRE version: OpenJDK Runtime Environment (8.0_152-b06) (build 1.8.0_152-release-1136-b06)
# Java VM: OpenJDK 64-Bit Server VM (25.152-b06 mixed mode windows-amd64 compressed oops)
Heap:
 PSYoungGen      total 125440K, used 64229K [0x00000000e0000000, 0x00000000eb380000, 0x0000000100000000)
  eden space 91648K, 33% used [0x00000000e0000000,0x00000000e1dbd8c0,0x00000000e5980000)
  from space 33792K, 99% used [0x00000000e8200000,0x00000000ea2fbec8,0x00000000ea300000)
  to   space 41472K, 0% used [0x00000000e5980000,0x00000000e5980000,0x00000000e8200000)
 ParOldGen       total 98304K, used 47842K [0x00000000a0000000, 0x00000000a6000000, 0x00000000e0000000)
  object space 98304K, 48% used [0x00000000a0000000,0x00000000a2eb89f8,0x00000000a6000000)
 Metaspace       used 54070K, capacity 55076K, committed 55592K, reserved 1097728K
  class space    used 6548K, capacity 6833K, committed 6960K, reserved 1048576K
GC Heap History (10 events):
Event: 9.322 GC heap before
{Heap before GC invocations=11 (full 3):
 PSYoungGen      total 64000K, used 59215K [0x00000000e0000000, 0x00000000e5f00000, 0x0000000100000000)
  eden space 49152K, 100% used [0x00000000e0000000,0x00000000e3000000,0x00000000e3000000)
  from space 14848K, 67% used [0x00000000e3000000,0x00000000e39d3c80,0x00000000e3e80000)
  to   space 14848K, 0% used [0x00000000e5080000,0x00000000e5080000,0x00000000e5f00000)
 ParOldGen       total 98304K, used 18412K [0x00000000a0000000, 0x00000000a6000000, 0x00000000e0000000)
  object space 98304K, 18% used [0x00000000a0000000,0x00000000a11fb2e8,0x00000000a6000000)
 Metaspace       used 41930K, capacity 42638K, committed 43048K, reserved 1087488K
  class space    used 5180K, capacity 5342K, committed 5424K, reserved 1048576K
Event: 9.332 GC heap after
Heap after GC invocations=11 (full 3):
 PSYoungGen      total 80896K, used 13503K [0x00000000e0000000, 0x00000000e6200000, 0x0000000100000000)
  eden space 66048K, 0% used [0x00000000e0000000,0x00000000e0000000,0x00000000e4080000)
  from space 14848K, 90% used [0x00000000e5080000,0x00000000e5dafd40,0x00000000e5f00000)
  to   space 16384K, 0% used [0x00000000e4080000,0x00000000e4080000,0x00000000e5080000)
 ParOldGen       total 98304K, used 18420K [0x00000000a0000000, 0x00000000a6000000, 0x00000000e0000000)
  object space 98304K, 18% used [0x00000000a0000000,0x00000000a11fd2e8,0x00000000a6000000)
 Metaspace       used 41930K, capacity 42638K, committed 43048K, reserved 1087488K
  class space    used 5180K, capacity 5342K, committed 5424K, reserved 1048576K
}
Event: 10.218 GC heap before
{Heap before GC invocations=12 (full 3):
 PSYoungGen      total 80896K, used 79551K [0x00000000e0000000, 0x00000000e6200000, 0x0000000100000000)
  eden space 66048K, 100% used [0x00000000e0000000,0x00000000e4080000,0x00000000e4080000)
  from space 14848K, 90% used [0x00000000e5080000,0x00000000e5dafd40,0x00000000e5f00000)
  to   space 16384K, 0% used [0x00000000e4080000,0x00000000e4080000,0x00000000e5080000)
 ParOldGen       total 98304K, used 18420K [0x00000000a0000000, 0x00000000a6000000, 0x00000000e0000000)
  object space 98304K, 18% used [0x00000000a0000000,0x00000000a11fd2e8,0x00000000a6000000)
 Metaspace       used 50650K, capacity 51530K, committed 51880K, reserved 1095680K
  class space    used 6272K, capacity 6502K, committed 6576K, reserved 1048576K
Event: 10.234 GC heap after
Heap after GC invocations=12 (full 3):
 PSYoungGen      total 82432K, used 16357K [0x00000000e0000000, 0x00000000e8580000, 0x0000000100000000)
  eden space 66048K, 0% used [0x00000000e0000000,0x00000000e0000000,0x00000000e4080000)
  from space 16384K, 99% used [0x00000000e4080000,0x00000000e50795c0,0x00000000e5080000)
  to   space 22528K, 0% used [0x00000000e6f80000,0x00000000e6f80000,0x00000000e8580000)
 ParOldGen       total 98304K, used 28157K [0x00000000a0000000, 0x00000000a6000000, 0x00000000e0000000)
  object space 98304K, 28% used [0x00000000a0000000,0x00000000a1b7f728,0x00000000a6000000)
 Metaspace       used 50650K, capacity 51530K, committed 51880K, reserved 1095680K
  class space    used 6272K, capacity 6502K, committed 6576K, reserved 1048576K
}
Event: 124.012 GC heap before
{Heap before GC invocations=13 (full 3):
 PSYoungGen      total 82432K, used 82405K [0x00000000e0000000, 0x00000000e8580000, 0x0000000100000000)
  eden space 66048K, 100% used [0x00000000e0000000,0x00000000e4080000,0x00000000e4080000)
  from space 16384K, 99% used [0x00000000e4080000,0x00000000e50795c0,0x00000000e5080000)
  to   space 22528K, 0% used [0x00000000e6f80000,0x00000000e6f80000,0x00000000e8580000)
 ParOldGen       total 98304K, used 28157K [0x00000000a0000000, 0x00000000a6000000, 0x00000000e0000000)
  object space 98304K, 28% used [0x00000000a0000000,0x00000000a1b7f728,0x00000000a6000000)
 Metaspace       used 52793K, capacity 53786K, committed 54184K, reserved 1097728K
  class space    used 6463K, capacity 6726K, committed 6832K, reserved 1048576K
Event: 124.030 GC heap after
Heap after GC invocations=13 (full 3):
 PSYoungGen      total 101888K, used 22501K [0x00000000e0000000, 0x00000000e8580000, 0x0000000100000000)
  eden space 79360K, 0% used [0x00000000e0000000,0x00000000e0000000,0x00000000e4d80000)
  from space 22528K, 99% used [0x00000000e6f80000,0x00000000e85796d0,0x00000000e8580000)
  to   space 26624K, 0% used [0x00000000e5180000,0x00000000e5180000,0x00000000e6b80000)
 ParOldGen       total 98304K, used 30960K [0x00000000a0000000, 0x00000000a6000000, 0x00000000e0000000)
  object space 98304K, 31% used [0x00000000a0000000,0x00000000a1e3c3f8,0x00000000a6000000)
 Metaspace       used 52793K, capacity 53786K, committed 54184K, reserved 1097728K
  class space    used 6463K, capacity 6726K, committed 6832K, reserved 1048576K
}
Event: 124.644 GC heap before
{Heap before GC invocations=14 (full 3):
 PSYoungGen      total 101888K, used 101861K [0x00000000e0000000, 0x00000000e8580000, 0x0000000100000000)
  eden space 79360K, 100% used [0x00000000e0000000,0x00000000e4d80000,0x00000000e4d80000)
  from space 22528K, 99% used [0x00000000e6f80000,0x00000000e85796d0,0x00000000e8580000)
  to   space 26624K, 0% used [0x00000000e5180000,0x00000000e5180000,0x00000000e6b80000)
 ParOldGen       total 98304K, used 30960K [0x00000000a0000000, 0x00000000a6000000, 0x00000000e0000000)
  object space 98304K, 31% used [0x00000000a0000000,0x00000000a1e3c3f8,0x00000000a6000000)
 Metaspace       used 53186K, capacity 54138K, committed 54440K, reserved 1097728K
  class space    used 6485K, capacity 6758K, committed 6832K, reserved 1048576K
Event: 124.667 GC heap after
Heap after GC invocations=14 (full 3):
 PSYoungGen      total 110080K, used 26604K [0x00000000e0000000, 0x00000000ea300000, 0x0000000100000000)
  eden space 83456K, 0% used [0x00000000e0000000,0x00000000e0000000,0x00000000e5180000)
  from space 26624K, 99% used [0x00000000e5180000,0x00000000e6b7b2c0,0x00000000e6b80000)
  to   space 33792K, 0% used [0x00000000e8200000,0x00000000e8200000,0x00000000ea300000)
 ParOldGen       total 98304K, used 40467K [0x00000000a0000000, 0x00000000a6000000, 0x00000000e0000000)
  object space 98304K, 41% used [0x00000000a0000000,0x00000000a2784ef0,0x00000000a6000000)
 Metaspace       used 53186K, capacity 54138K, committed 54440K, reserved 1097728K
  class space    used 6485K, capacity 6758K, committed 6832K, reserved 1048576K
}
Event: 285.171 GC heap before
{Heap before GC invocations=15 (full 3):
 PSYoungGen      total 110080K, used 110060K [0x00000000e0000000, 0x00000000ea300000, 0x0000000100000000)
  eden space 83456K, 100% used [0x00000000e0000000,0x00000000e5180000,0x00000000e5180000)
  from space 26624K, 99% used [0x00000000e5180000,0x00000000e6b7b2c0,0x00000000e6b80000)
  to   space 33792K, 0% used [0x00000000e8200000,0x00000000e8200000,0x00000000ea300000)
 ParOldGen       total 98304K, used 40467K [0x00000000a0000000, 0x00000000a6000000, 0x00000000e0000000)
  object space 98304K, 41% used [0x00000000a0000000,0x00000000a2784ef0,0x00000000a6000000)
 Metaspace       used 53849K, capacity 54904K, committed 55208K, reserved 1097728K
  class space    used 6527K, capacity 6799K, committed 6832K, reserved 1048576K
Event: 285.198 GC heap after
Heap after GC invocations=15 (full 3):
 PSYoungGen      total 125440K, used 33775K [0x00000000e0000000, 0x00000000eb380000, 0x0000000100000000)
  eden space 91648K, 0% used [0x00000000e0000000,0x00000000e0000000,0x00000000e5980000)
  from space 33792K, 99% used [0x00000000e8200000,0x00000000ea2fbec8,0x00000000ea300000)
  to   space 41472K, 0% used [0x00000000e5980000,0x00000000e5980000,0x00000000e8200000)
 ParOldGen       total 98304K, used 47842K [0x00000000a0000000, 0x00000000a6000000, 0x00000000e0000000)
  object space 98304K, 48% used [0x00000000a0000000,0x00000000a2eb89f8,0x00000000a6000000)
 Metaspace       used 53849K, capacity 54904K, committed 55208K, reserved 1097728K
  class space    used 6527K, capacity 6799K, committed 6832K, reserved 1048576K
}

