# JRE version: OpenJDK Runtime Environment (8.0_152-b06) (build 1.8.0_152-release-1136-b06)
# Java VM: OpenJDK 64-Bit Server VM (25.152-b06 mixed mode windows-amd64 compressed oops)
Heap:
 PSYoungGen      total 56320K, used 54612K [0x00000000e0000000, 0x00000000e6d80000, 0x0000000100000000)
  eden space 55808K, 97% used [0x00000000e0000000,0x00000000e35550d8,0x00000000e3680000)
  from space 512K, 0% used [0x00000000e4500000,0x00000000e4500000,0x00000000e4580000)
  to   space 14848K, 0% used [0x00000000e3680000,0x00000000e3680000,0x00000000e4500000)
 ParOldGen       total 72704K, used 15748K [0x00000000a0000000, 0x00000000a4700000, 0x00000000e0000000)
  object space 72704K, 21% used [0x00000000a0000000,0x00000000a0f612f8,0x00000000a4700000)
 Metaspace       used 39720K, capacity 40399K, committed 41088K, reserved 1087488K
  class space    used 4974K, capacity 5162K, committed 5248K, reserved 1048576K
GC Heap History (10 events):
Event: 1.655 GC heap before
{Heap before GC invocations=5 (full 2):
 PSYoungGen      total 37888K, used 5111K [0x00000000e0000000, 0x00000000e4a00000, 0x0000000100000000)
  eden space 32768K, 0% used [0x00000000e0000000,0x00000000e0000000,0x00000000e2000000)
  from space 5120K, 99% used [0x00000000e2000000,0x00000000e24fddc0,0x00000000e2500000)
  to   space 5120K, 0% used [0x00000000e4500000,0x00000000e4500000,0x00000000e4a00000)
 ParOldGen       total 86016K, used 10364K [0x00000000a0000000, 0x00000000a5400000, 0x00000000e0000000)
  object space 86016K, 12% used [0x00000000a0000000,0x00000000a0a1f120,0x00000000a5400000)
 Metaspace       used 20682K, capacity 21034K, committed 21296K, reserved 1069056K
  class space    used 2481K, capacity 2605K, committed 2688K, reserved 1048576K
Event: 1.680 GC heap after
Heap after GC invocations=5 (full 2):
 PSYoungGen      total 37888K, used 0K [0x00000000e0000000, 0x00000000e4a00000, 0x0000000100000000)
  eden space 32768K, 0% used [0x00000000e0000000,0x00000000e0000000,0x00000000e2000000)
  from space 5120K, 0% used [0x00000000e2000000,0x00000000e2000000,0x00000000e2500000)
  to   space 5120K, 0% used [0x00000000e4500000,0x00000000e4500000,0x00000000e4a00000)
 ParOldGen       total 72704K, used 11351K [0x00000000a0000000, 0x00000000a4700000, 0x00000000e0000000)
  object space 72704K, 15% used [0x00000000a0000000,0x00000000a0b15c28,0x00000000a4700000)
 Metaspace       used 20682K, capacity 21034K, committed 21296K, reserved 1069056K
  class space    used 2481K, capacity 2605K, committed 2688K, reserved 1048576K
}
Event: 2.508 GC heap before
{Heap before GC invocations=6 (full 2):
 PSYoungGen      total 37888K, used 32768K [0x00000000e0000000, 0x00000000e4a00000, 0x0000000100000000)
  eden space 32768K, 100% used [0x00000000e0000000,0x00000000e2000000,0x00000000e2000000)
  from space 5120K, 0% used [0x00000000e2000000,0x00000000e2000000,0x00000000e2500000)
  to   space 5120K, 0% used [0x00000000e4500000,0x00000000e4500000,0x00000000e4a00000)
 ParOldGen       total 72704K, used 11351K [0x00000000a0000000, 0x00000000a4700000, 0x00000000e0000000)
  object space 72704K, 15% used [0x00000000a0000000,0x00000000a0b15c28,0x00000000a4700000)
 Metaspace       used 28003K, capacity 28576K, committed 28928K, reserved 1075200K
  class space    used 3656K, capacity 3806K, committed 3840K, reserved 1048576K
Event: 2.516 GC heap after
Heap after GC invocations=6 (full 2):
 PSYoungGen      total 48128K, used 5103K [0x00000000e0000000, 0x00000000e4a00000, 0x0000000100000000)
  eden space 43008K, 0% used [0x00000000e0000000,0x00000000e0000000,0x00000000e2a00000)
  from space 5120K, 99% used [0x00000000e4500000,0x00000000e49fbde8,0x00000000e4a00000)
  to   space 5120K, 0% used [0x00000000e4000000,0x00000000e4000000,0x00000000e4500000)
 ParOldGen       total 72704K, used 14507K [0x00000000a0000000, 0x00000000a4700000, 0x00000000e0000000)
  object space 72704K, 19% used [0x00000000a0000000,0x00000000a0e2ace0,0x00000000a4700000)
 Metaspace       used 28003K, capacity 28576K, committed 28928K, reserved 1075200K
  class space    used 3656K, capacity 3806K, committed 3840K, reserved 1048576K
}
Event: 2.990 GC heap before
{Heap before GC invocations=7 (full 2):
 PSYoungGen      total 48128K, used 48111K [0x00000000e0000000, 0x00000000e4a00000, 0x0000000100000000)
  eden space 43008K, 100% used [0x00000000e0000000,0x00000000e2a00000,0x00000000e2a00000)
  from space 5120K, 99% used [0x00000000e4500000,0x00000000e49fbde8,0x00000000e4a00000)
  to   space 5120K, 0% used [0x00000000e4000000,0x00000000e4000000,0x00000000e4500000)
 ParOldGen       total 72704K, used 14507K [0x00000000a0000000, 0x00000000a4700000, 0x00000000e0000000)
  object space 72704K, 19% used [0x00000000a0000000,0x00000000a0e2ace0,0x00000000a4700000)
 Metaspace       used 33038K, capacity 33586K, committed 33920K, reserved 1079296K
  class space    used 4215K, capacity 4359K, committed 4480K, reserved 1048576K
Event: 3.000 GC heap after
Heap after GC invocations=7 (full 2):
 PSYoungGen      total 63488K, used 5090K [0x00000000e0000000, 0x00000000e4580000, 0x0000000100000000)
  eden space 58368K, 0% used [0x00000000e0000000,0x00000000e0000000,0x00000000e3900000)
  from space 5120K, 99% used [0x00000000e4000000,0x00000000e44f89e8,0x00000000e4500000)
  to   space 512K, 0% used [0x00000000e4500000,0x00000000e4500000,0x00000000e4580000)
 ParOldGen       total 72704K, used 22567K [0x00000000a0000000, 0x00000000a4700000, 0x00000000e0000000)
  object space 72704K, 31% used [0x00000000a0000000,0x00000000a1609db8,0x00000000a4700000)
 Metaspace       used 33038K, capacity 33586K, committed 33920K, reserved 1079296K
  class space    used 4215K, capacity 4359K, committed 4480K, reserved 1048576K
}
Event: 3.147 GC heap before
{Heap before GC invocations=8 (full 2):
 PSYoungGen      total 63488K, used 16493K [0x00000000e0000000, 0x00000000e4580000, 0x0000000100000000)
  eden space 58368K, 19% used [0x00000000e0000000,0x00000000e0b22b88,0x00000000e3900000)
  from space 5120K, 99% used [0x00000000e4000000,0x00000000e44f89e8,0x00000000e4500000)
  to   space 512K, 0% used [0x00000000e4500000,0x00000000e4500000,0x00000000e4580000)
 ParOldGen       total 72704K, used 22567K [0x00000000a0000000, 0x00000000a4700000, 0x00000000e0000000)
  object space 72704K, 31% used [0x00000000a0000000,0x00000000a1609db8,0x00000000a4700000)
 Metaspace       used 34564K, capacity 35102K, committed 35496K, reserved 1081344K
  class space    used 4364K, capacity 4521K, committed 4608K, reserved 1048576K
Event: 3.151 GC heap after
Heap after GC invocations=8 (full 2):
 PSYoungGen      total 56320K, used 480K [0x00000000e0000000, 0x00000000e6d80000, 0x0000000100000000)
  eden space 55808K, 0% used [0x00000000e0000000,0x00000000e0000000,0x00000000e3680000)
  from space 512K, 93% used [0x00000000e4500000,0x00000000e4578010,0x00000000e4580000)
  to   space 14848K, 0% used [0x00000000e3680000,0x00000000e3680000,0x00000000e4500000)
 ParOldGen       total 72704K, used 29717K [0x00000000a0000000, 0x00000000a4700000, 0x00000000e0000000)
  object space 72704K, 40% used [0x00000000a0000000,0x00000000a1d05530,0x00000000a4700000)
 Metaspace       used 34564K, capacity 35102K, committed 35496K, reserved 1081344K
  class space    used 4364K, capacity 4521K, committed 4608K, reserved 1048576K
}
Event: 3.151 GC heap before
{Heap before GC invocations=9 (full 3):
 PSYoungGen      total 56320K, used 480K [0x00000000e0000000, 0x00000000e6d80000, 0x0000000100000000)
  eden space 55808K, 0% used [0x00000000e0000000,0x00000000e0000000,0x00000000e3680000)
  from space 512K, 93% used [0x00000000e4500000,0x00000000e4578010,0x00000000e4580000)
  to   space 14848K, 0% used [0x00000000e3680000,0x00000000e3680000,0x00000000e4500000)
 ParOldGen       total 72704K, used 29717K [0x00000000a0000000, 0x00000000a4700000, 0x00000000e0000000)
  object space 72704K, 40% used [0x00000000a0000000,0x00000000a1d05530,0x00000000a4700000)
 Metaspace       used 34564K, capacity 35102K, committed 35496K, reserved 1081344K
  class space    used 4364K, capacity 4521K, committed 4608K, reserved 1048576K
Event: 3.207 GC heap after
Heap after GC invocations=9 (full 3):
 PSYoungGen      total 56320K, used 0K [0x00000000e0000000, 0x00000000e6d80000, 0x0000000100000000)
  eden space 55808K, 0% used [0x00000000e0000000,0x00000000e0000000,0x00000000e3680000)
  from space 512K, 0% used [0x00000000e4500000,0x00000000e4500000,0x00000000e4580000)
  to   space 14848K, 0% used [0x00000000e3680000,0x00000000e3680000,0x00000000e4500000)
 ParOldGen       total 72704K, used 15748K [0x00000000a0000000, 0x00000000a4700000, 0x00000000e0000000)
  object space 72704K, 21% used [0x00000000a0000000,0x00000000a0f612f8,0x00000000a4700000)
 Metaspace       used 34564K, capacity 35102K, committed 35496K, reserved 1081344K
  class space    used 4364K, capacity 4521K, committed 4608K, reserved 1048576K
}

