# JRE version: OpenJDK Runtime Environment (8.0_152-b06) (build 1.8.0_152-release-1136-b06)
# Java VM: OpenJDK 64-Bit Server VM (25.152-b06 mixed mode windows-amd64 compressed oops)
Heap:
 PSYoungGen      total 46592K, used 10652K [0x00000000d6180000, 0x00000000d9500000, 0x0000000100000000)
  eden space 41472K, 25% used [0x00000000d6180000,0x00000000d6be7138,0x00000000d8a00000)
  from space 5120K, 0% used [0x00000000d8f00000,0x00000000d8f00000,0x00000000d9400000)
  to   space 5120K, 0% used [0x00000000d8a00000,0x00000000d8a00000,0x00000000d8f00000)
 ParOldGen       total 67072K, used 10124K [0x0000000082400000, 0x0000000086580000, 0x00000000d6180000)
  object space 67072K, 15% used [0x0000000082400000,0x0000000082de31e8,0x0000000086580000)
 Metaspace       used 24316K, capacity 24700K, committed 25048K, reserved 1071104K
  class space    used 3103K, capacity 3250K, committed 3328K, reserved 1048576K
GC Heap History (10 events):
Event: 0.881 GC heap before
{Heap before GC invocations=2 (full 0):
 PSYoungGen      total 37888K, used 22278K [0x00000000d6180000, 0x00000000d8b80000, 0x0000000100000000)
  eden space 32768K, 52% used [0x00000000d6180000,0x00000000d7249358,0x00000000d8180000)
  from space 5120K, 99% used [0x00000000d8180000,0x00000000d8678720,0x00000000d8680000)
  to   space 5120K, 0% used [0x00000000d8680000,0x00000000d8680000,0x00000000d8b80000)
 ParOldGen       total 86016K, used 3011K [0x0000000082400000, 0x0000000087800000, 0x00000000d6180000)
  object space 86016K, 3% used [0x0000000082400000,0x00000000826f0c48,0x0000000087800000)
 Metaspace       used 13655K, capacity 13882K, committed 13952K, reserved 1064960K
  class space    used 1575K, capacity 1651K, committed 1664K, reserved 1048576K
Event: 0.886 GC heap after
Heap after GC invocations=2 (full 0):
 PSYoungGen      total 37888K, used 5117K [0x00000000d6180000, 0x00000000d8b80000, 0x0000000100000000)
  eden space 32768K, 0% used [0x00000000d6180000,0x00000000d6180000,0x00000000d8180000)
  from space 5120K, 99% used [0x00000000d8680000,0x00000000d8b7f7d8,0x00000000d8b80000)
  to   space 5120K, 0% used [0x00000000d8180000,0x00000000d8180000,0x00000000d8680000)
 ParOldGen       total 86016K, used 4554K [0x0000000082400000, 0x0000000087800000, 0x00000000d6180000)
  object space 86016K, 5% used [0x0000000082400000,0x0000000082872a90,0x0000000087800000)
 Metaspace       used 13655K, capacity 13882K, committed 13952K, reserved 1064960K
  class space    used 1575K, capacity 1651K, committed 1664K, reserved 1048576K
}
Event: 0.886 GC heap before
{Heap before GC invocations=3 (full 1):
 PSYoungGen      total 37888K, used 5117K [0x00000000d6180000, 0x00000000d8b80000, 0x0000000100000000)
  eden space 32768K, 0% used [0x00000000d6180000,0x00000000d6180000,0x00000000d8180000)
  from space 5120K, 99% used [0x00000000d8680000,0x00000000d8b7f7d8,0x00000000d8b80000)
  to   space 5120K, 0% used [0x00000000d8180000,0x00000000d8180000,0x00000000d8680000)
 ParOldGen       total 86016K, used 4554K [0x0000000082400000, 0x0000000087800000, 0x00000000d6180000)
  object space 86016K, 5% used [0x0000000082400000,0x0000000082872a90,0x0000000087800000)
 Metaspace       used 13655K, capacity 13882K, committed 13952K, reserved 1064960K
  class space    used 1575K, capacity 1651K, committed 1664K, reserved 1048576K
Event: 0.919 GC heap after
Heap after GC invocations=3 (full 1):
 PSYoungGen      total 37888K, used 0K [0x00000000d6180000, 0x00000000d8b80000, 0x0000000100000000)
  eden space 32768K, 0% used [0x00000000d6180000,0x00000000d6180000,0x00000000d8180000)
  from space 5120K, 0% used [0x00000000d8680000,0x00000000d8680000,0x00000000d8b80000)
  to   space 5120K, 0% used [0x00000000d8180000,0x00000000d8180000,0x00000000d8680000)
 ParOldGen       total 67072K, used 6385K [0x0000000082400000, 0x0000000086580000, 0x00000000d6180000)
  object space 67072K, 9% used [0x0000000082400000,0x0000000082a3c518,0x0000000086580000)
 Metaspace       used 13655K, capacity 13882K, committed 13952K, reserved 1062912K
  class space    used 1575K, capacity 1651K, committed 1664K, reserved 1048576K
}
Event: 1.392 GC heap before
{Heap before GC invocations=4 (full 1):
 PSYoungGen      total 37888K, used 32768K [0x00000000d6180000, 0x00000000d8b80000, 0x0000000100000000)
  eden space 32768K, 100% used [0x00000000d6180000,0x00000000d8180000,0x00000000d8180000)
  from space 5120K, 0% used [0x00000000d8680000,0x00000000d8680000,0x00000000d8b80000)
  to   space 5120K, 0% used [0x00000000d8180000,0x00000000d8180000,0x00000000d8680000)
 ParOldGen       total 67072K, used 6385K [0x0000000082400000, 0x0000000086580000, 0x00000000d6180000)
  object space 67072K, 9% used [0x0000000082400000,0x0000000082a3c518,0x0000000086580000)
 Metaspace       used 21421K, capacity 21830K, committed 22144K, reserved 1069056K
  class space    used 2749K, capacity 2883K, committed 2944K, reserved 1048576K
Event: 1.397 GC heap after
Heap after GC invocations=4 (full 1):
 PSYoungGen      total 37888K, used 5090K [0x00000000d6180000, 0x00000000d9400000, 0x0000000100000000)
  eden space 32768K, 0% used [0x00000000d6180000,0x00000000d6180000,0x00000000d8180000)
  from space 5120K, 99% used [0x00000000d8180000,0x00000000d8678be8,0x00000000d8680000)
  to   space 5120K, 0% used [0x00000000d8f00000,0x00000000d8f00000,0x00000000d9400000)
 ParOldGen       total 67072K, used 9359K [0x0000000082400000, 0x0000000086580000, 0x00000000d6180000)
  object space 67072K, 13% used [0x0000000082400000,0x0000000082d23ef0,0x0000000086580000)
 Metaspace       used 21421K, capacity 21830K, committed 22144K, reserved 1069056K
  class space    used 2749K, capacity 2883K, committed 2944K, reserved 1048576K
}
Event: 1.588 GC heap before
{Heap before GC invocations=5 (full 1):
 PSYoungGen      total 37888K, used 26443K [0x00000000d6180000, 0x00000000d9400000, 0x0000000100000000)
  eden space 32768K, 65% used [0x00000000d6180000,0x00000000d765a2b8,0x00000000d8180000)
  from space 5120K, 99% used [0x00000000d8180000,0x00000000d8678be8,0x00000000d8680000)
  to   space 5120K, 0% used [0x00000000d8f00000,0x00000000d8f00000,0x00000000d9400000)
 ParOldGen       total 67072K, used 9359K [0x0000000082400000, 0x0000000086580000, 0x00000000d6180000)
  object space 67072K, 13% used [0x0000000082400000,0x0000000082d23ef0,0x0000000086580000)
 Metaspace       used 22781K, capacity 23144K, committed 23256K, reserved 1069056K
  class space    used 2924K, capacity 3054K, committed 3072K, reserved 1048576K
Event: 1.592 GC heap after
Heap after GC invocations=5 (full 1):
 PSYoungGen      total 46592K, used 5112K [0x00000000d6180000, 0x00000000d9500000, 0x0000000100000000)
  eden space 41472K, 0% used [0x00000000d6180000,0x00000000d6180000,0x00000000d8a00000)
  from space 5120K, 99% used [0x00000000d8f00000,0x00000000d93fe288,0x00000000d9400000)
  to   space 5120K, 0% used [0x00000000d8a00000,0x00000000d8a00000,0x00000000d8f00000)
 ParOldGen       total 67072K, used 10162K [0x0000000082400000, 0x0000000086580000, 0x00000000d6180000)
  object space 67072K, 15% used [0x0000000082400000,0x0000000082dec8a0,0x0000000086580000)
 Metaspace       used 22781K, capacity 23144K, committed 23256K, reserved 1069056K
  class space    used 2924K, capacity 3054K, committed 3072K, reserved 1048576K
}
Event: 1.592 GC heap before
{Heap before GC invocations=6 (full 2):
 PSYoungGen      total 46592K, used 5112K [0x00000000d6180000, 0x00000000d9500000, 0x0000000100000000)
  eden space 41472K, 0% used [0x00000000d6180000,0x00000000d6180000,0x00000000d8a00000)
  from space 5120K, 99% used [0x00000000d8f00000,0x00000000d93fe288,0x00000000d9400000)
  to   space 5120K, 0% used [0x00000000d8a00000,0x00000000d8a00000,0x00000000d8f00000)
 ParOldGen       total 67072K, used 10162K [0x0000000082400000, 0x0000000086580000, 0x00000000d6180000)
  object space 67072K, 15% used [0x0000000082400000,0x0000000082dec8a0,0x0000000086580000)
 Metaspace       used 22781K, capacity 23144K, committed 23256K, reserved 1069056K
  class space    used 2924K, capacity 3054K, committed 3072K, reserved 1048576K
Event: 1.637 GC heap after
Heap after GC invocations=6 (full 2):
 PSYoungGen      total 46592K, used 0K [0x00000000d6180000, 0x00000000d9500000, 0x0000000100000000)
  eden space 41472K, 0% used [0x00000000d6180000,0x00000000d6180000,0x00000000d8a00000)
  from space 5120K, 0% used [0x00000000d8f00000,0x00000000d8f00000,0x00000000d9400000)
  to   space 5120K, 0% used [0x00000000d8a00000,0x00000000d8a00000,0x00000000d8f00000)
 ParOldGen       total 67072K, used 10124K [0x0000000082400000, 0x0000000086580000, 0x00000000d6180000)
  object space 67072K, 15% used [0x0000000082400000,0x0000000082de31e8,0x0000000086580000)
 Metaspace       used 22781K, capacity 23144K, committed 23256K, reserved 1069056K
  class space    used 2924K, capacity 3054K, committed 3072K, reserved 1048576K
}

