# JRE version: OpenJDK Runtime Environment (8.0_152-b06) (build 1.8.0_152-release-1136-b06)
# Java VM: OpenJDK 64-Bit Server VM (25.152-b06 mixed mode windows-amd64 compressed oops)
Heap:
 PSYoungGen      total 244224K, used 78024K [0x00000000e0000000, 0x00000000f0a80000, 0x0000000100000000)
  eden space 219648K, 26% used [0x00000000e0000000,0x00000000e3833fd8,0x00000000ed680000)
  from space 24576K, 83% used [0x00000000ef280000,0x00000000f067e240,0x00000000f0a80000)
  to   space 26624K, 0% used [0x00000000ed680000,0x00000000ed680000,0x00000000ef080000)
 ParOldGen       total 140800K, used 74007K [0x00000000a0000000, 0x00000000a8980000, 0x00000000e0000000)
  object space 140800K, 52% used [0x00000000a0000000,0x00000000a4845e48,0x00000000a8980000)
 Metaspace       used 87295K, capacity 90852K, committed 91096K, reserved 1128448K
  class space    used 11308K, capacity 12210K, committed 12288K, reserved 1048576K
GC Heap History (10 events):
Event: 229.173 GC heap before
{Heap before GC invocations=21 (full 3):
 PSYoungGen      total 167936K, used 157592K [0x00000000e0000000, 0x00000000ed900000, 0x0000000100000000)
  eden space 145408K, 100% used [0x00000000e0000000,0x00000000e8e00000,0x00000000e8e00000)
  from space 22528K, 54% used [0x00000000e8e00000,0x00000000e99e6080,0x00000000ea400000)
  to   space 22016K, 0% used [0x00000000ec380000,0x00000000ec380000,0x00000000ed900000)
 ParOldGen       total 140800K, used 51053K [0x00000000a0000000, 0x00000000a8980000, 0x00000000e0000000)
  object space 140800K, 36% used [0x00000000a0000000,0x00000000a31db748,0x00000000a8980000)
 Metaspace       used 72361K, capacity 75275K, committed 75352K, reserved 1114112K
  class space    used 9616K, capacity 10341K, committed 10368K, reserved 1048576K
Event: 229.192 GC heap after
Heap after GC invocations=21 (full 3):
 PSYoungGen      total 190976K, used 7658K [0x00000000e0000000, 0x00000000ed400000, 0x0000000100000000)
  eden space 174080K, 0% used [0x00000000e0000000,0x00000000e0000000,0x00000000eaa00000)
  from space 16896K, 45% used [0x00000000ec380000,0x00000000ecafaa50,0x00000000ed400000)
  to   space 21504K, 0% used [0x00000000eaa00000,0x00000000eaa00000,0x00000000ebf00000)
 ParOldGen       total 140800K, used 57281K [0x00000000a0000000, 0x00000000a8980000, 0x00000000e0000000)
  object space 140800K, 40% used [0x00000000a0000000,0x00000000a37f0518,0x00000000a8980000)
 Metaspace       used 72361K, capacity 75275K, committed 75352K, reserved 1114112K
  class space    used 9616K, capacity 10341K, committed 10368K, reserved 1048576K
}
Event: 235.907 GC heap before
{Heap before GC invocations=22 (full 3):
 PSYoungGen      total 190976K, used 181738K [0x00000000e0000000, 0x00000000ed400000, 0x0000000100000000)
  eden space 174080K, 100% used [0x00000000e0000000,0x00000000eaa00000,0x00000000eaa00000)
  from space 16896K, 45% used [0x00000000ec380000,0x00000000ecafaa50,0x00000000ed400000)
  to   space 21504K, 0% used [0x00000000eaa00000,0x00000000eaa00000,0x00000000ebf00000)
 ParOldGen       total 140800K, used 57281K [0x00000000a0000000, 0x00000000a8980000, 0x00000000e0000000)
  object space 140800K, 40% used [0x00000000a0000000,0x00000000a37f0518,0x00000000a8980000)
 Metaspace       used 76658K, capacity 79835K, committed 79960K, reserved 1118208K
  class space    used 10094K, capacity 10877K, committed 10880K, reserved 1048576K
Event: 235.922 GC heap after
Heap after GC invocations=22 (full 3):
 PSYoungGen      total 195584K, used 12784K [0x00000000e0000000, 0x00000000ef000000, 0x0000000100000000)
  eden space 174080K, 0% used [0x00000000e0000000,0x00000000e0000000,0x00000000eaa00000)
  from space 21504K, 59% used [0x00000000eaa00000,0x00000000eb67c268,0x00000000ebf00000)
  to   space 20992K, 0% used [0x00000000edb80000,0x00000000edb80000,0x00000000ef000000)
 ParOldGen       total 140800K, used 61715K [0x00000000a0000000, 0x00000000a8980000, 0x00000000e0000000)
  object space 140800K, 43% used [0x00000000a0000000,0x00000000a3c44e18,0x00000000a8980000)
 Metaspace       used 76658K, capacity 79835K, committed 79960K, reserved 1118208K
  class space    used 10094K, capacity 10877K, committed 10880K, reserved 1048576K
}
Event: 243.801 GC heap before
{Heap before GC invocations=23 (full 3):
 PSYoungGen      total 195584K, used 186864K [0x00000000e0000000, 0x00000000ef000000, 0x0000000100000000)
  eden space 174080K, 100% used [0x00000000e0000000,0x00000000eaa00000,0x00000000eaa00000)
  from space 21504K, 59% used [0x00000000eaa00000,0x00000000eb67c268,0x00000000ebf00000)
  to   space 20992K, 0% used [0x00000000edb80000,0x00000000edb80000,0x00000000ef000000)
 ParOldGen       total 140800K, used 61715K [0x00000000a0000000, 0x00000000a8980000, 0x00000000e0000000)
  object space 140800K, 43% used [0x00000000a0000000,0x00000000a3c44e18,0x00000000a8980000)
 Metaspace       used 77262K, capacity 80483K, committed 80600K, reserved 1118208K
  class space    used 10136K, capacity 10945K, committed 11008K, reserved 1048576K
Event: 243.817 GC heap after
Heap after GC invocations=23 (full 3):
 PSYoungGen      total 215552K, used 14190K [0x00000000e0000000, 0x00000000eeb80000, 0x0000000100000000)
  eden space 199168K, 0% used [0x00000000e0000000,0x00000000e0000000,0x00000000ec280000)
  from space 16384K, 86% used [0x00000000edb80000,0x00000000ee95b848,0x00000000eeb80000)
  to   space 20992K, 0% used [0x00000000ec280000,0x00000000ec280000,0x00000000ed700000)
 ParOldGen       total 140800K, used 61723K [0x00000000a0000000, 0x00000000a8980000, 0x00000000e0000000)
  object space 140800K, 43% used [0x00000000a0000000,0x00000000a3c46e18,0x00000000a8980000)
 Metaspace       used 77262K, capacity 80483K, committed 80600K, reserved 1118208K
  class space    used 10136K, capacity 10945K, committed 11008K, reserved 1048576K
}
Event: 1102.588 GC heap before
{Heap before GC invocations=24 (full 3):
 PSYoungGen      total 215552K, used 213358K [0x00000000e0000000, 0x00000000eeb80000, 0x0000000100000000)
  eden space 199168K, 100% used [0x00000000e0000000,0x00000000ec280000,0x00000000ec280000)
  from space 16384K, 86% used [0x00000000edb80000,0x00000000ee95b848,0x00000000eeb80000)
  to   space 20992K, 0% used [0x00000000ec280000,0x00000000ec280000,0x00000000ed700000)
 ParOldGen       total 140800K, used 61723K [0x00000000a0000000, 0x00000000a8980000, 0x00000000e0000000)
  object space 140800K, 43% used [0x00000000a0000000,0x00000000a3c46e18,0x00000000a8980000)
 Metaspace       used 80306K, capacity 83859K, committed 84056K, reserved 1122304K
  class space    used 10448K, capacity 11343K, committed 11392K, reserved 1048576K
Event: 1102.610 GC heap after
Heap after GC invocations=24 (full 3):
 PSYoungGen      total 220160K, used 20961K [0x00000000e0000000, 0x00000000f0b00000, 0x0000000100000000)
  eden space 199168K, 0% used [0x00000000e0000000,0x00000000e0000000,0x00000000ec280000)
  from space 20992K, 99% used [0x00000000ec280000,0x00000000ed6f8568,0x00000000ed700000)
  to   space 25088K, 0% used [0x00000000ef280000,0x00000000ef280000,0x00000000f0b00000)
 ParOldGen       total 140800K, used 64925K [0x00000000a0000000, 0x00000000a8980000, 0x00000000e0000000)
  object space 140800K, 46% used [0x00000000a0000000,0x00000000a3f674f0,0x00000000a8980000)
 Metaspace       used 80306K, capacity 83859K, committed 84056K, reserved 1122304K
  class space    used 10448K, capacity 11343K, committed 11392K, reserved 1048576K
}
Event: 1111.141 GC heap before
{Heap before GC invocations=25 (full 3):
 PSYoungGen      total 220160K, used 220129K [0x00000000e0000000, 0x00000000f0b00000, 0x0000000100000000)
  eden space 199168K, 100% used [0x00000000e0000000,0x00000000ec280000,0x00000000ec280000)
  from space 20992K, 99% used [0x00000000ec280000,0x00000000ed6f8568,0x00000000ed700000)
  to   space 25088K, 0% used [0x00000000ef280000,0x00000000ef280000,0x00000000f0b00000)
 ParOldGen       total 140800K, used 64925K [0x00000000a0000000, 0x00000000a8980000, 0x00000000e0000000)
  object space 140800K, 46% used [0x00000000a0000000,0x00000000a3f674f0,0x00000000a8980000)
 Metaspace       used 83534K, capacity 87140K, committed 87256K, reserved 1124352K
  class space    used 10828K, capacity 11762K, committed 11776K, reserved 1048576K
Event: 1111.167 GC heap after
Heap after GC invocations=25 (full 3):
 PSYoungGen      total 244224K, used 20472K [0x00000000e0000000, 0x00000000f0a80000, 0x0000000100000000)
  eden space 219648K, 0% used [0x00000000e0000000,0x00000000e0000000,0x00000000ed680000)
  from space 24576K, 83% used [0x00000000ef280000,0x00000000f067e240,0x00000000f0a80000)
  to   space 26624K, 0% used [0x00000000ed680000,0x00000000ed680000,0x00000000ef080000)
 ParOldGen       total 140800K, used 74007K [0x00000000a0000000, 0x00000000a8980000, 0x00000000e0000000)
  object space 140800K, 52% used [0x00000000a0000000,0x00000000a4845e48,0x00000000a8980000)
 Metaspace       used 83534K, capacity 87140K, committed 87256K, reserved 1124352K
  class space    used 10828K, capacity 11762K, committed 11776K, reserved 1048576K
}

