# JRE version: OpenJDK Runtime Environment (8.0_152-b06) (build 1.8.0_152-release-1136-b06)
# Java VM: OpenJDK 64-Bit Server VM (25.152-b06 mixed mode windows-amd64 compressed oops)
Heap:
 PSYoungGen      total 37888K, used 19356K [0x00000000e0000000, 0x00000000e2a00000, 0x0000000100000000)
  eden space 32768K, 59% used [0x00000000e0000000,0x00000000e12e7388,0x00000000e2000000)
  from space 5120K, 0% used [0x00000000e2500000,0x00000000e2500000,0x00000000e2a00000)
  to   space 5120K, 0% used [0x00000000e2000000,0x00000000e2000000,0x00000000e2500000)
 ParOldGen       total 81408K, used 18060K [0x00000000a0000000, 0x00000000a4f80000, 0x00000000e0000000)
  object space 81408K, 22% used [0x00000000a0000000,0x00000000a11a32d8,0x00000000a4f80000)
 Metaspace       used 37083K, capacity 37742K, committed 38184K, reserved 1083392K
  class space    used 4664K, capacity 4821K, committed 4912K, reserved 1048576K
GC Heap History (10 events):
Event: 25.545 GC heap before
{Heap before GC invocations=5 (full 2):
 PSYoungGen      total 37888K, used 5105K [0x00000000e0000000, 0x00000000e2a00000, 0x0000000100000000)
  eden space 32768K, 0% used [0x00000000e0000000,0x00000000e0000000,0x00000000e2000000)
  from space 5120K, 99% used [0x00000000e2000000,0x00000000e24fc520,0x00000000e2500000)
  to   space 5120K, 0% used [0x00000000e2500000,0x00000000e2500000,0x00000000e2a00000)
 ParOldGen       total 86016K, used 10308K [0x00000000a0000000, 0x00000000a5400000, 0x00000000e0000000)
  object space 86016K, 11% used [0x00000000a0000000,0x00000000a0a111d8,0x00000000a5400000)
 Metaspace       used 20775K, capacity 21146K, committed 21296K, reserved 1069056K
  class space    used 2481K, capacity 2577K, committed 2608K, reserved 1048576K
Event: 25.573 GC heap after
Heap after GC invocations=5 (full 2):
 PSYoungGen      total 37888K, used 0K [0x00000000e0000000, 0x00000000e2a00000, 0x0000000100000000)
  eden space 32768K, 0% used [0x00000000e0000000,0x00000000e0000000,0x00000000e2000000)
  from space 5120K, 0% used [0x00000000e2000000,0x00000000e2000000,0x00000000e2500000)
  to   space 5120K, 0% used [0x00000000e2500000,0x00000000e2500000,0x00000000e2a00000)
 ParOldGen       total 50688K, used 11360K [0x00000000a0000000, 0x00000000a3180000, 0x00000000e0000000)
  object space 50688K, 22% used [0x00000000a0000000,0x00000000a0b183b8,0x00000000a3180000)
 Metaspace       used 20775K, capacity 21146K, committed 21296K, reserved 1069056K
  class space    used 2481K, capacity 2577K, committed 2608K, reserved 1048576K
}
Event: 25.946 GC heap before
{Heap before GC invocations=6 (full 2):
 PSYoungGen      total 37888K, used 32768K [0x00000000e0000000, 0x00000000e2a00000, 0x0000000100000000)
  eden space 32768K, 100% used [0x00000000e0000000,0x00000000e2000000,0x00000000e2000000)
  from space 5120K, 0% used [0x00000000e2000000,0x00000000e2000000,0x00000000e2500000)
  to   space 5120K, 0% used [0x00000000e2500000,0x00000000e2500000,0x00000000e2a00000)
 ParOldGen       total 50688K, used 11360K [0x00000000a0000000, 0x00000000a3180000, 0x00000000e0000000)
  object space 50688K, 22% used [0x00000000a0000000,0x00000000a0b183b8,0x00000000a3180000)
 Metaspace       used 25671K, capacity 26250K, committed 26544K, reserved 1073152K
  class space    used 3262K, capacity 3443K, committed 3504K, reserved 1048576K
Event: 25.950 GC heap after
Heap after GC invocations=6 (full 2):
 PSYoungGen      total 37888K, used 5107K [0x00000000e0000000, 0x00000000e2a00000, 0x0000000100000000)
  eden space 32768K, 0% used [0x00000000e0000000,0x00000000e0000000,0x00000000e2000000)
  from space 5120K, 99% used [0x00000000e2500000,0x00000000e29fce80,0x00000000e2a00000)
  to   space 5120K, 0% used [0x00000000e2000000,0x00000000e2000000,0x00000000e2500000)
 ParOldGen       total 50688K, used 13399K [0x00000000a0000000, 0x00000000a3180000, 0x00000000e0000000)
  object space 50688K, 26% used [0x00000000a0000000,0x00000000a0d15c38,0x00000000a3180000)
 Metaspace       used 25671K, capacity 26250K, committed 26544K, reserved 1073152K
  class space    used 3262K, capacity 3443K, committed 3504K, reserved 1048576K
}
Event: 26.417 GC heap before
{Heap before GC invocations=7 (full 2):
 PSYoungGen      total 37888K, used 37875K [0x00000000e0000000, 0x00000000e2a00000, 0x0000000100000000)
  eden space 32768K, 100% used [0x00000000e0000000,0x00000000e2000000,0x00000000e2000000)
  from space 5120K, 99% used [0x00000000e2500000,0x00000000e29fce80,0x00000000e2a00000)
  to   space 5120K, 0% used [0x00000000e2000000,0x00000000e2000000,0x00000000e2500000)
 ParOldGen       total 50688K, used 13399K [0x00000000a0000000, 0x00000000a3180000, 0x00000000e0000000)
  object space 50688K, 26% used [0x00000000a0000000,0x00000000a0d15c38,0x00000000a3180000)
 Metaspace       used 30731K, capacity 31276K, committed 31792K, reserved 1077248K
  class space    used 3853K, capacity 4026K, committed 4144K, reserved 1048576K
Event: 26.425 GC heap after
Heap after GC invocations=7 (full 2):
 PSYoungGen      total 37888K, used 5106K [0x00000000e0000000, 0x00000000e2a00000, 0x0000000100000000)
  eden space 32768K, 0% used [0x00000000e0000000,0x00000000e0000000,0x00000000e2000000)
  from space 5120K, 99% used [0x00000000e2000000,0x00000000e24fcb28,0x00000000e2500000)
  to   space 5120K, 0% used [0x00000000e2500000,0x00000000e2500000,0x00000000e2a00000)
 ParOldGen       total 50688K, used 20531K [0x00000000a0000000, 0x00000000a3180000, 0x00000000e0000000)
  object space 50688K, 40% used [0x00000000a0000000,0x00000000a140cf68,0x00000000a3180000)
 Metaspace       used 30731K, capacity 31276K, committed 31792K, reserved 1077248K
  class space    used 3853K, capacity 4026K, committed 4144K, reserved 1048576K
}
Event: 26.776 GC heap before
{Heap before GC invocations=8 (full 2):
 PSYoungGen      total 37888K, used 27877K [0x00000000e0000000, 0x00000000e2a00000, 0x0000000100000000)
  eden space 32768K, 69% used [0x00000000e0000000,0x00000000e163ca20,0x00000000e2000000)
  from space 5120K, 99% used [0x00000000e2000000,0x00000000e24fcb28,0x00000000e2500000)
  to   space 5120K, 0% used [0x00000000e2500000,0x00000000e2500000,0x00000000e2a00000)
 ParOldGen       total 50688K, used 20531K [0x00000000a0000000, 0x00000000a3180000, 0x00000000e0000000)
  object space 50688K, 40% used [0x00000000a0000000,0x00000000a140cf68,0x00000000a3180000)
 Metaspace       used 34667K, capacity 35190K, committed 35496K, reserved 1081344K
  class space    used 4357K, capacity 4513K, committed 4528K, reserved 1048576K
Event: 26.781 GC heap after
Heap after GC invocations=8 (full 2):
 PSYoungGen      total 37888K, used 5118K [0x00000000e0000000, 0x00000000e2a00000, 0x0000000100000000)
  eden space 32768K, 0% used [0x00000000e0000000,0x00000000e0000000,0x00000000e2000000)
  from space 5120K, 99% used [0x00000000e2500000,0x00000000e29ffb18,0x00000000e2a00000)
  to   space 5120K, 0% used [0x00000000e2000000,0x00000000e2000000,0x00000000e2500000)
 ParOldGen       total 50688K, used 26308K [0x00000000a0000000, 0x00000000a3180000, 0x00000000e0000000)
  object space 50688K, 51% used [0x00000000a0000000,0x00000000a19b11c0,0x00000000a3180000)
 Metaspace       used 34667K, capacity 35190K, committed 35496K, reserved 1081344K
  class space    used 4357K, capacity 4513K, committed 4528K, reserved 1048576K
}
Event: 26.781 GC heap before
{Heap before GC invocations=9 (full 3):
 PSYoungGen      total 37888K, used 5118K [0x00000000e0000000, 0x00000000e2a00000, 0x0000000100000000)
  eden space 32768K, 0% used [0x00000000e0000000,0x00000000e0000000,0x00000000e2000000)
  from space 5120K, 99% used [0x00000000e2500000,0x00000000e29ffb18,0x00000000e2a00000)
  to   space 5120K, 0% used [0x00000000e2000000,0x00000000e2000000,0x00000000e2500000)
 ParOldGen       total 50688K, used 26308K [0x00000000a0000000, 0x00000000a3180000, 0x00000000e0000000)
  object space 50688K, 51% used [0x00000000a0000000,0x00000000a19b11c0,0x00000000a3180000)
 Metaspace       used 34667K, capacity 35190K, committed 35496K, reserved 1081344K
  class space    used 4357K, capacity 4513K, committed 4528K, reserved 1048576K
Event: 26.832 GC heap after
Heap after GC invocations=9 (full 3):
 PSYoungGen      total 37888K, used 0K [0x00000000e0000000, 0x00000000e2a00000, 0x0000000100000000)
  eden space 32768K, 0% used [0x00000000e0000000,0x00000000e0000000,0x00000000e2000000)
  from space 5120K, 0% used [0x00000000e2500000,0x00000000e2500000,0x00000000e2a00000)
  to   space 5120K, 0% used [0x00000000e2000000,0x00000000e2000000,0x00000000e2500000)
 ParOldGen       total 81408K, used 18060K [0x00000000a0000000, 0x00000000a4f80000, 0x00000000e0000000)
  object space 81408K, 22% used [0x00000000a0000000,0x00000000a11a32d8,0x00000000a4f80000)
 Metaspace       used 34667K, capacity 35190K, committed 35496K, reserved 1081344K
  class space    used 4357K, capacity 4513K, committed 4528K, reserved 1048576K
}

