# JRE version: OpenJDK Runtime Environment (8.0_152-b06) (build 1.8.0_152-release-1136-b06)
# Java VM: OpenJDK 64-Bit Server VM (25.152-b06 mixed mode windows-amd64 compressed oops)
Heap:
 PSYoungGen      total 409600K, used 242561K [0x00000000e0000000, 0x00000000fff00000, 0x0000000100000000)
  eden space 379392K, 58% used [0x00000000e0000000,0x00000000eda08f80,0x00000000f7280000)
  from space 30208K, 63% used [0x00000000f7280000,0x00000000f85577c0,0x00000000f9000000)
  to   space 30208K, 0% used [0x00000000fe180000,0x00000000fe180000,0x00000000fff00000)
 ParOldGen       total 151552K, used 48364K [0x00000000a0000000, 0x00000000a9400000, 0x00000000e0000000)
  object space 151552K, 31% used [0x00000000a0000000,0x00000000a2f3b220,0x00000000a9400000)
 Metaspace       used 81570K, capacity 85429K, committed 85672K, reserved 1124352K
  class space    used 10880K, capacity 11612K, committed 11696K, reserved 1048576K
GC Heap History (10 events):
Event: 16.893 GC heap before
{Heap before GC invocations=12 (full 3):
 PSYoungGen      total 304640K, used 284672K [0x00000000e0000000, 0x00000000f5180000, 0x0000000100000000)
  eden space 284672K, 100% used [0x00000000e0000000,0x00000000f1600000,0x00000000f1600000)
  from space 19968K, 0% used [0x00000000f3080000,0x00000000f3080000,0x00000000f4400000)
  to   space 27136K, 0% used [0x00000000f1600000,0x00000000f1600000,0x00000000f3080000)
 ParOldGen       total 151552K, used 41910K [0x00000000a0000000, 0x00000000a9400000, 0x00000000e0000000)
  object space 151552K, 27% used [0x00000000a0000000,0x00000000a28ed930,0x00000000a9400000)
 Metaspace       used 65276K, capacity 67466K, committed 67752K, reserved 1107968K
  class space    used 8847K, capacity 9350K, committed 9392K, reserved 1048576K
Event: 16.924 GC heap after
Heap after GC invocations=12 (full 3):
 PSYoungGen      total 311808K, used 21591K [0x00000000e0000000, 0x00000000f8500000, 0x0000000100000000)
  eden space 284672K, 0% used [0x00000000e0000000,0x00000000e0000000,0x00000000f1600000)
  from space 27136K, 79% used [0x00000000f1600000,0x00000000f2b15f80,0x00000000f3080000)
  to   space 29184K, 0% used [0x00000000f6880000,0x00000000f6880000,0x00000000f8500000)
 ParOldGen       total 151552K, used 41918K [0x00000000a0000000, 0x00000000a9400000, 0x00000000e0000000)
  object space 151552K, 27% used [0x00000000a0000000,0x00000000a28ef930,0x00000000a9400000)
 Metaspace       used 65276K, capacity 67466K, committed 67752K, reserved 1107968K
  class space    used 8847K, capacity 9350K, committed 9392K, reserved 1048576K
}
Event: 24.220 GC heap before
{Heap before GC invocations=13 (full 3):
 PSYoungGen      total 311808K, used 305752K [0x00000000e0000000, 0x00000000f8500000, 0x0000000100000000)
  eden space 284672K, 99% used [0x00000000e0000000,0x00000000f15801c8,0x00000000f1600000)
  from space 27136K, 79% used [0x00000000f1600000,0x00000000f2b15f80,0x00000000f3080000)
  to   space 29184K, 0% used [0x00000000f6880000,0x00000000f6880000,0x00000000f8500000)
 ParOldGen       total 151552K, used 41918K [0x00000000a0000000, 0x00000000a9400000, 0x00000000e0000000)
  object space 151552K, 27% used [0x00000000a0000000,0x00000000a28ef930,0x00000000a9400000)
 Metaspace       used 65815K, capacity 68060K, committed 68392K, reserved 1107968K
  class space    used 8906K, capacity 9415K, committed 9520K, reserved 1048576K
Event: 24.239 GC heap after
Heap after GC invocations=13 (full 3):
 PSYoungGen      total 349696K, used 14037K [0x00000000e0000000, 0x00000000f7a00000, 0x0000000100000000)
  eden space 331776K, 0% used [0x00000000e0000000,0x00000000e0000000,0x00000000f4400000)
  from space 17920K, 78% used [0x00000000f6880000,0x00000000f76354e8,0x00000000f7a00000)
  to   space 27648K, 0% used [0x00000000f4400000,0x00000000f4400000,0x00000000f5f00000)
 ParOldGen       total 151552K, used 41926K [0x00000000a0000000, 0x00000000a9400000, 0x00000000e0000000)
  object space 151552K, 27% used [0x00000000a0000000,0x00000000a28f1930,0x00000000a9400000)
 Metaspace       used 65815K, capacity 68060K, committed 68392K, reserved 1107968K
  class space    used 8906K, capacity 9415K, committed 9520K, reserved 1048576K
}
Event: 30.107 GC heap before
{Heap before GC invocations=14 (full 3):
 PSYoungGen      total 349696K, used 345813K [0x00000000e0000000, 0x00000000f7a00000, 0x0000000100000000)
  eden space 331776K, 100% used [0x00000000e0000000,0x00000000f4400000,0x00000000f4400000)
  from space 17920K, 78% used [0x00000000f6880000,0x00000000f76354e8,0x00000000f7a00000)
  to   space 27648K, 0% used [0x00000000f4400000,0x00000000f4400000,0x00000000f5f00000)
 ParOldGen       total 151552K, used 41926K [0x00000000a0000000, 0x00000000a9400000, 0x00000000e0000000)
  object space 151552K, 27% used [0x00000000a0000000,0x00000000a28f1930,0x00000000a9400000)
 Metaspace       used 66668K, capacity 69062K, committed 69288K, reserved 1110016K
  class space    used 9029K, capacity 9572K, committed 9648K, reserved 1048576K
Event: 30.123 GC heap after
Heap after GC invocations=14 (full 3):
 PSYoungGen      total 359424K, used 26832K [0x00000000e0000000, 0x00000000fae80000, 0x0000000100000000)
  eden space 331776K, 0% used [0x00000000e0000000,0x00000000e0000000,0x00000000f4400000)
  from space 27648K, 97% used [0x00000000f4400000,0x00000000f5e34350,0x00000000f5f00000)
  to   space 31232K, 0% used [0x00000000f9000000,0x00000000f9000000,0x00000000fae80000)
 ParOldGen       total 151552K, used 48348K [0x00000000a0000000, 0x00000000a9400000, 0x00000000e0000000)
  object space 151552K, 31% used [0x00000000a0000000,0x00000000a2f37220,0x00000000a9400000)
 Metaspace       used 66668K, capacity 69062K, committed 69288K, reserved 1110016K
  class space    used 9029K, capacity 9572K, committed 9648K, reserved 1048576K
}
Event: 30.248 GC heap before
{Heap before GC invocations=15 (full 3):
 PSYoungGen      total 359424K, used 358292K [0x00000000e0000000, 0x00000000fae80000, 0x0000000100000000)
  eden space 331776K, 99% used [0x00000000e0000000,0x00000000f43b0da0,0x00000000f4400000)
  from space 27648K, 97% used [0x00000000f4400000,0x00000000f5e34350,0x00000000f5f00000)
  to   space 31232K, 0% used [0x00000000f9000000,0x00000000f9000000,0x00000000fae80000)
 ParOldGen       total 151552K, used 48348K [0x00000000a0000000, 0x00000000a9400000, 0x00000000e0000000)
  object space 151552K, 31% used [0x00000000a0000000,0x00000000a2f37220,0x00000000a9400000)
 Metaspace       used 66894K, capacity 69260K, committed 69544K, reserved 1110016K
  class space    used 9059K, capacity 9613K, committed 9648K, reserved 1048576K
Event: 30.269 GC heap after
Heap after GC invocations=15 (full 3):
 PSYoungGen      total 410624K, used 13470K [0x00000000e0000000, 0x00000000ff080000, 0x0000000100000000)
  eden space 379392K, 0% used [0x00000000e0000000,0x00000000e0000000,0x00000000f7280000)
  from space 31232K, 43% used [0x00000000f9000000,0x00000000f9d27ad0,0x00000000fae80000)
  to   space 30208K, 0% used [0x00000000f7280000,0x00000000f7280000,0x00000000f9000000)
 ParOldGen       total 151552K, used 48356K [0x00000000a0000000, 0x00000000a9400000, 0x00000000e0000000)
  object space 151552K, 31% used [0x00000000a0000000,0x00000000a2f39220,0x00000000a9400000)
 Metaspace       used 66894K, capacity 69260K, committed 69544K, reserved 1110016K
  class space    used 9059K, capacity 9613K, committed 9648K, reserved 1048576K
}
Event: 172.189 GC heap before
{Heap before GC invocations=16 (full 3):
 PSYoungGen      total 410624K, used 392862K [0x00000000e0000000, 0x00000000ff080000, 0x0000000100000000)
  eden space 379392K, 100% used [0x00000000e0000000,0x00000000f7280000,0x00000000f7280000)
  from space 31232K, 43% used [0x00000000f9000000,0x00000000f9d27ad0,0x00000000fae80000)
  to   space 30208K, 0% used [0x00000000f7280000,0x00000000f7280000,0x00000000f9000000)
 ParOldGen       total 151552K, used 48356K [0x00000000a0000000, 0x00000000a9400000, 0x00000000e0000000)
  object space 151552K, 31% used [0x00000000a0000000,0x00000000a2f39220,0x00000000a9400000)
 Metaspace       used 71091K, capacity 73782K, committed 74024K, reserved 1114112K
  class space    used 9427K, capacity 9986K, committed 10032K, reserved 1048576K
Event: 172.224 GC heap after
Heap after GC invocations=16 (full 3):
 PSYoungGen      total 409600K, used 19293K [0x00000000e0000000, 0x00000000fff00000, 0x0000000100000000)
  eden space 379392K, 0% used [0x00000000e0000000,0x00000000e0000000,0x00000000f7280000)
  from space 30208K, 63% used [0x00000000f7280000,0x00000000f85577c0,0x00000000f9000000)
  to   space 30208K, 0% used [0x00000000fe180000,0x00000000fe180000,0x00000000fff00000)
 ParOldGen       total 151552K, used 48364K [0x00000000a0000000, 0x00000000a9400000, 0x00000000e0000000)
  object space 151552K, 31% used [0x00000000a0000000,0x00000000a2f3b220,0x00000000a9400000)
 Metaspace       used 71091K, capacity 73782K, committed 74024K, reserved 1114112K
  class space    used 9427K, capacity 9986K, committed 10032K, reserved 1048576K
}

