# JRE version: OpenJDK Runtime Environment (8.0_152-b06) (build 1.8.0_152-release-1136-b06)
# Java VM: OpenJDK 64-Bit Server VM (25.152-b06 mixed mode windows-amd64 compressed oops)
Heap:
 PSYoungGen      total 197632K, used 62488K [0x00000000e0000000, 0x00000000f0f00000, 0x0000000100000000)
  eden space 151552K, 13% used [0x00000000e0000000,0x00000000e13c8248,0x00000000e9400000)
  from space 46080K, 91% used [0x00000000e9400000,0x00000000ebd3e0f0,0x00000000ec100000)
  to   space 51200K, 0% used [0x00000000edd00000,0x00000000edd00000,0x00000000f0f00000)
 ParOldGen       total 146432K, used 25628K [0x00000000a0000000, 0x00000000a8f00000, 0x00000000e0000000)
  object space 146432K, 17% used [0x00000000a0000000,0x00000000a1907198,0x00000000a8f00000)
 Metaspace       used 59241K, capacity 60382K, committed 60712K, reserved 1103872K
  class space    used 6794K, capacity 7084K, committed 7216K, reserved 1048576K
GC Heap History (10 events):
Event: 1644.357 GC heap before
{Heap before GC invocations=16 (full 2):
 PSYoungGen      total 147456K, used 147448K [0x00000000e0000000, 0x00000000ed180000, 0x0000000100000000)
  eden space 109056K, 100% used [0x00000000e0000000,0x00000000e6a80000,0x00000000e6a80000)
  from space 38400K, 99% used [0x00000000e6a80000,0x00000000e8ffe3e0,0x00000000e9000000)
  to   space 44544K, 0% used [0x00000000ea600000,0x00000000ea600000,0x00000000ed180000)
 ParOldGen       total 112128K, used 57794K [0x00000000a0000000, 0x00000000a6d80000, 0x00000000e0000000)
  object space 112128K, 51% used [0x00000000a0000000,0x00000000a38709c0,0x00000000a6d80000)
 Metaspace       used 57548K, capacity 58608K, committed 59048K, reserved 1101824K
  class space    used 6700K, capacity 6983K, committed 7088K, reserved 1048576K
Event: 1644.394 GC heap after
Heap after GC invocations=16 (full 2):
 PSYoungGen      total 166400K, used 37136K [0x00000000e0000000, 0x00000000ee580000, 0x0000000100000000)
  eden space 121856K, 0% used [0x00000000e0000000,0x00000000e0000000,0x00000000e7700000)
  from space 44544K, 83% used [0x00000000ea600000,0x00000000eca44290,0x00000000ed180000)
  to   space 48128K, 0% used [0x00000000e7700000,0x00000000e7700000,0x00000000ea600000)
 ParOldGen       total 112128K, used 71458K [0x00000000a0000000, 0x00000000a6d80000, 0x00000000e0000000)
  object space 112128K, 63% used [0x00000000a0000000,0x00000000a45c89e8,0x00000000a6d80000)
 Metaspace       used 57548K, capacity 58608K, committed 59048K, reserved 1101824K
  class space    used 6700K, capacity 6983K, committed 7088K, reserved 1048576K
}
Event: 2878.397 GC heap before
{Heap before GC invocations=17 (full 2):
 PSYoungGen      total 166400K, used 74521K [0x00000000e0000000, 0x00000000ee580000, 0x0000000100000000)
  eden space 121856K, 30% used [0x00000000e0000000,0x00000000e2482490,0x00000000e7700000)
  from space 44544K, 83% used [0x00000000ea600000,0x00000000eca44290,0x00000000ed180000)
  to   space 48128K, 0% used [0x00000000e7700000,0x00000000e7700000,0x00000000ea600000)
 ParOldGen       total 112128K, used 71458K [0x00000000a0000000, 0x00000000a6d80000, 0x00000000e0000000)
  object space 112128K, 63% used [0x00000000a0000000,0x00000000a45c89e8,0x00000000a6d80000)
 Metaspace       used 57907K, capacity 58970K, committed 59160K, reserved 1101824K
  class space    used 6727K, capacity 7058K, committed 7088K, reserved 1048576K
Event: 2878.430 GC heap after
Heap after GC invocations=17 (full 2):
 PSYoungGen      total 169984K, used 6847K [0x00000000e0000000, 0x00000000ef000000, 0x0000000100000000)
  eden space 121856K, 0% used [0x00000000e0000000,0x00000000e0000000,0x00000000e7700000)
  from space 48128K, 14% used [0x00000000e7700000,0x00000000e7dafe88,0x00000000ea600000)
  to   space 48128K, 0% used [0x00000000ec100000,0x00000000ec100000,0x00000000ef000000)
 ParOldGen       total 112128K, used 71466K [0x00000000a0000000, 0x00000000a6d80000, 0x00000000e0000000)
  object space 112128K, 63% used [0x00000000a0000000,0x00000000a45ca9e8,0x00000000a6d80000)
 Metaspace       used 57907K, capacity 58970K, committed 59160K, reserved 1101824K
  class space    used 6727K, capacity 7058K, committed 7088K, reserved 1048576K
}
Event: 2878.430 GC heap before
{Heap before GC invocations=18 (full 3):
 PSYoungGen      total 169984K, used 6847K [0x00000000e0000000, 0x00000000ef000000, 0x0000000100000000)
  eden space 121856K, 0% used [0x00000000e0000000,0x00000000e0000000,0x00000000e7700000)
  from space 48128K, 14% used [0x00000000e7700000,0x00000000e7dafe88,0x00000000ea600000)
  to   space 48128K, 0% used [0x00000000ec100000,0x00000000ec100000,0x00000000ef000000)
 ParOldGen       total 112128K, used 71466K [0x00000000a0000000, 0x00000000a6d80000, 0x00000000e0000000)
  object space 112128K, 63% used [0x00000000a0000000,0x00000000a45ca9e8,0x00000000a6d80000)
 Metaspace       used 57907K, capacity 58970K, committed 59160K, reserved 1101824K
  class space    used 6727K, capacity 7058K, committed 7088K, reserved 1048576K
Event: 2878.937 GC heap after
Heap after GC invocations=18 (full 3):
 PSYoungGen      total 169984K, used 0K [0x00000000e0000000, 0x00000000ef000000, 0x0000000100000000)
  eden space 121856K, 0% used [0x00000000e0000000,0x00000000e0000000,0x00000000e7700000)
  from space 48128K, 0% used [0x00000000e7700000,0x00000000e7700000,0x00000000ea600000)
  to   space 48128K, 0% used [0x00000000ec100000,0x00000000ec100000,0x00000000ef000000)
 ParOldGen       total 146432K, used 25612K [0x00000000a0000000, 0x00000000a8f00000, 0x00000000e0000000)
  object space 146432K, 17% used [0x00000000a0000000,0x00000000a1903198,0x00000000a8f00000)
 Metaspace       used 56713K, capacity 57694K, committed 59160K, reserved 1101824K
  class space    used 6558K, capacity 6828K, committed 7088K, reserved 1048576K
}
Event: 2881.099 GC heap before
{Heap before GC invocations=19 (full 3):
 PSYoungGen      total 169984K, used 121856K [0x00000000e0000000, 0x00000000ef000000, 0x0000000100000000)
  eden space 121856K, 100% used [0x00000000e0000000,0x00000000e7700000,0x00000000e7700000)
  from space 48128K, 0% used [0x00000000e7700000,0x00000000e7700000,0x00000000ea600000)
  to   space 48128K, 0% used [0x00000000ec100000,0x00000000ec100000,0x00000000ef000000)
 ParOldGen       total 146432K, used 25612K [0x00000000a0000000, 0x00000000a8f00000, 0x00000000e0000000)
  object space 146432K, 17% used [0x00000000a0000000,0x00000000a1903198,0x00000000a8f00000)
 Metaspace       used 58260K, capacity 59322K, committed 59672K, reserved 1101824K
  class space    used 6725K, capacity 7000K, committed 7088K, reserved 1048576K
Event: 2881.125 GC heap after
Heap after GC invocations=19 (full 3):
 PSYoungGen      total 199680K, used 21536K [0x00000000e0000000, 0x00000000ef180000, 0x0000000100000000)
  eden space 151552K, 0% used [0x00000000e0000000,0x00000000e0000000,0x00000000e9400000)
  from space 48128K, 44% used [0x00000000ec100000,0x00000000ed608028,0x00000000ef000000)
  to   space 46080K, 0% used [0x00000000e9400000,0x00000000e9400000,0x00000000ec100000)
 ParOldGen       total 146432K, used 25620K [0x00000000a0000000, 0x00000000a8f00000, 0x00000000e0000000)
  object space 146432K, 17% used [0x00000000a0000000,0x00000000a1905198,0x00000000a8f00000)
 Metaspace       used 58260K, capacity 59322K, committed 59672K, reserved 1101824K
  class space    used 6725K, capacity 7000K, committed 7088K, reserved 1048576K
}
Event: 3192.597 GC heap before
{Heap before GC invocations=20 (full 3):
 PSYoungGen      total 199680K, used 173088K [0x00000000e0000000, 0x00000000ef180000, 0x0000000100000000)
  eden space 151552K, 100% used [0x00000000e0000000,0x00000000e9400000,0x00000000e9400000)
  from space 48128K, 44% used [0x00000000ec100000,0x00000000ed608028,0x00000000ef000000)
  to   space 46080K, 0% used [0x00000000e9400000,0x00000000e9400000,0x00000000ec100000)
 ParOldGen       total 146432K, used 25620K [0x00000000a0000000, 0x00000000a8f00000, 0x00000000e0000000)
  object space 146432K, 17% used [0x00000000a0000000,0x00000000a1905198,0x00000000a8f00000)
 Metaspace       used 59168K, capacity 60306K, committed 60712K, reserved 1103872K
  class space    used 6793K, capacity 7082K, committed 7216K, reserved 1048576K
Event: 3192.704 GC heap after
Heap after GC invocations=20 (full 3):
 PSYoungGen      total 197632K, used 42232K [0x00000000e0000000, 0x00000000f0f00000, 0x0000000100000000)
  eden space 151552K, 0% used [0x00000000e0000000,0x00000000e0000000,0x00000000e9400000)
  from space 46080K, 91% used [0x00000000e9400000,0x00000000ebd3e0f0,0x00000000ec100000)
  to   space 51200K, 0% used [0x00000000edd00000,0x00000000edd00000,0x00000000f0f00000)
 ParOldGen       total 146432K, used 25628K [0x00000000a0000000, 0x00000000a8f00000, 0x00000000e0000000)
  object space 146432K, 17% used [0x00000000a0000000,0x00000000a1907198,0x00000000a8f00000)
 Metaspace       used 59168K, capacity 60306K, committed 60712K, reserved 1103872K
  class space    used 6793K, capacity 7082K, committed 7216K, reserved 1048576K
}

