# JRE version: OpenJDK Runtime Environment (8.0_152-b06) (build 1.8.0_152-release-1136-b06)
# Java VM: OpenJDK 64-Bit Server VM (25.152-b06 mixed mode windows-amd64 compressed oops)
Heap:
 PSYoungGen      total 467456K, used 124651K [0x00000000e0000000, 0x00000000ffe00000, 0x0000000100000000)
  eden space 417280K, 28% used [0x00000000e0000000,0x00000000e739e560,0x00000000f9780000)
  from space 50176K, 12% used [0x00000000fc780000,0x00000000fcd9c960,0x00000000ff880000)
  to   space 49152K, 0% used [0x00000000f9780000,0x00000000f9780000,0x00000000fc780000)
 ParOldGen       total 195584K, used 65853K [0x00000000a0000000, 0x00000000abf00000, 0x00000000e0000000)
  object space 195584K, 33% used [0x00000000a0000000,0x00000000a404f478,0x00000000abf00000)
 Metaspace       used 107373K, capacity 114406K, committed 115032K, reserved 1148928K
  class space    used 13470K, capacity 14829K, committed 14976K, reserved 1048576K
GC Heap History (10 events):
Event: 5251.435 GC heap before
{Heap before GC invocations=47 (full 4):
 PSYoungGen      total 458752K, used 423248K [0x00000000e0000000, 0x00000000ff980000, 0x0000000100000000)
  eden space 407040K, 100% used [0x00000000e0000000,0x00000000f8d80000,0x00000000f8d80000)
  from space 51712K, 31% used [0x00000000fc700000,0x00000000fd6d4170,0x00000000ff980000)
  to   space 55296K, 0% used [0x00000000f8d80000,0x00000000f8d80000,0x00000000fc380000)
 ParOldGen       total 195584K, used 108045K [0x00000000a0000000, 0x00000000abf00000, 0x00000000e0000000)
  object space 195584K, 55% used [0x00000000a0000000,0x00000000a6983488,0x00000000abf00000)
 Metaspace       used 107402K, capacity 114810K, committed 115032K, reserved 1148928K
  class space    used 13519K, capacity 14949K, committed 14976K, reserved 1048576K
Event: 5251.456 GC heap after
Heap after GC invocations=47 (full 4):
 PSYoungGen      total 462336K, used 16450K [0x00000000e0000000, 0x00000000ffe80000, 0x0000000100000000)
  eden space 407040K, 0% used [0x00000000e0000000,0x00000000e0000000,0x00000000f8d80000)
  from space 55296K, 29% used [0x00000000f8d80000,0x00000000f9d90b90,0x00000000fc380000)
  to   space 52736K, 0% used [0x00000000fcb00000,0x00000000fcb00000,0x00000000ffe80000)
 ParOldGen       total 195584K, used 108053K [0x00000000a0000000, 0x00000000abf00000, 0x00000000e0000000)
  object space 195584K, 55% used [0x00000000a0000000,0x00000000a6985488,0x00000000abf00000)
 Metaspace       used 107402K, capacity 114810K, committed 115032K, reserved 1148928K
  class space    used 13519K, capacity 14949K, committed 14976K, reserved 1048576K
}
Event: 5262.428 GC heap before
{Heap before GC invocations=48 (full 4):
 PSYoungGen      total 462336K, used 422603K [0x00000000e0000000, 0x00000000ffe80000, 0x0000000100000000)
  eden space 407040K, 99% used [0x00000000e0000000,0x00000000f8ca2198,0x00000000f8d80000)
  from space 55296K, 29% used [0x00000000f8d80000,0x00000000f9d90b90,0x00000000fc380000)
  to   space 52736K, 0% used [0x00000000fcb00000,0x00000000fcb00000,0x00000000ffe80000)
 ParOldGen       total 195584K, used 108053K [0x00000000a0000000, 0x00000000abf00000, 0x00000000e0000000)
  object space 195584K, 55% used [0x00000000a0000000,0x00000000a6985488,0x00000000abf00000)
 Metaspace       used 107435K, capacity 114810K, committed 115032K, reserved 1148928K
  class space    used 13520K, capacity 14949K, committed 14976K, reserved 1048576K
Event: 5262.445 GC heap after
Heap after GC invocations=48 (full 4):
 PSYoungGen      total 462848K, used 18718K [0x00000000e0000000, 0x00000000ff880000, 0x0000000100000000)
  eden space 416256K, 0% used [0x00000000e0000000,0x00000000e0000000,0x00000000f9680000)
  from space 46592K, 40% used [0x00000000fcb00000,0x00000000fdd47ae0,0x00000000ff880000)
  to   space 50176K, 0% used [0x00000000f9680000,0x00000000f9680000,0x00000000fc780000)
 ParOldGen       total 195584K, used 108061K [0x00000000a0000000, 0x00000000abf00000, 0x00000000e0000000)
  object space 195584K, 55% used [0x00000000a0000000,0x00000000a6987488,0x00000000abf00000)
 Metaspace       used 107435K, capacity 114810K, committed 115032K, reserved 1148928K
  class space    used 13520K, capacity 14949K, committed 14976K, reserved 1048576K
}
Event: 5271.185 GC heap before
{Heap before GC invocations=49 (full 4):
 PSYoungGen      total 462848K, used 59272K [0x00000000e0000000, 0x00000000ff880000, 0x0000000100000000)
  eden space 416256K, 9% used [0x00000000e0000000,0x00000000e279a870,0x00000000f9680000)
  from space 46592K, 40% used [0x00000000fcb00000,0x00000000fdd47ae0,0x00000000ff880000)
  to   space 50176K, 0% used [0x00000000f9680000,0x00000000f9680000,0x00000000fc780000)
 ParOldGen       total 195584K, used 108061K [0x00000000a0000000, 0x00000000abf00000, 0x00000000e0000000)
  object space 195584K, 55% used [0x00000000a0000000,0x00000000a6987488,0x00000000abf00000)
 Metaspace       used 107436K, capacity 114810K, committed 115032K, reserved 1148928K
  class space    used 13520K, capacity 14949K, committed 14976K, reserved 1048576K
Event: 5271.198 GC heap after
Heap after GC invocations=49 (full 4):
 PSYoungGen      total 466432K, used 3056K [0x00000000e0000000, 0x00000000ff880000, 0x0000000100000000)
  eden space 416256K, 0% used [0x00000000e0000000,0x00000000e0000000,0x00000000f9680000)
  from space 50176K, 6% used [0x00000000f9680000,0x00000000f997c040,0x00000000fc780000)
  to   space 50176K, 0% used [0x00000000fc780000,0x00000000fc780000,0x00000000ff880000)
 ParOldGen       total 195584K, used 108069K [0x00000000a0000000, 0x00000000abf00000, 0x00000000e0000000)
  object space 195584K, 55% used [0x00000000a0000000,0x00000000a6989488,0x00000000abf00000)
 Metaspace       used 107436K, capacity 114810K, committed 115032K, reserved 1148928K
  class space    used 13520K, capacity 14949K, committed 14976K, reserved 1048576K
}
Event: 5271.199 GC heap before
{Heap before GC invocations=50 (full 5):
 PSYoungGen      total 466432K, used 3056K [0x00000000e0000000, 0x00000000ff880000, 0x0000000100000000)
  eden space 416256K, 0% used [0x00000000e0000000,0x00000000e0000000,0x00000000f9680000)
  from space 50176K, 6% used [0x00000000f9680000,0x00000000f997c040,0x00000000fc780000)
  to   space 50176K, 0% used [0x00000000fc780000,0x00000000fc780000,0x00000000ff880000)
 ParOldGen       total 195584K, used 108069K [0x00000000a0000000, 0x00000000abf00000, 0x00000000e0000000)
  object space 195584K, 55% used [0x00000000a0000000,0x00000000a6989488,0x00000000abf00000)
 Metaspace       used 107436K, capacity 114810K, committed 115032K, reserved 1148928K
  class space    used 13520K, capacity 14949K, committed 14976K, reserved 1048576K
Event: 5271.993 GC heap after
Heap after GC invocations=50 (full 5):
 PSYoungGen      total 466432K, used 0K [0x00000000e0000000, 0x00000000ff880000, 0x0000000100000000)
  eden space 416256K, 0% used [0x00000000e0000000,0x00000000e0000000,0x00000000f9680000)
  from space 50176K, 0% used [0x00000000f9680000,0x00000000f9680000,0x00000000fc780000)
  to   space 50176K, 0% used [0x00000000fc780000,0x00000000fc780000,0x00000000ff880000)
 ParOldGen       total 195584K, used 65845K [0x00000000a0000000, 0x00000000abf00000, 0x00000000e0000000)
  object space 195584K, 33% used [0x00000000a0000000,0x00000000a404d478,0x00000000abf00000)
 Metaspace       used 106980K, capacity 113706K, committed 115032K, reserved 1148928K
  class space    used 13419K, capacity 14735K, committed 14976K, reserved 1048576K
}
Event: 5513.728 GC heap before
{Heap before GC invocations=51 (full 5):
 PSYoungGen      total 466432K, used 416256K [0x00000000e0000000, 0x00000000ff880000, 0x0000000100000000)
  eden space 416256K, 100% used [0x00000000e0000000,0x00000000f9680000,0x00000000f9680000)
  from space 50176K, 0% used [0x00000000f9680000,0x00000000f9680000,0x00000000fc780000)
  to   space 50176K, 0% used [0x00000000fc780000,0x00000000fc780000,0x00000000ff880000)
 ParOldGen       total 195584K, used 65845K [0x00000000a0000000, 0x00000000abf00000, 0x00000000e0000000)
  object space 195584K, 33% used [0x00000000a0000000,0x00000000a404d478,0x00000000abf00000)
 Metaspace       used 107342K, capacity 114342K, committed 115032K, reserved 1148928K
  class space    used 13470K, capacity 14829K, committed 14976K, reserved 1048576K
Event: 5513.758 GC heap after
Heap after GC invocations=51 (full 5):
 PSYoungGen      total 467456K, used 6258K [0x00000000e0000000, 0x00000000ffe00000, 0x0000000100000000)
  eden space 417280K, 0% used [0x00000000e0000000,0x00000000e0000000,0x00000000f9780000)
  from space 50176K, 12% used [0x00000000fc780000,0x00000000fcd9c960,0x00000000ff880000)
  to   space 49152K, 0% used [0x00000000f9780000,0x00000000f9780000,0x00000000fc780000)
 ParOldGen       total 195584K, used 65853K [0x00000000a0000000, 0x00000000abf00000, 0x00000000e0000000)
  object space 195584K, 33% used [0x00000000a0000000,0x00000000a404f478,0x00000000abf00000)
 Metaspace       used 107342K, capacity 114342K, committed 115032K, reserved 1148928K
  class space    used 13470K, capacity 14829K, committed 14976K, reserved 1048576K
}

