Heap:
 PSYoungGen      total 107520K, used 62067K [0x00000000e0000000, 0x00000000e8c80000, 0x0000000100000000)
  eden space 84480K, 46% used [0x00000000e0000000,0x00000000e2622b80,0x00000000e5280000)
  from space 23040K, 99% used [0x00000000e7600000,0x00000000e8c7a0e8,0x00000000e8c80000)
  to   space 27648K, 0% used [0x00000000e5680000,0x00000000e5680000,0x00000000e7180000)
 ParOldGen       total 116736K, used 28136K [0x00000000a0000000, 0x00000000a7200000, 0x00000000e0000000)
  object space 116736K, 24% used [0x00000000a0000000,0x00000000a1b7a270,0x00000000a7200000)
 Metaspace       used 56355K, capacity 57404K, committed 57856K, reserved 1099776K
  class space    used 6884K, capacity 7145K, committed 7168K, reserved 1048576K
GC Heap History (10 events):
Event: 8.332 GC heap before
{Heap before GC invocations=9 (full 3):
 PSYoungGen      total 56320K, used 480K [0x00000000e0000000, 0x00000000e7080000, 0x0000000100000000)
  eden space 55808K, 0% used [0x00000000e0000000,0x00000000e0000000,0x00000000e3680000)
  from space 512K, 93% used [0x00000000e4500000,0x00000000e4578020,0x00000000e4580000)
  to   space 14848K, 0% used [0x00000000e3680000,0x00000000e3680000,0x00000000e4500000)
 ParOldGen       total 71168K, used 30449K [0x00000000a0000000, 0x00000000a4580000, 0x00000000e0000000)
  object space 71168K, 42% used [0x00000000a0000000,0x00000000a1dbc600,0x00000000a4580000)
 Metaspace       used 34541K, capacity 35051K, committed 35496K, reserved 1081344K
  class space    used 4338K, capacity 4486K, committed 4608K, reserved 1048576K
Event: 8.474 GC heap after
Heap after GC invocations=9 (full 3):
 PSYoungGen      total 56320K, used 0K [0x00000000e0000000, 0x00000000e7080000, 0x0000000100000000)
  eden space 55808K, 0% used [0x00000000e0000000,0x00000000e0000000,0x00000000e3680000)
  from space 512K, 0% used [0x00000000e4500000,0x00000000e4500000,0x00000000e4580000)
  to   space 14848K, 0% used [0x00000000e3680000,0x00000000e3680000,0x00000000e4500000)
 ParOldGen       total 116736K, used 16568K [0x00000000a0000000, 0x00000000a7200000, 0x00000000e0000000)
  object space 116736K, 14% used [0x00000000a0000000,0x00000000a102e358,0x00000000a7200000)
 Metaspace       used 34541K, capacity 35051K, committed 35496K, reserved 1081344K
  class space    used 4338K, capacity 4486K, committed 4608K, reserved 1048576K
}
Event: 9.841 GC heap before
{Heap before GC invocations=10 (full 3):
 PSYoungGen      total 56320K, used 55808K [0x00000000e0000000, 0x00000000e7080000, 0x0000000100000000)
  eden space 55808K, 100% used [0x00000000e0000000,0x00000000e3680000,0x00000000e3680000)
  from space 512K, 0% used [0x00000000e4500000,0x00000000e4500000,0x00000000e4580000)
  to   space 14848K, 0% used [0x00000000e3680000,0x00000000e3680000,0x00000000e4500000)
 ParOldGen       total 116736K, used 16568K [0x00000000a0000000, 0x00000000a7200000, 0x00000000e0000000)
  object space 116736K, 14% used [0x00000000a0000000,0x00000000a102e358,0x00000000a7200000)
 Metaspace       used 39809K, capacity 40494K, committed 41088K, reserved 1085440K
  class space    used 4963K, capacity 5128K, committed 5248K, reserved 1048576K
Event: 9.854 GC heap after
Heap after GC invocations=10 (full 3):
 PSYoungGen      total 70656K, used 11862K [0x00000000e0000000, 0x00000000e6600000, 0x0000000100000000)
  eden space 55808K, 0% used [0x00000000e0000000,0x00000000e0000000,0x00000000e3680000)
  from space 14848K, 79% used [0x00000000e3680000,0x00000000e4215990,0x00000000e4500000)
  to   space 15872K, 0% used [0x00000000e5680000,0x00000000e5680000,0x00000000e6600000)
 ParOldGen       total 116736K, used 16576K [0x00000000a0000000, 0x00000000a7200000, 0x00000000e0000000)
  object space 116736K, 14% used [0x00000000a0000000,0x00000000a1030358,0x00000000a7200000)
 Metaspace       used 39809K, capacity 40494K, committed 41088K, reserved 1085440K
  class space    used 4963K, capacity 5128K, committed 5248K, reserved 1048576K
}
Event: 10.965 GC heap before
{Heap before GC invocations=11 (full 3):
 PSYoungGen      total 70656K, used 67670K [0x00000000e0000000, 0x00000000e6600000, 0x0000000100000000)
  eden space 55808K, 100% used [0x00000000e0000000,0x00000000e3680000,0x00000000e3680000)
  from space 14848K, 79% used [0x00000000e3680000,0x00000000e4215990,0x00000000e4500000)
  to   space 15872K, 0% used [0x00000000e5680000,0x00000000e5680000,0x00000000e6600000)
 ParOldGen       total 116736K, used 16576K [0x00000000a0000000, 0x00000000a7200000, 0x00000000e0000000)
  object space 116736K, 14% used [0x00000000a0000000,0x00000000a1030358,0x00000000a7200000)
 Metaspace       used 43041K, capacity 43774K, committed 44160K, reserved 1087488K
  class space    used 5290K, capacity 5480K, committed 5504K, reserved 1048576K
Event: 11.010 GC heap after
Heap after GC invocations=11 (full 3):
 PSYoungGen      total 87040K, used 14925K [0x00000000e0000000, 0x00000000e6d00000, 0x0000000100000000)
  eden space 71168K, 0% used [0x00000000e0000000,0x00000000e0000000,0x00000000e4580000)
  from space 15872K, 94% used [0x00000000e5680000,0x00000000e6513588,0x00000000e6600000)
  to   space 17408K, 0% used [0x00000000e4580000,0x00000000e4580000,0x00000000e5680000)
 ParOldGen       total 116736K, used 16584K [0x00000000a0000000, 0x00000000a7200000, 0x00000000e0000000)
  object space 116736K, 14% used [0x00000000a0000000,0x00000000a1032358,0x00000000a7200000)
 Metaspace       used 43041K, capacity 43774K, committed 44160K, reserved 1087488K
  class space    used 5290K, capacity 5480K, committed 5504K, reserved 1048576K
}
Event: 12.687 GC heap before
{Heap before GC invocations=12 (full 3):
 PSYoungGen      total 87040K, used 86093K [0x00000000e0000000, 0x00000000e6d00000, 0x0000000100000000)
  eden space 71168K, 100% used [0x00000000e0000000,0x00000000e4580000,0x00000000e4580000)
  from space 15872K, 94% used [0x00000000e5680000,0x00000000e6513588,0x00000000e6600000)
  to   space 17408K, 0% used [0x00000000e4580000,0x00000000e4580000,0x00000000e5680000)
 ParOldGen       total 116736K, used 16584K [0x00000000a0000000, 0x00000000a7200000, 0x00000000e0000000)
  object space 116736K, 14% used [0x00000000a0000000,0x00000000a1032358,0x00000000a7200000)
 Metaspace       used 49023K, capacity 49904K, committed 50432K, reserved 1093632K
  class space    used 6132K, capacity 6383K, committed 6400K, reserved 1048576K
Event: 12.721 GC heap after
Heap after GC invocations=12 (full 3):
 PSYoungGen      total 88576K, used 17393K [0x00000000e0000000, 0x00000000e8c80000, 0x0000000100000000)
  eden space 71168K, 0% used [0x00000000e0000000,0x00000000e0000000,0x00000000e4580000)
  from space 17408K, 99% used [0x00000000e4580000,0x00000000e567c540,0x00000000e5680000)
  to   space 23040K, 0% used [0x00000000e7600000,0x00000000e7600000,0x00000000e8c80000)
 ParOldGen       total 116736K, used 25034K [0x00000000a0000000, 0x00000000a7200000, 0x00000000e0000000)
  object space 116736K, 21% used [0x00000000a0000000,0x00000000a1872af0,0x00000000a7200000)
 Metaspace       used 49023K, capacity 49904K, committed 50432K, reserved 1093632K
  class space    used 6132K, capacity 6383K, committed 6400K, reserved 1048576K
}
Event: 2052.185 GC heap before
{Heap before GC invocations=13 (full 3):
 PSYoungGen      total 88576K, used 88561K [0x00000000e0000000, 0x00000000e8c80000, 0x0000000100000000)
  eden space 71168K, 100% used [0x00000000e0000000,0x00000000e4580000,0x00000000e4580000)
  from space 17408K, 99% used [0x00000000e4580000,0x00000000e567c540,0x00000000e5680000)
  to   space 23040K, 0% used [0x00000000e7600000,0x00000000e7600000,0x00000000e8c80000)
 ParOldGen       total 116736K, used 25034K [0x00000000a0000000, 0x00000000a7200000, 0x00000000e0000000)
  object space 116736K, 21% used [0x00000000a0000000,0x00000000a1872af0,0x00000000a7200000)
 Metaspace       used 56090K, capacity 57176K, committed 57600K, reserved 1099776K
  class space    used 6869K, capacity 7139K, committed 7168K, reserved 1048576K
Event: 2052.344 GC heap after
Heap after GC invocations=13 (full 3):
 PSYoungGen      total 107520K, used 23016K [0x00000000e0000000, 0x00000000e8c80000, 0x0000000100000000)
  eden space 84480K, 0% used [0x00000000e0000000,0x00000000e0000000,0x00000000e5280000)
  from space 23040K, 99% used [0x00000000e7600000,0x00000000e8c7a0e8,0x00000000e8c80000)
  to   space 27648K, 0% used [0x00000000e5680000,0x00000000e5680000,0x00000000e7180000)
 ParOldGen       total 116736K, used 28136K [0x00000000a0000000, 0x00000000a7200000, 0x00000000e0000000)
  object space 116736K, 24% used [0x00000000a0000000,0x00000000a1b7a270,0x00000000a7200000)
 Metaspace       used 56090K, capacity 57176K, committed 57600K, reserved 1099776K
  class space    used 6869K, capacity 7139K, committed 7168K, reserved 1048576K
}

